MPASM 5.55  /HOME/LUIS/PROJETOS/MICRO/3-TRAB   5-15-2014  21:49:26         PAGE  1


LOC  OBJECT CODE     LINE SOURCE TEXT
  VALUE

                      00001 ;
                      00002 ;* Copyright 2014 Luís Puhl <luispuhl@gmail.com>
                      00003 ;*
                      00004 ;* Redistribution and use in source and binary forms, with or without
                      00005 ;* modification, are permitted provided that the following conditions are
                      00006 ;* met:
                      00007 ;*
                      00008 ;* * Redistributions of source code must retain the above copyright
                      00009 ;*   notice, this list of conditions and the following disclaimer.
                      00010 ;* * Redistributions in binary form must reproduce the above
                      00011 ;*   copyright notice, this list of conditions and the following disclaimer
                      00012 ;*   in the documentation and/or other materials provided with the
                      00013 ;*   distribution.
                      00014 ;* * Neither the name of the  nor the names of its
                      00015 ;*   contributors may be used to endorse or promote products derived from
                      00016 ;*   this software without specific prior written permission.
                      00017 ;*
                      00018 ;* THIS SOFTWARE IS PROVIDED BY THE COPYRIGHT HOLDERS AND CONTRIBUTORS
                      00019 ;* "AS IS" AND ANY EXPRESS OR IMPLIED WARRANTIES, INCLUDING, BUT NOT
                      00020 ;* LIMITED TO, THE IMPLIED WARRANTIES OF MERCHANTABILITY AND FITNESS FOR
                      00021 ;* A PARTICULAR PURPOSE ARE DISCLAIMED. IN NO EVENT SHALL THE COPYRIGHT
                      00022 ;* OWNER OR CONTRIBUTORS BE LIABLE FOR ANY DIRECT, INDIRECT, INCIDENTAL,
                      00023 ;* SPECIAL, EXEMPLARY, OR CONSEQUENTIAL DAMAGES (INCLUDING, BUT NOT
                      00024 ;* LIMITED TO, PROCUREMENT OF SUBSTITUTE GOODS OR SERVICES; LOSS OF USE,
                      00025 ;* DATA, OR PROFITS; OR BUSINESS INTERRUPTION) HOWEVER CAUSED AND ON ANY
                      00026 ;* THEORY OF LIABILITY, WHETHER IN CONTRACT, STRICT LIABILITY, OR TORT
                      00027 ;* (INCLUDING NEGLIGENCE OR OTHERWISE) ARISING IN ANY WAY OUT OF THE USE
                      00028 ;* OF THIS SOFTWARE, EVEN IF ADVISED OF THE POSSIBILITY OF SUCH DAMAGE.
                      00029 ;*
                      00030 ;*******************************************************************************
                      00031 ;                                                                                                       
                                                                              *
                      00032 ;       Filename: 3-trabalho-1.asm                                                                      
                                                    *
                      00033 ;       Date: 13/05/2014                                                                                
                                                              *
                      00034 ;       File Version: 1                                                                                 
                                                       *
                      00035 ;       Author:  Luís Puhl                                                                             
                                                            *
                      00036 ;       Company: UNESP                                                                                  
                                                            *
                      00037 ;       Description: trabalho 1 microcontroladores 2014                                            *
                      00038 ;                                                                                                       
                                                                              *
                      00039 ;*******************************************************************************
                      00040 ;                                                                                                       
                                                                              *
                      00041 ;       Notes: In the MPLAB X Help, refer to the MPASM Assembler documentation  *
                      00042 ;       for information on assembly instructions.                                                       
                                     *
                      00043 ;                                                                                                       
                                                                              *
MPASM 5.55  /HOME/LUIS/PROJETOS/MICRO/3-TRAB   5-15-2014  21:49:26         PAGE  2


LOC  OBJECT CODE     LINE SOURCE TEXT
  VALUE

                      00044 ;*******************************************************************************
                      00045 ;                                                                                                       
                                                                              *
                      00046 ;       Known Issues: This template is designed for relocatable code.  As such,   *
                      00047 ;       build errors such as "Directive only allowed when generating an object  *
                      00048 ;       file" will result when the 'Build in Absolute Mode' checkbox is selected  *
                      00049 ;       in the project properties.  Designing code in absolute mode is                  *
                      00050 ;       antiquated - use relocatable mode.                                                              
                                            *
                      00051 ;                                                                                                       
                                                                              *
                      00052 ;*******************************************************************************
                      00053 ;                                                                                                       
                                                                              *
                      00054 ;       Revision History:                                                                               
                                                             *
                      00055 ;                                                                                                       
                                                                              *
                      00056 ;*******************************************************************************
                      00057 
                      00058 
                      00059 
                      00060 ;*******************************************************************************
                      00061 ; Processor Inclusion
                      00062 ;
                      00063 ; TODO Step #1 Open the task list under Window > Tasks.  Include your
                      00064 ; device .inc file - e.g. #include <device_name>.inc.  Available
                      00065 ; include files are in C:\Program Files\Microchip\MPLABX\mpasmx
                      00066 ; assuming the default installation path for MPLAB X.  You may manually find
                      00067 ; the appropriate include file for your device here and include it, or
                      00068 ; simply copy the include generated by the configuration bits
                      00069 ; generator (see Step #2).
                      00070 ;
                      00071 ;*******************************************************************************
                      00072 
                      00073 ; TODO INSERT INCLUDE CODE HERE
                      00074 #include<p16f873.inc> ; define o pic a utilizar
                      00001         LIST
                      00002 
                      00003 ;==========================================================================
                      00004 ;  MPASM PIC16F873 processor include
                      00005 ; 
                      00006 ;  (c) Copyright 1999-2014 Microchip Technology, All rights reserved
                      00007 ;==========================================================================
                      00008 
Message[301]: MESSAGE: (Processor-header file mismatch.  Verify selected processor.)
                      00500         LIST
                      00075 
                      00076 ;*******************************************************************************
                      00077 ;
                      00078 ; TODO Step #2 - Configuration Word Setup
                      00079 ;
                      00080 ; The 'CONFIG' directive is used to embed the configuration word within the
MPASM 5.55  /HOME/LUIS/PROJETOS/MICRO/3-TRAB   5-15-2014  21:49:26         PAGE  3


LOC  OBJECT CODE     LINE SOURCE TEXT
  VALUE

                      00081 ; .asm file. MPLAB X requires users to embed their configuration words
                      00082 ; into source code.  See the device datasheet for additional information
                      00083 ; on configuration word settings.  Device configuration bits descriptions
                      00084 ; are in C:\Program Files\Microchip\MPLABX\mpasmx\P<device_name>.inc
                      00085 ; (may change depending on your MPLAB X installation directory).
                      00086 ;
                      00087 ; MPLAB X has a feature which generates configuration bits source code.  Go to
                      00088 ; Window > PIC Memory Views > Configuration Bits.  Configure each field as
                      00089 ; needed and select 'Generate Source Code to Output'.  The resulting code which
                      00090 ; appears in the 'Output Window' > 'Config Bits Source' tab may be copied
                      00091 ; below.
                      00092 ;
                      00093 ;*******************************************************************************
                      00094 
                      00095 ; TODO INSERT CONFIG HERE
2007   3D39           00096         __config _XT_OSC & _WDT_OFF & _PWRTE_OFF & _CP_OFF & _BOREN_OFF & _LVP_OFF & _CPD_OFF & _DEBUG_O
                            FF & _WRT_OFF
                      00097 ;Set oscillator to XT,
                      00098 ;watchdog time off,
                      00099 ;low-voltage prog. off
                      00100 
                      00101 ;*******************************************************************************
                      00102 ;
                      00103 ; TODO Step #3 - Variable Definitions
                      00104 ;
                      00105 ; Refer to datasheet for available data memory (RAM) organization assuming
                      00106 ; relocatible code organization (which is an option in project
                      00107 ; properties > mpasm (Global Options)).  Absolute mode generally should
                      00108 ; be used sparingly.
                      00109 ;
                      00110 ; Example of using GPR Uninitialized Data
                      00111 ;
                      00112 ;   GPR_VAR             UDATA
                      00113 ;   MYVAR1               RES            1         ; User variable linker places
                      00114 ;   MYVAR2               RES            1         ; User variable linker places
                      00115 ;   MYVAR3               RES            1         ; User variable linker places
                      00116 ;
                      00117 ;   ; Example of using Access Uninitialized Data Section (when available)
                      00118 ;   ; The variables for the context saving in the device datasheet may need
                      00119 ;   ; memory reserved here.
                      00120 ;   INT_VAR             UDATA_ACS
                      00121 ;   W_TEMP               RES            1         ; w register for context saving (ACCESS)
                      00122 ;   STATUS_TEMP RES             1         ; status used for context saving
                      00123 ;   BSR_TEMP       RES          1         ; bank select used for ISR context saving
                      00124 ;
                      00125 ;*******************************************************************************
                      00126 
                      00127 ; TODO PLACE VARIABLE DEFINITIONS GO HERE
                      00128 ;       CBLOCK 0X20
                      00129 ;               ; variavies
                      00130 ;               byte_enviar_serial              ;0x20
                      00131 ;               byte_recebido_serial    ;0x21
                      00132 ;               ad_h                                    ;0x22
MPASM 5.55  /HOME/LUIS/PROJETOS/MICRO/3-TRAB   5-15-2014  21:49:26         PAGE  4


LOC  OBJECT CODE     LINE SOURCE TEXT
  VALUE

                      00133 ;               ad_l                                    ;0x23
                      00134 ;               temperatura                             ;0x24
                      00135 ;       ENDC
                      00136 
                      00137         ; define os ederecos pelo macro do montador
                      00138         #define byte_enviar_serial              0x20
                      00139         #define byte_recebido_serial    0x21
                      00140         #define ad_h                                    0x22
                      00141         #define ad_l                                    0x23
                      00142         #define temperatura                             0x24
                      00143 
                      00144 ;*******************************************************************************
                      00145 ; Reset Vector
                      00146 ;*******************************************************************************
                      00147 
                      00148 
                      00149 ;RES_VECT  CODE 0x0000                  ; processor reset vector
0000                  00150         ORG 0
0000   2805           00151         GOTO    start                              ; go to beginning of program
                      00152 
                      00153 ;*******************************************************************************
                      00154 ; TODO Step #4 - Interrupt Service Routines
                      00155 ;
                      00156 ; There are a few different ways to structure interrupt routines in the 8
                      00157 ; bit device families.  On PIC18's the high priority and low priority
                      00158 ; interrupts are located at 0x0008 and 0x0018, respectively.  On PIC16's and
                      00159 ; lower the interrupt is at 0x0004.  Between device families there is subtle
                      00160 ; variation in the both the hardware supporting the ISR (for restoring
                      00161 ; interrupt context) as well as the software used to restore the context
                      00162 ; (without corrupting the STATUS bits).
                      00163 ;
                      00164 ; General formats are shown below in relocatible format.
                      00165 ;
                      00166 ;------------------------------PIC16's and below--------------------------------
                      00167 ;
                      00168 ; ISR      CODE 0x0004             ; interrupt vector location
                      00169 ;
                      00170 ;        <Search the device datasheet for 'context' and copy interrupt
                      00171 ;        context saving code here.  Older devices need context saving code,
                      00172 ;        but newer devices like the 16F#### don't need context saving code.>
                      00173 ;
                      00174 ;        RETFIE
                      00175 ;
                      00176 ;----------------------------------PIC18's--------------------------------------
                      00177 ;
                      00178 ; ISRHV  CODE   0x0008
                      00179 ;        GOTO   HIGH_ISR
                      00180 ; ISRLV  CODE   0x0018
                      00181 ;        GOTO   LOW_ISR
                      00182 ;
                      00183 ; ISRH    CODE                                   ; let linker place high ISR routine
                      00184 ; HIGH_ISR
                      00185 ;        <Insert High Priority ISR Here - no SW context saving>
MPASM 5.55  /HOME/LUIS/PROJETOS/MICRO/3-TRAB   5-15-2014  21:49:26         PAGE  5


LOC  OBJECT CODE     LINE SOURCE TEXT
  VALUE

                      00186 ;        RETFIE  FAST
                      00187 ;
                      00188 ; ISRL    CODE                                   ; let linker place low ISR routine
                      00189 ; LOW_ISR
                      00190 ;          <Search the device datasheet for 'context' and copy interrupt
                      00191 ;          context saving code here>
                      00192 ;        RETFIE
                      00193 ;
                      00194 ;*******************************************************************************
                      00195 
                      00196 ; TODO INSERT ISR HERE
0004                  00197         ORG      4
                      00198         ;
0004   0009           00199         RETFIE
                      00200 
                      00201 ;*******************************************************************************
                      00202 ; MAIN PROGRAM
                      00203 ;*******************************************************************************
                      00204 
                      00205 ;MAIN_PROG CODE                                   ; let linker place main program
                      00206 
0005                  00207 start:
0005   203E           00208         CALL    configura_serial
0006   2061           00209         CALL    configura_ad
0007   2083           00210         CALL    configura_led
0008   208C           00211         CALL    liga_led
                      00212 
                      00213 
0009                  00214 espera_pc:
0009   1283           00215         BCF             STATUS, RP0
000A   1303           00216         BCF             STATUS, RP1
000B   30FF           00217         MOVLW   D'255'
000C   00A0           00218         MOVWF   byte_enviar_serial
000D   2056           00219         CALL    escrita_serial
                      00220         ; notifica o inicio
                      00221 
000E   204B           00222         CALL    leitura_serial                  ; executa leitura serial
                      00223 
                      00224 ;#IFDEF DEBUG
000F   0821           00225         MOVF    byte_recebido_serial,   W
0010   00A0           00226         MOVWF   byte_enviar_serial
0011   2056           00227         CALL    escrita_serial
                      00228         ; notifica o que recebeu
                      00229 ;#ENDIF
                      00230 
0012   0821           00231         MOVF    byte_recebido_serial,   W       ;
0013   3C7B           00232         SUBLW   D'123'                                          ; subtrai o valor esperado 123, armazena
                             em f
0014   00A1           00233         MOVWF   byte_recebido_serial
                      00234 
                      00235 ;#IFDEF DEBUG
0015   00A0           00236         MOVWF   byte_enviar_serial
0016   2056           00237         CALL    escrita_serial
MPASM 5.55  /HOME/LUIS/PROJETOS/MICRO/3-TRAB   5-15-2014  21:49:26         PAGE  6


LOC  OBJECT CODE     LINE SOURCE TEXT
  VALUE

                      00238         ; notifica o que recebeu subraido o esperado
                      00239 ;#ENDIF
                      00240 
                      00241 
0017   08A1           00242         MOVF    byte_recebido_serial,   F ; compara com o valor, se 0 entao recebeu 123
0018   1D03           00243         BTFSS   STATUS, Z                               ; byte_recebido == W ?
0019   2809           00244         GOTO    espera_pc                               ; false
                      00245         ;true
                      00246 
                      00247 ;#IFDEF DEBUG
001A   30C8           00248         MOVLW   D'200'                                  ; termino da recepcao serial
001B   00A0           00249         MOVWF   byte_enviar_serial
001C   2056           00250         CALL    escrita_serial
                      00251 ;#ENDIF
001D                  00252 loop_leitura_ad:
001D   206E           00253         CALL    leitura_ad                              ; executa leitura AD
                      00254         ; parte alta
                      00255         ;BANKSEL ad_h
001E   1283           00256         BCF             STATUS,         RP0
001F   1303           00257         BCF             STATUS,         RP1
                      00258 
                      00259 ;#IFDEF DEBUG
0020   3096           00260         MOVLW   D'150'                                  ; termino da leitura ad
0021   00A0           00261         MOVWF   byte_enviar_serial
0022   2056           00262         CALL    escrita_serial
                      00263 ;#ENDIF
                      00264         
0023   0822           00265         MOVF    ad_h,                   W               ; pega parte alta do AD
0024   00A0           00266         MOVWF   byte_enviar_serial              ; prepara envio
0025   2056           00267         CALL    escrita_serial                  ; envia
                      00268         ; parte baixa
0026   0823           00269         MOVF    ad_l,                   W                       ; pega parte baixa do AD
0027   00A0           00270         MOVWF   byte_enviar_serial              ; prepara envio
0028   2056           00271         CALL    escrita_serial                  ; envia
                      00272 
                      00273 ;#IFDEF DEBUG
0029   3064           00274         MOVLW   D'100'
002A   00A0           00275         MOVWF   byte_enviar_serial
002B   2056           00276         CALL    escrita_serial
                      00277 ;#ENDIF
                      00278 
                      00279         ; verifica o valor para acender o led
002C   2096           00280         CALL    converte_ad_temperatura
                      00281 
                      00282 ;#IFDEF DEBUG
002D   3032           00283         MOVLW   D'050'
002E   00A0           00284         MOVWF   byte_enviar_serial
002F   2056           00285         CALL    escrita_serial
                      00286 ;#ENDIF
                      00287 
0030   0824           00288         MOVF    temperatura,            W
0031   00A0           00289         MOVWF   byte_enviar_serial
0032   2056           00290         CALL    escrita_serial
MPASM 5.55  /HOME/LUIS/PROJETOS/MICRO/3-TRAB   5-15-2014  21:49:26         PAGE  7


LOC  OBJECT CODE     LINE SOURCE TEXT
  VALUE

                      00291 
0033   0824           00292         MOVF    temperatura,            W
                      00293         ;SUBLW  TEMP_ATIVACAO                   ; compara com a temperatura esperadas
0034   3C19           00294         SUBLW   D'25'                                   ; compara com a temperatura esperadas 25 = 0x19
0035   1C03           00295         BTFSS   STATUS, C                               ; byte_recebido > W ?
0036   208C           00296         CALL    liga_led                                ; true
0037   2839           00297         GOTO    final
0038   2091           00298         CALL    desliga_led
0039                  00299 final:
                      00300 ;#IFDEF DEBUG
0039   3001           00301         MOVLW   D'001'                                  ; termino de tudo
003A   00A0           00302         MOVWF   byte_enviar_serial
003B   2056           00303         CALL    escrita_serial
003C   2056           00304         CALL    escrita_serial
                      00305 ;#ENDIF
                      00306 
003D   281D           00307         GOTO    loop_leitura_ad                           ; loop forever
                      00308 
                      00309 ; -------------------------------------------------------------------------
                      00310 ; ------------------------------ FUNCOES ----------------------------------
                      00311 ; -------------------------------------------------------------------------
                      00312 
                      00313 ; ------------------------------ SECAO SERIAL ----------------------------------
003E                  00314 configura_serial:
                      00315                 ; TXSTA: TRANSMIT STATUS AND CONTROL REGISTER (ADDRESS 98h)
                      00316                 ; CSRC: Clock Source Select bit         = 0 (assincrono)
                      00317                 ; TX9: 9-bit Transmit Enable bit        = 0 (sem 9º bit)
                      00318                 ; TXEN: Transmit Enable bit                     = 1 (liga o tx)
                      00319                 ; SYNC: USART Mode Select bit           = 0 (assincrono)
                      00320                 ; U-0 :                                                         = 0     (n/a)
                      00321                 ; BRGH: High Baud Rate Select bit       = 1 (High speed)
                      00322                 ; TRMT: Transmit Status bit                     = 0 (read-only)
                      00323                 ; TX9D: 9th bit                                         = 0 (n/a)
                      00324                 ; TXSTA = 0010 0100
003E   1683 1303      00325                 BANKSEL TXSTA
0040   3024           00326                 MOVLW   B'00100100'
Message[302]: Register in operand not in bank 0.  Ensure that bank bits are correct.
0041   0098           00327                 MOVWF   TXSTA
                      00328 
                      00329                 ; RCSTA: RECEIVE STATUS AND CONTROL REGISTER (ADDRESS 18h)
                      00330                 ; SPEN: Serial Port Enable bit                  = 1 (enable)
                      00331                 ; RX9: 9-bit Receive Enable bit                 = 0 (sem 9º bit)
                      00332                 ; SREN: Single Receive Enable bit               = 0 (N/A)
                      00333                 ; CREN: Continuous Receive Enable bit   = 1 (continuous receive)
                      00334                 ; ADDEN: Address Detect Enable bit              = 0 (N/A)
                      00335                 ; FERR: Framing Error bit                               = 0 (read-only)
                      00336                 ; OERR: Overrun Error bit                               = 0 (read-only)
                      00337                 ; RX9D: 9th bit of Received Data                = 0 (read-only)
                      00338                 ; RCSTA = 1001 0000
0042   1283 1303      00339                 BANKSEL RCSTA
0044   3090           00340                 MOVLW   B'10010000'
0045   0098           00341                 MOVWF   RCSTA
                      00342 
MPASM 5.55  /HOME/LUIS/PROJETOS/MICRO/3-TRAB   5-15-2014  21:49:26         PAGE  8


LOC  OBJECT CODE     LINE SOURCE TEXT
  VALUE

                      00343                 ; SPBRG = 25
                      00344                 ; calculado para 9600 bps
0046   1683 1303      00345                 BANKSEL SPBRG
0048   3019           00346                 MOVLW   D'25'
Message[302]: Register in operand not in bank 0.  Ensure that bank bits are correct.
0049   0099           00347                 MOVWF   SPBRG
004A   0008           00348         RETURN
004B                  00349 leitura_serial:
004B   1283 1303      00350                 BANKSEL PIR1
                      00351                 ; registrador PIR1 contem as flags individuais de cada uma das interrupcoes perifericas
                      00352                 ; bit RCIF indica se o buffer de entrada esta cheio (entrada serial)
004D                  00353 espera_leitura_serial:
004D   1E8C           00354                 BTFSS   PIR1,   RCIF                    ; se bit RCIF do registrador PIR1, ou seja, se t
                            em coisa a ler
004E   284D           00355                 GOTO    espera_leitura_serial   ; nao chegou byte
004F   1283 1303      00356                 BANKSEL RCREG
0051   081A           00357                 MOVF    RCREG, W                                ; chegou byte
                      00358                 ;BANKSEL        byte_recebido_serial
0052   1283           00359                 BCF             STATUS,         RP0
0053   1303           00360                 BCF             STATUS,         RP1
                      00361                 ;MOVLW  0x7b ; DEBUG
0054   00A1           00362                 MOVWF   byte_recebido_serial
0055   0008           00363         RETURN
0056                  00364 escrita_serial:
                      00365                 ; TXSTA:        transmit status and control register
                      00366                 ; TRMT:  bit de buffer de escrita cheio
0056   1683 1303      00367                 BANKSEL TXSTA
                      00368                 ; caso ainda nao tenha enviado o que esta no buffer, espera o envio (anterior)
0058                  00369 espera_escrita_serial:
                      00370                 ;TRMT: Transmit Shift Register Status bit
                      00371                 ;1 = TSR empty
                      00372                 ;0 = TSR full
Message[302]: Register in operand not in bank 0.  Ensure that bank bits are correct.
0058   1C98           00373                 BTFSS   TXSTA, TRMT                             ; TRMT == 1? ;
0059   2858           00374                 GOTO    espera_escrita_serial   ; buffer cheio, espere
                      00375                 ;BANKSEL        byte_enviar_serial
005A   1283           00376                 BCF             STATUS, RP0
005B   1303           00377                 BCF             STATUS, RP1
005C   0820           00378                 MOVF    byte_enviar_serial,     W       ; pega a variavel
005D   1283 1303      00379                 BANKSEL TXREG
005F   0099           00380                 MOVWF   TXREG                                   ; escreve a variavel para o buffer
0060   0008           00381         RETURN
                      00382 ; ------------------------------ SECAO AD --------------------------------------
0061                  00383 configura_ad:
                      00384                 ; PORTA = analogico em AN0
                      00385                 ; TRISA = 0000 0001
0061   1683 1303      00386                 BANKSEL TRISA
0063   3001           00387                 MOVLW   B'00000001'
Message[302]: Register in operand not in bank 0.  Ensure that bank bits are correct.
0064   0085           00388                 MOVWF   TRISA
                      00389 
                      00390                 ; ADCON0 = 01 000 0 0 1
0065   1283 1303      00391                 BANKSEL ADCON0
MPASM 5.55  /HOME/LUIS/PROJETOS/MICRO/3-TRAB   5-15-2014  21:49:26         PAGE  9


LOC  OBJECT CODE     LINE SOURCE TEXT
  VALUE

0067   3041           00392                 MOVLW   B'01000001'
0068   009F           00393                 MOVWF   ADCON0
                      00394 
                      00395                 ; ADCON1 = 0 000 0000
                      00396                 ; ADFM = 0: ajuste a esquerda
                      00397                 ; XXX
                      00398                 ; PCFG = 0000: configuracao geral (muitos bits)
0069   1683 1303      00399                 BANKSEL ADCON1
006B   3000           00400                 MOVLW   B'00000000'
Message[302]: Register in operand not in bank 0.  Ensure that bank bits are correct.
006C   009F           00401                 MOVWF   ADCON1
006D   0008           00402         RETURN
006E                  00403 leitura_ad:
                      00404                 ; inicia conversao
006E   1283 1303      00405                 BANKSEL ADCON0
0070   151F           00406                 BSF             ADCON0, GO_DONE         ; inicia a corvesao
                      00407 
                      00408                 ; espera conversao
0071                  00409 espera_conversao:;{;{
0071   0000           00410                 NOP
0072   0000           00411                 NOP
0073   0000           00412                 NOP
0074   191F           00413                 BTFSC   ADCON0, GO_DONE         ; bit 2 = GO/DONE,
0075   2871           00414                 GOTO    espera_conversao        ; se nao pronto
                      00415                 ; se pronto
                      00416 
                      00417                 ; copia os valores
                      00418                 ; 0X3E em ADRESH = 25 Cº
                      00419                 ; 0X41 em ADRESH = 26 Cº
0076   1283 1303      00420                 BANKSEL ADRESH
Message[305]: Using default destination of 1 (file).
0078   089E           00421                 MOVF    ADRESH
                      00422                 ;MOVLW  0X41 ; DEBUG
                      00423                 ;BANKSEL        ad_h
0079   1003           00424                 BCF             STATUS, RB0
007A   1083           00425                 BCF             STATUS, RB1
                      00426 
007B   00A2           00427                 MOVWF   ad_h
007C   1683 1303      00428                 BANKSEL ADRESL
Message[305]: Using default destination of 1 (file).
Message[302]: Register in operand not in bank 0.  Ensure that bank bits are correct.
007E   089E           00429                 MOVF    ADRESL
                      00430                 ;BANKSEL        ad_l
007F   1003           00431                 BCF             STATUS, RB0
0080   1083           00432                 BCF             STATUS, RB1
                      00433 
0081   00A3           00434                 MOVWF   ad_l
0082   0008           00435         RETURN
                      00436 ;}
                      00437 ; ------------------------------ SECAO LED ------------------------------------
0083                  00438 configura_led:
0083   1683 1303      00439                 BANKSEL TRISB
0085   3000           00440                 MOVLW   B'00000000'                      ; configura todas as portas RB para output
MPASM 5.55  /HOME/LUIS/PROJETOS/MICRO/3-TRAB   5-15-2014  21:49:26         PAGE 10


LOC  OBJECT CODE     LINE SOURCE TEXT
  VALUE

Message[302]: Register in operand not in bank 0.  Ensure that bank bits are correct.
0086   0086           00441                 MOVWF   TRISB
                      00442 
                      00443                 ; desligar todas as saidas da porta b
0087   1283 1303      00444                 BANKSEL PORTB
0089   3000           00445                 MOVLW   B'00000000'
008A   0086           00446                 MOVWF   PORTB
008B   0008           00447         RETURN
008C                  00448 liga_led:
008C   1283 1303      00449                 BANKSEL PORTB
008E   30FF           00450                 MOVLW   B'11111111'                      ; liga o pino RB1 somente
008F   0086           00451                 MOVWF   PORTB
0090   0008           00452         RETURN
0091                  00453 desliga_led:
0091   1283 1303      00454                 BANKSEL PORTB
0093   3000           00455                 MOVLW   B'00000000'                      ; desliga todos os pinos port B
0094   0086           00456                 MOVWF   PORTB
0095   0008           00457         RETURN
0096                  00458 converte_ad_temperatura:
                      00459                 ; divide por 10
                      00460                 ; considerando que 2 bits menos significativos estao em ADRESL (ad_l)
                      00461                 ;BANKSEL        ad_h
0096   1283           00462                 BCF             STATUS,         RP0
0097   1303           00463                 BCF             STATUS,         RP1
0098   1003           00464                 BCF             STATUS,         C
0099   0C22           00465                 RRF             ad_h,           0                       ; rotaciona uma casa para a dire
                            ita, armazena em W
009A   00A4           00466                 MOVWF   temperatura
009B   0008           00467         RETURN
                      00468 
                      00469         END
MPASM 5.55  /HOME/LUIS/PROJETOS/MICRO/3-TRAB   5-15-2014  21:49:26         PAGE 11


SYMBOL TABLE
  LABEL                             VALUE 

ACKDT                             00000005
ACKEN                             00000004
ACKSTAT                           00000006
ADCON0                            0000001F
ADCON1                            0000009F
ADCS0                             00000006
ADCS1                             00000007
ADDEN                             00000003
ADFM                              00000007
ADIE                              00000006
ADIF                              00000006
ADON                              00000000
ADRESH                            0000001E
ADRESL                            0000009E
BCLIE                             00000003
BCLIF                             00000003
BF                                00000000
BRGH                              00000002
C                                 00000000
CCP1CON                           00000017
CCP1IE                            00000002
CCP1IF                            00000002
CCP1M0                            00000000
CCP1M1                            00000001
CCP1M2                            00000002
CCP1M3                            00000003
CCP1X                             00000005
CCP1Y                             00000004
CCP2CON                           0000001D
CCP2IE                            00000000
CCP2IF                            00000000
CCP2M0                            00000000
CCP2M1                            00000001
CCP2M2                            00000002
CCP2M3                            00000003
CCP2X                             00000005
CCP2Y                             00000004
CCPR1                             00000015
CCPR1H                            00000016
CCPR1L                            00000015
CCPR2                             0000001B
CCPR2H                            0000001C
CCPR2L                            0000001B
CHS0                              00000003
CHS1                              00000004
CHS2                              00000005
CKE                               00000006
CKP                               00000004
CREN                              00000004
CSRC                              00000007
D                                 00000005
DATA_ADDRESS                      00000005
DC                                00000001
MPASM 5.55  /HOME/LUIS/PROJETOS/MICRO/3-TRAB   5-15-2014  21:49:26         PAGE 12


SYMBOL TABLE
  LABEL                             VALUE 

D_A                               00000005
D_NOT_A                           00000005
EEADR                             0000010D
EEADRH                            0000010F
EECON1                            0000018C
EECON2                            0000018D
EEDATA                            0000010C
EEDATH                            0000010E
EEIE                              00000004
EEIF                              00000004
EEPGD                             00000007
F                                 00000001
FERR                              00000002
FSR                               00000004
GCEN                              00000007
GIE                               00000007
GO                                00000002
GO_DONE                           00000002
GO_NOT_DONE                       00000002
I2C_DATA                          00000005
I2C_READ                          00000002
I2C_START                         00000003
I2C_STOP                          00000004
INDF                              00000000
INTCON                            0000000B
INTE                              00000004
INTEDG                            00000006
INTF                              00000001
IRP                               00000007
NOT_A                             00000005
NOT_ADDRESS                       00000005
NOT_BO                            00000000
NOT_BOR                           00000000
NOT_DONE                          00000002
NOT_PD                            00000003
NOT_POR                           00000001
NOT_RBPU                          00000007
NOT_RC8                           00000006
NOT_T1SYNC                        00000002
NOT_TO                            00000004
NOT_TX8                           00000006
NOT_W                             00000002
NOT_WRITE                         00000002
OERR                              00000001
OPTION_REG                        00000081
P                                 00000004
PCFG0                             00000000
PCFG1                             00000001
PCFG2                             00000002
PCFG3                             00000003
PCL                               00000002
PCLATH                            0000000A
PCON                              0000008E
MPASM 5.55  /HOME/LUIS/PROJETOS/MICRO/3-TRAB   5-15-2014  21:49:26         PAGE 13


SYMBOL TABLE
  LABEL                             VALUE 

PEIE                              00000006
PEN                               00000002
PIE1                              0000008C
PIE2                              0000008D
PIR1                              0000000C
PIR2                              0000000D
PORTA                             00000005
PORTB                             00000006
PORTC                             00000007
PR2                               00000092
PS0                               00000000
PS1                               00000001
PS2                               00000002
PSA                               00000003
R                                 00000002
RA0                               00000000
RA1                               00000001
RA2                               00000002
RA3                               00000003
RA4                               00000004
RA5                               00000005
RB0                               00000000
RB1                               00000001
RB2                               00000002
RB3                               00000003
RB4                               00000004
RB5                               00000005
RB6                               00000006
RB7                               00000007
RBIE                              00000003
RBIF                              00000000
RC0                               00000000
RC1                               00000001
RC2                               00000002
RC3                               00000003
RC4                               00000004
RC5                               00000005
RC6                               00000006
RC7                               00000007
RC8_9                             00000006
RC9                               00000006
RCD8                              00000000
RCEN                              00000003
RCIE                              00000005
RCIF                              00000005
RCREG                             0000001A
RCSTA                             00000018
RD                                00000000
READ_WRITE                        00000002
RP0                               00000005
RP1                               00000006
RSEN                              00000001
RX9                               00000006
MPASM 5.55  /HOME/LUIS/PROJETOS/MICRO/3-TRAB   5-15-2014  21:49:26         PAGE 14


SYMBOL TABLE
  LABEL                             VALUE 

RX9D                              00000000
R_NOT_W                           00000002
R_W                               00000002
S                                 00000003
SEN                               00000000
SMP                               00000007
SPBRG                             00000099
SPEN                              00000007
SREN                              00000005
SSPADD                            00000093
SSPBUF                            00000013
SSPCON                            00000014
SSPCON2                           00000091
SSPEN                             00000005
SSPIE                             00000003
SSPIF                             00000003
SSPM0                             00000000
SSPM1                             00000001
SSPM2                             00000002
SSPM3                             00000003
SSPOV                             00000006
SSPSTAT                           00000094
STATUS                            00000003
SYNC                              00000004
T0CS                              00000005
T0IE                              00000005
T0IF                              00000002
T0SE                              00000004
T1CKPS0                           00000004
T1CKPS1                           00000005
T1CON                             00000010
T1INSYNC                          00000002
T1OSCEN                           00000003
T1SYNC                            00000002
T2CKPS0                           00000000
T2CKPS1                           00000001
T2CON                             00000012
TMR0                              00000001
TMR0IE                            00000005
TMR0IF                            00000002
TMR1                              0000000E
TMR1CS                            00000001
TMR1H                             0000000F
TMR1IE                            00000000
TMR1IF                            00000000
TMR1L                             0000000E
TMR1ON                            00000000
TMR2                              00000011
TMR2IE                            00000001
TMR2IF                            00000001
TMR2ON                            00000002
TOUTPS0                           00000003
TOUTPS1                           00000004
MPASM 5.55  /HOME/LUIS/PROJETOS/MICRO/3-TRAB   5-15-2014  21:49:26         PAGE 15


SYMBOL TABLE
  LABEL                             VALUE 

TOUTPS2                           00000005
TOUTPS3                           00000006
TRISA                             00000085
TRISA0                            00000000
TRISA1                            00000001
TRISA2                            00000002
TRISA3                            00000003
TRISA4                            00000004
TRISA5                            00000005
TRISB                             00000086
TRISB0                            00000000
TRISB1                            00000001
TRISB2                            00000002
TRISB3                            00000003
TRISB4                            00000004
TRISB5                            00000005
TRISB6                            00000006
TRISB7                            00000007
TRISC                             00000087
TRISC0                            00000000
TRISC1                            00000001
TRISC2                            00000002
TRISC3                            00000003
TRISC4                            00000004
TRISC5                            00000005
TRISC6                            00000006
TRISC7                            00000007
TRMT                              00000001
TX8_9                             00000006
TX9                               00000006
TX9D                              00000000
TXD8                              00000000
TXEN                              00000005
TXIE                              00000004
TXIF                              00000004
TXREG                             00000019
TXSTA                             00000098
UA                                00000001
W                                 00000000
WCOL                              00000007
WR                                00000001
WREN                              00000002
WRERR                             00000003
Z                                 00000002
_BODEN_OFF                        00003FBF
_BODEN_ON                         00003FFF
_BOREN_OFF                        00003FBF
_BOREN_ON                         00003FFF
_CONFIG                           00002007
_CPD_OFF                          00003FFF
_CPD_ON                           00003EFF
_CP_ALL                           00000FCF
_CP_HALF                          00001FDF
MPASM 5.55  /HOME/LUIS/PROJETOS/MICRO/3-TRAB   5-15-2014  21:49:26         PAGE 16


SYMBOL TABLE
  LABEL                             VALUE 

_CP_OFF                           00003FFF
_CP_UPPER_256                     00002FEF
_DEBUG_OFF                        00003FFF
_DEBUG_ON                         000037FF
_DEVID1                           00002006
_FOSC_EXTRC                       00003FFF
_FOSC_HS                          00003FFE
_FOSC_LP                          00003FFC
_FOSC_XT                          00003FFD
_HS_OSC                           00003FFE
_IDLOC0                           00002000
_IDLOC1                           00002001
_IDLOC2                           00002002
_IDLOC3                           00002003
_LP_OSC                           00003FFC
_LVP_OFF                          00003F7F
_LVP_ON                           00003FFF
_PWRTE_OFF                        00003FFF
_PWRTE_ON                         00003FF7
_RC_OSC                           00003FFF
_WDTE_OFF                         00003FFB
_WDTE_ON                          00003FFF
_WDT_OFF                          00003FFB
_WDT_ON                           00003FFF
_WRT_ENABLE_OFF                   00003DFF
_WRT_ENABLE_ON                    00003FFF
_WRT_OFF                          00003DFF
_WRT_ON                           00003FFF
_XT_OSC                           00003FFD
__16F873A                         00000001
ad_h                              0x22
ad_l                              0x23
byte_enviar_serial                0x20
byte_recebido_serial              0x21
configura_ad                      00000061
configura_led                     00000083
configura_serial                  0000003E
converte_ad_temperatura           00000096
desliga_led                       00000091
escrita_serial                    00000056
espera_conversao                  00000071
espera_escrita_serial             00000058
espera_leitura_serial             0000004D
espera_pc                         00000009
final                             00000039
leitura_ad                        0000006E
leitura_serial                    0000004B
liga_led                          0000008C
loop_leitura_ad                   0000001D
start                             00000005
temperatura                       0x24
MPASM 5.55  /HOME/LUIS/PROJETOS/MICRO/3-TRAB   5-15-2014  21:49:26         PAGE 17


MEMORY USAGE MAP ('X' = Used,  '-' = Unused)


0000 : X---XXXXXXXXXXXX XXXXXXXXXXXXXXXX XXXXXXXXXXXXXXXX XXXXXXXXXXXXXXXX
0040 : XXXXXXXXXXXXXXXX XXXXXXXXXXXXXXXX XXXXXXXXXXXXXXXX XXXXXXXXXXXXXXXX
0080 : XXXXXXXXXXXXXXXX XXXXXXXXXXXX---- ---------------- ----------------
2000 : -------X-------- ---------------- ---------------- ----------------

All other memory blocks unused.

Program Memory Words Used:   153
Program Memory Words Free:  3943


Errors   :     0
Warnings :     0 reported,     0 suppressed
Messages :    10 reported,     0 suppressed

