MPASM 5.58  /HOME/LUIS/PROJECTS/MICRO/6-T2.X   10-1-2014  17:57:18         PAGE  1


LOC  OBJECT CODE     LINE SOURCE TEXT
  VALUE

                      00001 #include<p16f873.inc> ; define o pic a utilizar
                      00001         LIST
                      00002 
                      00003 ;==========================================================================
                      00004 ; Build date : Aug 07 2014
                      00005 ;  MPASM PIC16F873 processor include
                      00006 ; 
                      00007 ;  (c) Copyright 1999-2014 Microchip Technology, All rights reserved
                      00008 ;==========================================================================
                      00009 
Message[301]: MESSAGE: (Processor-header file mismatch.  Verify selected processor.)
                      00501         LIST
                      00002 ;#define        DEBUG
                      00003 
2007   3D39           00004         __config _XT_OSC & _WDT_OFF & _PWRTE_OFF & _CP_OFF & _BOREN_OFF & _LVP_OFF & _CPD_OFF & _DEBUG_O
                            FF & _WRT_OFF
                      00005 
                      00006         ; 0X20 é o inicio da memoria usavel nos dados (MD)
                      00007         CBLOCK 0x20
                      00008                 ; variavies
  00000020            00009                 aux
  00000021            00010                 portb_mirror
                      00011                 ; fucoes de serial
  00000022            00012                 byte_recebido_serial
  00000023            00013                 byte_enviar_serial
                      00014                 ; funcao delay
  00000024            00015                 count_l
  00000025            00016                 count_h
  00000026            00017                 count_uh
                      00018                 ; funcao pulso
  00000027            00019                 th
  00000028            00020                 tl
  00000029            00021                 th_thresh_hold
  0000002A            00022                 mini_loop
  0000002B            00023                 mini_loop_lenth
                      00024                 ; troca entre th e tl
  0000002C            00025                 counter
  0000002D            00026                 port_b_high_value
  0000002E            00027                 port_b_low_value
                      00028                 ; setup do timer
  0000002F            00029                 TMR0_mirror
                      00030         ENDC
                      00031 
                      00032         ORG 0
0000   2???           00033         GOTO    start                              ; go to beginning of program
                      00034         ORG      4
                      00035                 ; INTERRUPCOES :
                      00036                 ; timer
0004   1283 1303      00037                 BANKSEL INTCON
0006   1D0B           00038                 BTFSS   INTCON, T0IF
0007   2???           00039                 GOTO    end_int
                      00040 
                      00041                 ; prepara o timer para a proxima chamada
MPASM 5.58  /HOME/LUIS/PROJECTS/MICRO/6-T2.X   10-1-2014  17:57:18         PAGE  2


LOC  OBJECT CODE     LINE SOURCE TEXT
  VALUE

0008   2???           00042                 CALL    inicia_timer
                      00043                 
                      00044                 ;BANKSEL        0
0009   1283           00045                 BCF             STATUS,         RP0
000A   1303           00046                 BCF             STATUS,         RP1
                      00047 
                      00048                 #ifdef DEBUG
                      00049                         MOVLW   0x02
                      00050                         CALL    delay
                      00051                 #endif
                      00052 
                      00053                 ; se o mini_loop não é zero, finaliza a interrupção
000B   0BAA           00054                 DECFSZ  mini_loop,      1
000C   2???           00055                         GOTO    end_int
                      00056                 ; reinicia o mini_loop
000D   082B           00057                 MOVF    mini_loop_lenth, 0
000E   00AA           00058                 MOVWF   mini_loop
                      00059                 
000F   082C           00060                 MOVF    counter,        0
                      00061                 #ifdef DEBUG
                      00062                         CALL    envia_w_serial
                      00063                 #endif
0010   0BAC           00064                 DECFSZ  counter,        1
0011   2???           00065                         GOTO    end_int
                      00066 
0012   1283 1303      00067                 BANKSEL PORTB
0014   0806           00068                 MOVF    PORTB                           ,0
                      00069 
0015   2???           00070                 CALL    espera_valor ; espera valor não é preeptivo
                      00071                 ; encotra a fase atual
0016   082E           00072                 MOVF    port_b_low_value,       0       ; W = low_value
0017   0206           00073                 SUBWF   PORTB,                          0       ; W = W - PORTB
0018   1903           00074                 BTFSC   STATUS,                         Z       ; if PORTB == low_value (Z is SET ?)
0019   2???           00075                         GOTO    fase_alta                       ; TRUE era BAIXO e agora deve ser ALTO
001A   2???           00076                 GOTO    fase_baixa                              ; FALSE era ALTO e agora deve ser BAIXO
                      00077 
001B                  00078 fase_alta:
                      00079                 ; reinicia o contador de acordo com a fase
001B   0827           00080                 MOVF    th, W
001C   00AC           00081                 MOVWF   counter
                      00082 
                      00083                 ; configura a saida de acordo com a fase
001D   082D           00084                 MOVF    port_b_high_value, 0
001E   0086           00085                 MOVWF   PORTB
                      00086 
001F   2???           00087                 GOTO    end_int
0020                  00088 fase_baixa:
                      00089                 ; reinicia o contador de acordo com a fase
0020   0828           00090                 MOVF    tl, W
0021   00AC           00091                 MOVWF   counter
                      00092 
                      00093                 ; configura a saida de acordo com a fase
0022   082E           00094                 MOVF    port_b_low_value, 0
MPASM 5.58  /HOME/LUIS/PROJECTS/MICRO/6-T2.X   10-1-2014  17:57:18         PAGE  3


LOC  OBJECT CODE     LINE SOURCE TEXT
  VALUE

0023   0086           00095                 MOVWF   PORTB
                      00096 
0024                  00097 end_int:
0024   0009           00098         RETFIE
                      00099 
0025                  00100 start:
                      00101         ; inicializa as variaveis
                      00102 
                      00103         ; counter não deve ser iniciado com zero
0025   3001           00104         MOVLW   0x01
0026   00AC           00105         MOVWF   counter
                      00106 
                      00107         ; configura todas as portas RB para output para incicializar PORTB
0027   3000           00108         MOVLW   0x00
0028   1683 1303      00109         BANKSEL TRISB
Message[302]: Register in operand not in bank 0.  Ensure that bank bits are correct.
002A   0086           00110         MOVWF   TRISB
                      00111 
002B   3000           00112         MOVLW   0x00
002C   1283 1303      00113         BANKSEL PORTB
002E   0086           00114         MOVWF   PORTB
                      00115 
                      00116         ; inicia th e tl com 100
                      00117         ; apenas th é nessesário mas iniciar todas as variaveis é bom
002F   3064           00118         MOVLW   d'100'
0030   00A7           00119         MOVWF   th
0031   00A8           00120         MOVWF   tl
                      00121 
0032   30FF           00122         MOVLW   0xFF
0033   00AD           00123         MOVWF   port_b_high_value
0034   3000           00124         MOVLW   0x00
0035   00AE           00125         MOVWF   port_b_low_value
                      00126 
0036   307D           00127         MOVLW   d'125'
0037   00A9           00128         MOVWF   th_thresh_hold
                      00129 
0038   3064           00130         MOVLW   D'100'
0039   00AB           00131         MOVWF   mini_loop_lenth
003A   00AA           00132         MOVWF   mini_loop
                      00133         
                      00134         ; outras configuracoes
003B   2???           00135         CALL    configura_serial
003C   2???           00136         CALL    configura_timer
                      00137 
                      00138         #ifdef  DEBUG
                      00139                 MOVLW   0xFF
                      00140                 CALL    envia_w_serial
                      00141                 MOVLW   0x00
                      00142                 CALL    envia_w_serial
                      00143         #endif
                      00144         
                      00145         ; o primeiro valor de th deve ser recebido pela serial sincronamente
                      00146         ; ou seja, a execução é parada até receber algo pela serial
MPASM 5.58  /HOME/LUIS/PROJECTS/MICRO/6-T2.X   10-1-2014  17:57:18         PAGE  4


LOC  OBJECT CODE     LINE SOURCE TEXT
  VALUE

                      00147         ; os demais são assincronos
003D   2???           00148         CALL    leitura_serial
003E   0822           00149         MOVF    byte_recebido_serial, 0
003F   2???           00150         CALL    calcula_valor
                      00151 
                      00152         ; inicia o timer
0040   2???           00153         CALL    inicia_timer
                      00154 
                      00155         ; fim da rotina principal
0041   2???           00156         GOTO    $ ;security hold state loop
                      00157 
0042                  00158 espera_valor:
                      00159                 ; espera os dados da serial
0042   0827           00160                 MOVF    th, 0                                           ; leitura_serial_asinc faz "MOVW
                            F byte_recebido" caso nao receba nada
0043   2???           00161                 CALL    leitura_serial_asinc
0044   0822           00162                 MOVF    byte_recebido_serial, 0
                      00163 
0045                  00164 calcula_valor:
                      00165                 ; pega valor de w e testa ele para ser o novo th
                      00166                 ; menor que 78, espera outro
0045   3C4D           00167                 SUBLW   D'77'
0046   1803           00168                 BTFSC   STATUS, C
0047   2???           00169                         GOTO    aritimetica
                      00170 
                      00171                 ; maior que 124, espera outro
0048   0820           00172                 MOVF    aux, w
0049   3C7C           00173                 SUBLW   D'124'
004A   1C03           00174                 BTFSS   STATUS, C
004B   2???           00175                         GOTO    aritimetica
                      00176 
                      00177                 ; TH = valorRecebido
                      00178                 ; aux = valorRecebido
004C   0822           00179                 MOVF    byte_recebido_serial, 0
004D   00A0           00180                 MOVWF   aux
004E   00A7           00181                 MOVWF   th
004F                  00182 aritimetica:
                      00183                 ; faz aritimética
                      00184                 ; 4) Então calcule TL =125-TH
                      00185 
004F   0827           00186                 MOVF    th , 0
0050   0229           00187                 SUBWF   th_thresh_hold, 0       ; W= 125-TH
0051   00A8           00188                 MOVWF   tl                                      ; TL = W (125-TH)
                      00189 
                      00190                 ; envia th e tl calculados
                      00191                 #ifdef DEBUG
                      00192                         MOVLW   0x54    ; ascii T
                      00193                         CALL envia_w_serial
                      00194                         MOVLW   0x48    ; ascii H
                      00195                         CALL envia_w_serial
                      00196                         MOVLW   0x00
                      00197                         CALL envia_w_serial
                      00198                         MOVF    th, 0
MPASM 5.58  /HOME/LUIS/PROJECTS/MICRO/6-T2.X   10-1-2014  17:57:18         PAGE  5


LOC  OBJECT CODE     LINE SOURCE TEXT
  VALUE

                      00199                         CALL envia_w_serial
                      00200 
                      00201                         MOVLW   0x54    ; ascii T
                      00202                         CALL envia_w_serial
                      00203                         MOVLW   0x4C    ; ascii L
                      00204                         CALL envia_w_serial
                      00205                         MOVLW   0x00
                      00206                         CALL envia_w_serial
                      00207                         MOVF    tl, 0
                      00208                         CALL envia_w_serial
                      00209 
                      00210                         MOVLW   0x00
                      00211                         CALL envia_w_serial
                      00212                 #endif
0052   0008           00213         RETURN
                      00214 
                      00215 ; ------------------------------ SECAO SERIAL -----------------------------
0053                  00216 configura_serial:
                      00217                 ; TXSTA: TRANSMIT STATUS AND CONTROL REGISTER (ADDRESS 98h)
                      00218                 ; CSRC: Clock Source Select bit         = 0 (assincrono)
                      00219                 ; TX9: 9-bit Transmit Enable bit        = 0 (sem 9º bit)
                      00220                 ; TXEN: Transmit Enable bit                     = 1 (liga o tx)
                      00221                 ; SYNC: USART Mode Select bit           = 0 (assincrono)
                      00222                 ; U-0 :                                                         = 0     (n/a)
                      00223                 ; BRGH: High Baud Rate Select bit       = 1 (High speed)
                      00224                 ; TRMT: Transmit Status bit                     = 0 (read-only)
                      00225                 ; TX9D: 9th bit                                         = 0 (n/a)
                      00226                 ; TXSTA = 0010 0100
0053   1683 1303      00227                 BANKSEL TXSTA
0055   3024           00228                 MOVLW   B'00100100'
Message[302]: Register in operand not in bank 0.  Ensure that bank bits are correct.
0056   0098           00229                 MOVWF   TXSTA
                      00230 
                      00231                 ; RCSTA: RECEIVE STATUS AND CONTROL REGISTER (ADDRESS 18h)
                      00232                 ; SPEN: Serial Port Enable bit                  = 1 (enable)
                      00233                 ; RX9: 9-bit Receive Enable bit                 = 0 (sem 9º bit)
                      00234                 ; SREN: Single Receive Enable bit               = 0 (N/A)
                      00235                 ; CREN: Continuous Receive Enable bit   = 1 (continuous receive)
                      00236                 ; ADDEN: Address Detect Enable bit              = 0 (N/A)
                      00237                 ; FERR: Framing Error bit                               = 0 (read-only)
                      00238                 ; OERR: Overrun Error bit                               = 0 (read-only)
                      00239                 ; RX9D: 9th bit of Received Data                = 0 (read-only)
                      00240                 ; RCSTA = 1001 0000
0057   1283 1303      00241                 BANKSEL RCSTA
0059   3090           00242                 MOVLW   B'10010000'
005A   0098           00243                 MOVWF   RCSTA
                      00244 
                      00245                 ; SPBRG = 25
                      00246                 ; calculado para 9600 bps
005B   1683 1303      00247                 BANKSEL SPBRG
005D   3019           00248                 MOVLW   D'25'
Message[302]: Register in operand not in bank 0.  Ensure that bank bits are correct.
005E   0099           00249                 MOVWF   SPBRG
MPASM 5.58  /HOME/LUIS/PROJECTS/MICRO/6-T2.X   10-1-2014  17:57:18         PAGE  6


LOC  OBJECT CODE     LINE SOURCE TEXT
  VALUE

                      00250 
                      00251                 ;BANKSEL        0
005F   1283           00252                 BCF             STATUS,         RP0
0060   1303           00253                 BCF             STATUS,         RP1
0061   0008           00254         RETURN
0062                  00255 leitura_serial:
0062   1283 1303      00256                 BANKSEL PIR1
                      00257                 ; registrador PIR1 contem as flags individuais de cada uma das
                      00258                 ; interrupcoes perifericas
                      00259                 ; bit RCIF indica se o buffer de entrada esta cheio
                      00260                 ; (entrada serial)
0064                  00261 espera_leitura_serial:
0064   1E8C           00262                 BTFSS   PIR1,   RCIF                    ; se bit RCIF do registrador PIR1
                      00263                                                                                 ; ou seja, se tem coisa 
                            a ler
0065   2???           00264                 GOTO    espera_leitura_serial   ; nao chegou byte
0066   1283 1303      00265                 BANKSEL RCREG
0068   081A           00266                 MOVF    RCREG, W                                ; chegou byte
                      00267                 ;BANKSEL        0
0069   1283           00268                 BCF             STATUS,         RP0
006A   1303           00269                 BCF             STATUS,         RP1
006B   00A2           00270                 MOVWF   byte_recebido_serial
006C   0008           00271         RETURN
                      00272 
006D                  00273 leitura_serial_asinc:
006D   1283 1303      00274                 BANKSEL PIR1
                      00275                 ; registrador PIR1 contem as flags individuais de cada uma das
                      00276                 ; interrupcoes perifericas
                      00277                 ; bit RCIF indica se o buffer de entrada esta cheio
                      00278                 ; (entrada serial)
006F   1E8C           00279                 BTFSS   PIR1,   RCIF                    ; se bit RCIF do registrador PIR1
                      00280                                                                                 ; ou seja, se tem coisa 
                            a ler
0070   2???           00281                         GOTO    end_leitura_serial_asinc
0071   1283 1303      00282                 BANKSEL RCREG
0073   081A           00283                 MOVF    RCREG, W                                ; chegou byte
                      00284                 ;BANKSEL        byte_recebido_serial
0074                  00285 end_leitura_serial_asinc:
0074   1283           00286                 BCF             STATUS,         RP0
0075   1303           00287                 BCF             STATUS,         RP1
0076   00A2           00288                 MOVWF   byte_recebido_serial
0077   0008           00289         RETURN
                      00290 
0078                  00291 envia_w_serial:
0078   1283           00292                 BCF             STATUS, RP0
0079   1303           00293                 BCF             STATUS, RP1
007A   00A3           00294                 MOVWF   byte_enviar_serial      ; guarda w em byte_enviar_serial
007B                  00295 escrita_serial:
                      00296                 ; TXSTA:        transmit status and control register
                      00297                 ; TRMT:  bit de buffer de escrita cheio
007B   1683 1303      00298                 BANKSEL TXSTA
                      00299                 ; caso ainda nao tenha enviado o que esta no buffer
                      00300                 ; espera o envio (anterior)
MPASM 5.58  /HOME/LUIS/PROJECTS/MICRO/6-T2.X   10-1-2014  17:57:18         PAGE  7


LOC  OBJECT CODE     LINE SOURCE TEXT
  VALUE

007D                  00301 espera_escrita_serial:
                      00302                 ;TRMT: Transmit Shift Register Status bit
                      00303                 ;1 = TSR empty
                      00304                 ;0 = TSR full
Message[302]: Register in operand not in bank 0.  Ensure that bank bits are correct.
007D   1C98           00305                 BTFSS   TXSTA, TRMT                             ; TRMT == 1? ;
007E   2???           00306                 GOTO    espera_escrita_serial   ; buffer cheio, espere
                      00307                 ;BANKSEL        byte_enviar_serial
007F   1283           00308                 BCF             STATUS, RP0
0080   1303           00309                 BCF             STATUS, RP1
0081   0823           00310                 MOVF    byte_enviar_serial,     W       ; pega a variavel
0082   1283 1303      00311                 BANKSEL TXREG
0084   0099           00312                 MOVWF   TXREG                                   ; escreve a variavel para o buffer
0085   0008           00313         RETURN
                      00314 ; ------------------------------ SECAO TIMER -----------------------------
0086                  00315 configura_timer:
                      00316                 ; T = 1ms
                      00317 
                      00318                 ; Fint = 1000 Hz
                      00319                 ; Prescaler = 2:1 (000)
                      00320                 ; TRM0 = 131
                      00321 
                      00322                 ; Fint = 100 Hz
                      00323                 ; Prescaler = 16:1 (011)
                      00324                 ; TRM0 = 100
                      00325 
                      00326                 ; Fint = 10 Hz
                      00327                 ; Prescaler = 256:1 (111)
                      00328                 ; TRM0 = 158
                      00329 
                      00330                 ; ATIVA O TIMER
                      00331                 ; OPTION_REG: control bits to configure
                      00332                 ;       the TMR0 prescaler/WDT postscaler (single assign-
                      00333                 ;       able register known also as the prescaler), the External
                      00334                 ;       INT Interrupt, TMR0 and the weak pull-ups on PORTB.
                      00335                 ;       (ADDRESS 81h, 181h)
                      00336                 ;
                      00337                 ; RBPU: PORTB Pull-up Enable bit                = 0 (PORTB pull-ups are enabled by indiv
                            idual port latch values)
                      00338                 ; INTEDG: Interrupt Edge Select bit             = 0 (Interrupt on falling edge of RB0/IN
                            T pin)
                      00339                 ; T0CS: TMR0 Clock Source Select bit    = 0 (Internal instruction cycle clock CLKOUT)
                      00340                 ; T0SE: TMR0 Source Edge Select bit             = 0 (assincrono)
                      00341                 ; PSA: Prescaler Assignment bit                 = 0 (Prescaler is assigned to the Timer0
                             module)
                      00342                 ; PS2:PS0: Prescaler Rate Select bits   = (1:2)
                      00343                 ; PS2                                                                   = 0
                      00344                 ; PS1                                                                   = 0
                      00345                 ; PS0                                                                   = 0
0086   1683 1303      00346                 BANKSEL OPTION_REG
0088   3007           00347                 MOVLW   B'00000111'
Message[302]: Register in operand not in bank 0.  Ensure that bank bits are correct.
0089   0081           00348                 MOVWF   OPTION_REG
MPASM 5.58  /HOME/LUIS/PROJECTS/MICRO/6-T2.X   10-1-2014  17:57:18         PAGE  8


LOC  OBJECT CODE     LINE SOURCE TEXT
  VALUE

                      00349 
                      00350                 ; FREQUENCIA DE INTERRUPÇAO DO TIMER
                      00351                 ; (1MHz/4)/64[prescaler]
                      00352                 ; -----------------------
                      00353                 ;               (256 - TMR0)
008A   1283 1303      00354                 BANKSEL TMR0
008C   309D           00355                 MOVLW   D'157'
008D   0081           00356                 MOVWF   TMR0
                      00357 
                      00358                 ; BANKSEL 0
008E   1283           00359                 BCF     STATUS, RP0
008F   1303           00360                 BCF     STATUS, RP1
0090   00AF           00361                 MOVWF   TMR0_mirror
                      00362 
                      00363                 ; CONFIGURA A INTERRUPÇÃO
                      00364                 ; INTCON: (ADDRESS 0Bh, 8Bh, 10Bh, 18Bh)
                      00365                 ;       enable and flag bits for the
                      00366                 ;       TMR0 register overflow, RB Port change and External
                      00367                 ;       RB0/INT pin interrupts.
                      00368                 ;       NÃO ATIVO A INTERRUPCAO AINDA
                      00369                 ; GIE: Global Interrupt Enable bit                              = 1 (Enables all unmaske
                            d interrupts)
                      00370                 ; PEIE: Peripheral Interrupt Enable bit                 = x
                      00371                 ; T0IE: TMR0 Overflow Interrupt Enable bit              = 1 (Enables the TMR0 interrupt)
                      00372                 ; INTE: RB0/INT External Interrupt Enable bit   = x
                      00373                 ; RBIE: RB Port Change Interrupt Enable bit             = x
                      00374                 ; T0IF: TMR0 Overflow Interrupt Flag bit                = 0
                      00375                 ; INTF: RB0/INT External Interrupt Flag bit             = x (The RB0/INT external interr
                            upt did not occur)
                      00376                 ; RBIF: RB Port Change Interrupt Flag bit               = x (None of the RB7:RB4 pins ha
                            ve changed state)
                      00377                 ; INTCON = 1010 0000
0091   1283 1303      00378                 BANKSEL INTCON
0093   3080           00379                 MOVLW   B'10000000'
0094   008B           00380                 MOVWF   INTCON
                      00381 
                      00382                 ; BANKSEL 0
0095   1283           00383                 BCF     STATUS, RP0
0096   1303           00384                 BCF     STATUS, RP1
0097   0008           00385         RETURN
0098                  00386 inicia_timer:
                      00387                 ; RECONFIGURA O TMR0
0098   082F           00388                 MOVF    TMR0_mirror, 0
0099   1283 1303      00389                 BANKSEL TMR0
009B   0081           00390                 MOVWF   TMR0
                      00391                 
                      00392                 ; DISPARA O TIMER
009C   1283 1303      00393                 BANKSEL INTCON
009E   168B           00394                 BSF     INTCON, T0IE
                      00395                 ; LIMPA AS INTERRUPÇOES
009F   110B           00396                 BCF     INTCON, T0IF
                      00397 
                      00398                 ; BANKSEL 0
MPASM 5.58  /HOME/LUIS/PROJECTS/MICRO/6-T2.X   10-1-2014  17:57:18         PAGE  9


LOC  OBJECT CODE     LINE SOURCE TEXT
  VALUE

00A0   1283           00399                 BCF     STATUS, RP0
00A1   1303           00400                 BCF     STATUS, RP1
00A2   0008           00401         RETURN
                      00402 
                      00403 ; -------------------------------- delay ----------------------------------------
00A3                  00404 delay:
00A3   00A6           00405                 MOVWF   count_uh
00A4                  00406 delay_loop_uh:
00A4   30FF           00407                 MOVLW   0xff
00A5   00A5           00408                 MOVWF   count_h
00A6                  00409 delay_loop_h:
00A6   30FF           00410                 MOVLW   0xff
00A7   00A4           00411                 MOVWF   count_l
00A8                  00412 delay_loop_l:
Message[305]: Using default destination of 1 (file).
00A8   0BA4           00413                 DECFSZ  count_l
00A9   2???           00414                 GOTO    delay_loop_l
Message[305]: Using default destination of 1 (file).
00AA   0BA5           00415                 DECFSZ  count_h
00AB   2???           00416                 GOTO    delay_loop_h
Message[305]: Using default destination of 1 (file).
00AC   0BA6           00417                 DECFSZ  count_uh
00AD   2???           00418                 GOTO    delay_loop_uh
00AE   0008           00419         RETURN
00AF   2???           00420         GOTO    $       ; security loop forever
3D39                  00421         END
MPASM 5.58  /HOME/LUIS/PROJECTS/MICRO/6-T2.X   10-1-2014  17:57:18         PAGE 10


SYMBOL TABLE
  LABEL                             VALUE 

ACKDT                             00000005
ACKEN                             00000004
ACKSTAT                           00000006
ADCON0                            0000001F
ADCON1                            0000009F
ADCS0                             00000006
ADCS1                             00000007
ADDEN                             00000003
ADFM                              00000007
ADIE                              00000006
ADIF                              00000006
ADON                              00000000
ADRESH                            0000001E
ADRESL                            0000009E
BCLIE                             00000003
BCLIF                             00000003
BF                                00000000
BRGH                              00000002
C                                 00000000
CCP1CON                           00000017
CCP1IE                            00000002
CCP1IF                            00000002
CCP1M0                            00000000
CCP1M1                            00000001
CCP1M2                            00000002
CCP1M3                            00000003
CCP1X                             00000005
CCP1Y                             00000004
CCP2CON                           0000001D
CCP2IE                            00000000
CCP2IF                            00000000
CCP2M0                            00000000
CCP2M1                            00000001
CCP2M2                            00000002
CCP2M3                            00000003
CCP2X                             00000005
CCP2Y                             00000004
CCPR1                             00000015
CCPR1H                            00000016
CCPR1L                            00000015
CCPR2                             0000001B
CCPR2H                            0000001C
CCPR2L                            0000001B
CHS0                              00000003
CHS1                              00000004
CHS2                              00000005
CKE                               00000006
CKP                               00000004
CREN                              00000004
CSRC                              00000007
D                                 00000005
DATA_ADDRESS                      00000005
DC                                00000001
MPASM 5.58  /HOME/LUIS/PROJECTS/MICRO/6-T2.X   10-1-2014  17:57:18         PAGE 11


SYMBOL TABLE
  LABEL                             VALUE 

D_A                               00000005
D_NOT_A                           00000005
EEADR                             0000010D
EEADRH                            0000010F
EECON1                            0000018C
EECON2                            0000018D
EEDATA                            0000010C
EEDATH                            0000010E
EEIE                              00000004
EEIF                              00000004
EEPGD                             00000007
F                                 00000001
FERR                              00000002
FSR                               00000004
GCEN                              00000007
GIE                               00000007
GO                                00000002
GO_DONE                           00000002
GO_NOT_DONE                       00000002
I2C_DATA                          00000005
I2C_READ                          00000002
I2C_START                         00000003
I2C_STOP                          00000004
INDF                              00000000
INTCON                            0000000B
INTE                              00000004
INTEDG                            00000006
INTF                              00000001
IRP                               00000007
NOT_A                             00000005
NOT_ADDRESS                       00000005
NOT_BO                            00000000
NOT_BOR                           00000000
NOT_DONE                          00000002
NOT_PD                            00000003
NOT_POR                           00000001
NOT_RBPU                          00000007
NOT_RC8                           00000006
NOT_T1SYNC                        00000002
NOT_TO                            00000004
NOT_TX8                           00000006
NOT_W                             00000002
NOT_WRITE                         00000002
OERR                              00000001
OPTION_REG                        00000081
P                                 00000004
PCFG0                             00000000
PCFG1                             00000001
PCFG2                             00000002
PCFG3                             00000003
PCL                               00000002
PCLATH                            0000000A
PCON                              0000008E
MPASM 5.58  /HOME/LUIS/PROJECTS/MICRO/6-T2.X   10-1-2014  17:57:18         PAGE 12


SYMBOL TABLE
  LABEL                             VALUE 

PEIE                              00000006
PEN                               00000002
PIE1                              0000008C
PIE2                              0000008D
PIR1                              0000000C
PIR2                              0000000D
PORTA                             00000005
PORTB                             00000006
PORTC                             00000007
PR2                               00000092
PS0                               00000000
PS1                               00000001
PS2                               00000002
PSA                               00000003
R                                 00000002
RA0                               00000000
RA1                               00000001
RA2                               00000002
RA3                               00000003
RA4                               00000004
RA5                               00000005
RB0                               00000000
RB1                               00000001
RB2                               00000002
RB3                               00000003
RB4                               00000004
RB5                               00000005
RB6                               00000006
RB7                               00000007
RBIE                              00000003
RBIF                              00000000
RC0                               00000000
RC1                               00000001
RC2                               00000002
RC3                               00000003
RC4                               00000004
RC5                               00000005
RC6                               00000006
RC7                               00000007
RC8_9                             00000006
RC9                               00000006
RCD8                              00000000
RCEN                              00000003
RCIE                              00000005
RCIF                              00000005
RCREG                             0000001A
RCSTA                             00000018
RD                                00000000
READ_WRITE                        00000002
RP0                               00000005
RP1                               00000006
RSEN                              00000001
RX9                               00000006
MPASM 5.58  /HOME/LUIS/PROJECTS/MICRO/6-T2.X   10-1-2014  17:57:18         PAGE 13


SYMBOL TABLE
  LABEL                             VALUE 

RX9D                              00000000
R_NOT_W                           00000002
R_W                               00000002
S                                 00000003
SEN                               00000000
SMP                               00000007
SPBRG                             00000099
SPEN                              00000007
SREN                              00000005
SSPADD                            00000093
SSPBUF                            00000013
SSPCON                            00000014
SSPCON2                           00000091
SSPEN                             00000005
SSPIE                             00000003
SSPIF                             00000003
SSPM0                             00000000
SSPM1                             00000001
SSPM2                             00000002
SSPM3                             00000003
SSPOV                             00000006
SSPSTAT                           00000094
STATUS                            00000003
SYNC                              00000004
T0CS                              00000005
T0IE                              00000005
T0IF                              00000002
T0SE                              00000004
T1CKPS0                           00000004
T1CKPS1                           00000005
T1CON                             00000010
T1INSYNC                          00000002
T1OSCEN                           00000003
T1SYNC                            00000002
T2CKPS0                           00000000
T2CKPS1                           00000001
T2CON                             00000012
TMR0                              00000001
TMR0IE                            00000005
TMR0IF                            00000002
TMR0_mirror                       0000002F
TMR1                              0000000E
TMR1CS                            00000001
TMR1H                             0000000F
TMR1IE                            00000000
TMR1IF                            00000000
TMR1L                             0000000E
TMR1ON                            00000000
TMR2                              00000011
TMR2IE                            00000001
TMR2IF                            00000001
TMR2ON                            00000002
TOUTPS0                           00000003
MPASM 5.58  /HOME/LUIS/PROJECTS/MICRO/6-T2.X   10-1-2014  17:57:18         PAGE 14


SYMBOL TABLE
  LABEL                             VALUE 

TOUTPS1                           00000004
TOUTPS2                           00000005
TOUTPS3                           00000006
TRISA                             00000085
TRISA0                            00000000
TRISA1                            00000001
TRISA2                            00000002
TRISA3                            00000003
TRISA4                            00000004
TRISA5                            00000005
TRISB                             00000086
TRISB0                            00000000
TRISB1                            00000001
TRISB2                            00000002
TRISB3                            00000003
TRISB4                            00000004
TRISB5                            00000005
TRISB6                            00000006
TRISB7                            00000007
TRISC                             00000087
TRISC0                            00000000
TRISC1                            00000001
TRISC2                            00000002
TRISC3                            00000003
TRISC4                            00000004
TRISC5                            00000005
TRISC6                            00000006
TRISC7                            00000007
TRMT                              00000001
TX8_9                             00000006
TX9                               00000006
TX9D                              00000000
TXD8                              00000000
TXEN                              00000005
TXIE                              00000004
TXIF                              00000004
TXREG                             00000019
TXSTA                             00000098
UA                                00000001
W                                 00000000
WCOL                              00000007
WR                                00000001
WREN                              00000002
WRERR                             00000003
Z                                 00000002
_.org_1_0041                      00000041
_.org_1_00AF                      000000AF
_BODEN_OFF                        00003FBF
_BODEN_ON                         00003FFF
_BOREN_OFF                        00003FBF
_BOREN_ON                         00003FFF
_CONFIG                           00002007
_CPD_OFF                          00003FFF
MPASM 5.58  /HOME/LUIS/PROJECTS/MICRO/6-T2.X   10-1-2014  17:57:18         PAGE 15


SYMBOL TABLE
  LABEL                             VALUE 

_CPD_ON                           00003EFF
_CP_ALL                           00000FCF
_CP_HALF                          00001FDF
_CP_OFF                           00003FFF
_CP_UPPER_256                     00002FEF
_DEBUG_OFF                        00003FFF
_DEBUG_ON                         000037FF
_DEVID1                           00002006
_FOSC_EXTRC                       00003FFF
_FOSC_HS                          00003FFE
_FOSC_LP                          00003FFC
_FOSC_XT                          00003FFD
_HS_OSC                           00003FFE
_IDLOC0                           00002000
_IDLOC1                           00002001
_IDLOC2                           00002002
_IDLOC3                           00002003
_LP_OSC                           00003FFC
_LVP_OFF                          00003F7F
_LVP_ON                           00003FFF
_PWRTE_OFF                        00003FFF
_PWRTE_ON                         00003FF7
_RC_OSC                           00003FFF
_WDTE_OFF                         00003FFB
_WDTE_ON                          00003FFF
_WDT_OFF                          00003FFB
_WDT_ON                           00003FFF
_WRT_ENABLE_OFF                   00003DFF
_WRT_ENABLE_ON                    00003FFF
_WRT_OFF                          00003DFF
_WRT_ON                           00003FFF
_XT_OSC                           00003FFD
__16F873A                         00000001
__DEBUG                           
aritimetica                       0000004F
aux                               00000020
byte_enviar_serial                00000023
byte_recebido_serial              00000022
calcula_valor                     00000045
configura_serial                  00000053
configura_timer                   00000086
count_h                           00000025
count_l                           00000024
count_uh                          00000026
counter                           0000002C
delay                             000000A3
delay_loop_h                      000000A6
delay_loop_l                      000000A8
delay_loop_uh                     000000A4
end_int                           00000024
end_leitura_serial_asinc          00000074
envia_w_serial                    00000078
escrita_serial                    0000007B
MPASM 5.58  /HOME/LUIS/PROJECTS/MICRO/6-T2.X   10-1-2014  17:57:18         PAGE 16


SYMBOL TABLE
  LABEL                             VALUE 

espera_escrita_serial             0000007D
espera_leitura_serial             00000064
espera_valor                      00000042
fase_alta                         0000001B
fase_baixa                        00000020
inicia_timer                      00000098
leitura_serial                    00000062
leitura_serial_asinc              0000006D
mini_loop                         0000002A
mini_loop_lenth                   0000002B
port_b_high_value                 0000002D
port_b_low_value                  0000002E
portb_mirror                      00000021
start                             00000025
th                                00000027
th_thresh_hold                    00000029
tl                                00000028

Errors   :     0
Warnings :     0 reported,     0 suppressed
Messages :     9 reported,     0 suppressed

