MPASM 5.55  /HOME/LUIS/PROJETOS/MICRO/3-TRAB   5-23-2014  21:14:07         PAGE  1


LOC  OBJECT CODE     LINE SOURCE TEXT
  VALUE

                      00001 #include<p16f873.inc> ; define o pic a utilizar
                      00001         LIST
                      00002 
                      00003 ;==========================================================================
                      00004 ;  MPASM PIC16F873 processor include
                      00005 ; 
                      00006 ;  (c) Copyright 1999-2014 Microchip Technology, All rights reserved
                      00007 ;==========================================================================
                      00008 
Message[301]: MESSAGE: (Processor-header file mismatch.  Verify selected processor.)
                      00500         LIST
2007   3D39           00002         __config _XT_OSC & _WDT_OFF & _PWRTE_OFF & _CP_OFF & _BOREN_OFF & _LVP_OFF & _CPD_OFF & _DEBUG_O
                            FF & _WRT_OFF
                      00003 
                      00004         #define byte_enviar_serial              0x20
                      00005         #define byte_recebido_serial    0x21
                      00006         #define ad_h                                    0x22
                      00007         #define ad_l                                    0x23
                      00008         #define temperatura                             0x24
                      00009         #define count_l                                 0x25
                      00010         #define count_h                                 0x26
                      00011         #define count_uh                                0x27
                      00012         #define DEBUG                                   0x1
                      00013 
0000                  00014         ORG 0
0000   2805           00015         GOTO    start                              ; go to beginning of program
0004                  00016         ORG      4
                      00017         ;
0004   0009           00018         RETFIE
                      00019 
0005                  00020 start:
0005   200B           00021         CALL    configura_serial
0006   202E           00022         CALL    configura_ad
                      00023 
0007                  00024 loop_leitura_ad:
                      00025 
0007   203B           00026         CALL    leitura_ad                              ; executa leitura AD
                      00027 
0008   300A           00028         MOVLW   0x0a
0009   2058           00029         CALL    delay
000A   2807           00030         GOTO    loop_leitura_ad                           ; loop forever
                      00031 
                      00032 ; -------------------------------------------------------------------------
                      00033 ; ------------------------------ FUNCOES ----------------------------------
                      00034 ; -------------------------------------------------------------------------
                      00035 
                      00036 ; ------------------------------ SECAO SERIAL -----------------------------
000B                  00037 configura_serial:
                      00038                 ; TXSTA: TRANSMIT STATUS AND CONTROL REGISTER (ADDRESS 98h)
                      00039                 ; CSRC: Clock Source Select bit         = 0 (assincrono)
                      00040                 ; TX9: 9-bit Transmit Enable bit        = 0 (sem 9ยบ bit)
                      00041                 ; TXEN: Transmit Enable bit                     = 1 (liga o tx)
                      00042                 ; SYNC: USART Mode Select bit           = 0 (assincrono)
MPASM 5.55  /HOME/LUIS/PROJETOS/MICRO/3-TRAB   5-23-2014  21:14:07         PAGE  2


LOC  OBJECT CODE     LINE SOURCE TEXT
  VALUE

                      00043                 ; U-0 :                                                         = 0     (n/a)
                      00044                 ; BRGH: High Baud Rate Select bit       = 1 (High speed)
                      00045                 ; TRMT: Transmit Status bit                     = 0 (read-only)
                      00046                 ; TX9D: 9th bit                                         = 0 (n/a)
                      00047                 ; TXSTA = 0010 0100
000B   1683 1303      00048                 BANKSEL TXSTA
000D   3024           00049                 MOVLW   B'00100100'
Message[302]: Register in operand not in bank 0.  Ensure that bank bits are correct.
000E   0098           00050                 MOVWF   TXSTA
                      00051 
                      00052                 ; RCSTA: RECEIVE STATUS AND CONTROL REGISTER (ADDRESS 18h)
                      00053                 ; SPEN: Serial Port Enable bit                  = 1 (enable)
                      00054                 ; RX9: 9-bit Receive Enable bit                 = 0 (sem 9ยบ bit)
                      00055                 ; SREN: Single Receive Enable bit               = 0 (N/A)
                      00056                 ; CREN: Continuous Receive Enable bit   = 1 (continuous receive)
                      00057                 ; ADDEN: Address Detect Enable bit              = 0 (N/A)
                      00058                 ; FERR: Framing Error bit                               = 0 (read-only)
                      00059                 ; OERR: Overrun Error bit                               = 0 (read-only)
                      00060                 ; RX9D: 9th bit of Received Data                = 0 (read-only)
                      00061                 ; RCSTA = 1001 0000
000F   1283 1303      00062                 BANKSEL RCSTA
0011   3090           00063                 MOVLW   B'10010000'
0012   0098           00064                 MOVWF   RCSTA
                      00065 
                      00066                 ; SPBRG = 25
                      00067                 ; calculado para 9600 bps
0013   1683 1303      00068                 BANKSEL SPBRG
0015   3019           00069                 MOVLW   D'25'
Message[302]: Register in operand not in bank 0.  Ensure that bank bits are correct.
0016   0099           00070                 MOVWF   SPBRG
0017   0008           00071         RETURN
0018                  00072 leitura_serial:
0018   1283 1303      00073                 BANKSEL PIR1
                      00074                 ; registrador PIR1 contem as flags individuais de cada uma das
                      00075                 ; interrupcoes perifericas
                      00076                 ; bit RCIF indica se o buffer de entrada esta cheio
                      00077                 ; (entrada serial)
001A                  00078 espera_leitura_serial:
001A   1E8C           00079                 BTFSS   PIR1,   RCIF                    ; se bit RCIF do registrador PIR1
                      00080                                                                                 ; ou seja, se tem coisa 
                            a ler
001B   281A           00081                 GOTO    espera_leitura_serial   ; nao chegou byte
001C   1283 1303      00082                 BANKSEL RCREG
001E   081A           00083                 MOVF    RCREG, W                                ; chegou byte
                      00084                 ;BANKSEL        byte_recebido_serial
001F   1283           00085                 BCF             STATUS,         RP0
0020   1303           00086                 BCF             STATUS,         RP1
                      00087                 ;MOVLW  0x7b ; DEBUG
0021   00A1           00088                 MOVWF   byte_recebido_serial
0022   0008           00089         RETURN
0023                  00090 escrita_serial:
                      00091                 ; TXSTA:        transmit status and control register
                      00092                 ; TRMT:  bit de buffer de escrita cheio
MPASM 5.55  /HOME/LUIS/PROJETOS/MICRO/3-TRAB   5-23-2014  21:14:07         PAGE  3


LOC  OBJECT CODE     LINE SOURCE TEXT
  VALUE

0023   1683 1303      00093                 BANKSEL TXSTA
                      00094                 ; caso ainda nao tenha enviado o que esta no buffer
                      00095                 ; espera o envio (anterior)
0025                  00096 espera_escrita_serial:
                      00097                 ;TRMT: Transmit Shift Register Status bit
                      00098                 ;1 = TSR empty
                      00099                 ;0 = TSR full
Message[302]: Register in operand not in bank 0.  Ensure that bank bits are correct.
0025   1C98           00100                 BTFSS   TXSTA, TRMT                             ; TRMT == 1? ;
0026   2825           00101                 GOTO    espera_escrita_serial   ; buffer cheio, espere
                      00102                 ;BANKSEL        byte_enviar_serial
0027   1283           00103                 BCF             STATUS, RP0
0028   1303           00104                 BCF             STATUS, RP1
0029   0820           00105                 MOVF    byte_enviar_serial,     W       ; pega a variavel
002A   1283 1303      00106                 BANKSEL TXREG
002C   0099           00107                 MOVWF   TXREG                                   ; escreve a variavel para o buffer
002D   0008           00108         RETURN
                      00109 ; ------------------------ SECAO AD --------------------------------------
002E                  00110 configura_ad:
                      00111                 ; PORTA = analogico em AN0
                      00112                 ; TRISA = 0000 0001
002E   1683 1303      00113                 BANKSEL TRISA
0030   3001           00114                 MOVLW   B'00000001'
Message[302]: Register in operand not in bank 0.  Ensure that bank bits are correct.
0031   0085           00115                 MOVWF   TRISA
                      00116 
                      00117                 ; ADCON0 = 01 000 0 0 1
0032   1283 1303      00118                 BANKSEL ADCON0
0034   3041           00119                 MOVLW   B'01000001'
0035   009F           00120                 MOVWF   ADCON0
                      00121 
                      00122                 ; ADCON1 = 0 000 0000
                      00123                 ; ADFM = 0: ajuste a esquerda
                      00124                 ; XXX
                      00125                 ; PCFG = 0000: configuracao geral (muitos bits)
0036   1683 1303      00126                 BANKSEL ADCON1
0038   3080           00127                 MOVLW   B'10000000'
Message[302]: Register in operand not in bank 0.  Ensure that bank bits are correct.
0039   009F           00128                 MOVWF   ADCON1
003A   0008           00129         RETURN
003B                  00130 leitura_ad:
                      00131                 ; inicia conversao
003B   1283 1303      00132                 BANKSEL ADCON0
003D   151F           00133                 BSF             ADCON0, GO_DONE         ; inicia a corvesao
                      00134 
                      00135                 ; espera conversao
003E                  00136 espera_conversao:;;
003E   0000           00137                 NOP
003F   0000           00138                 NOP
0040   0000           00139                 NOP
0041   191F           00140                 BTFSC   ADCON0, GO_DONE         ; bit 2 = GO/DONE,
0042   283E           00141                 GOTO    espera_conversao        ; se nao pronto
                      00142                 ; se pronto
MPASM 5.55  /HOME/LUIS/PROJETOS/MICRO/3-TRAB   5-23-2014  21:14:07         PAGE  4


LOC  OBJECT CODE     LINE SOURCE TEXT
  VALUE

                      00143 
                      00144                 ; copia os valores
0043   1283 1303      00145                 BANKSEL ADRESH
0045   081E           00146                 MOVF    ADRESH,         W
                      00147                 ; envia
0046   1683 1303      00148                 BANKSEL TXSTA
0048                  00149 espera_escrita_serial_1:
Message[302]: Register in operand not in bank 0.  Ensure that bank bits are correct.
0048   1C98           00150                 BTFSS   TXSTA, TRMT                             ; TRMT == 1? ;
0049   2848           00151                 GOTO    espera_escrita_serial_1   ; buffer cheio, espere
004A   1283 1303      00152                 BANKSEL TXREG
004C   0099           00153                 MOVWF   TXREG                                   ; escreve a variavel para o buffer
                      00154 
                      00155 
004D   1683 1303      00156                 BANKSEL ADRESL
Message[302]: Register in operand not in bank 0.  Ensure that bank bits are correct.
004F   081E           00157                 MOVF    ADRESL,         W
                      00158                 ; envia
0050   1683 1303      00159                 BANKSEL TXSTA
0052                  00160 espera_escrita_serial_2:
Message[302]: Register in operand not in bank 0.  Ensure that bank bits are correct.
0052   1C98           00161                 BTFSS   TXSTA, TRMT                             ; TRMT == 1? ;
0053   2852           00162                 GOTO    espera_escrita_serial_2   ; buffer cheio, espere
0054   1283 1303      00163                 BANKSEL TXREG
0056   0099           00164                 MOVWF   TXREG                                   ; escreve a variavel para o buffer
                      00165 
0057   0008           00166         RETURN
                      00167 
0058                  00168 delay:
0058   00A7           00169                 MOVWF   count_uh
0059                  00170 delay_loop_uh:
0059   30FF           00171                 MOVLW   0xff
005A   00A6           00172                 MOVWF   count_h
005B                  00173 delay_loop_h:
005B   30FF           00174                 MOVLW   0xff
005C   00A5           00175                 MOVWF   count_l
005D                  00176 delay_loop_l:
Message[305]: Using default destination of 1 (file).
005D   0BA5           00177                 DECFSZ  count_l
005E   285D           00178                 GOTO    delay_loop_l
Message[305]: Using default destination of 1 (file).
005F   0BA6           00179                 DECFSZ  count_h
0060   285B           00180                 GOTO    delay_loop_h
Message[305]: Using default destination of 1 (file).
0061   0BA7           00181                 DECFSZ  count_uh
0062   2859           00182                 GOTO    delay_loop_uh
0063   0008           00183         RETURN
                      00184         END
MPASM 5.55  /HOME/LUIS/PROJETOS/MICRO/3-TRAB   5-23-2014  21:14:07         PAGE  5


SYMBOL TABLE
  LABEL                             VALUE 

ACKDT                             00000005
ACKEN                             00000004
ACKSTAT                           00000006
ADCON0                            0000001F
ADCON1                            0000009F
ADCS0                             00000006
ADCS1                             00000007
ADDEN                             00000003
ADFM                              00000007
ADIE                              00000006
ADIF                              00000006
ADON                              00000000
ADRESH                            0000001E
ADRESL                            0000009E
BCLIE                             00000003
BCLIF                             00000003
BF                                00000000
BRGH                              00000002
C                                 00000000
CCP1CON                           00000017
CCP1IE                            00000002
CCP1IF                            00000002
CCP1M0                            00000000
CCP1M1                            00000001
CCP1M2                            00000002
CCP1M3                            00000003
CCP1X                             00000005
CCP1Y                             00000004
CCP2CON                           0000001D
CCP2IE                            00000000
CCP2IF                            00000000
CCP2M0                            00000000
CCP2M1                            00000001
CCP2M2                            00000002
CCP2M3                            00000003
CCP2X                             00000005
CCP2Y                             00000004
CCPR1                             00000015
CCPR1H                            00000016
CCPR1L                            00000015
CCPR2                             0000001B
CCPR2H                            0000001C
CCPR2L                            0000001B
CHS0                              00000003
CHS1                              00000004
CHS2                              00000005
CKE                               00000006
CKP                               00000004
CREN                              00000004
CSRC                              00000007
D                                 00000005
DATA_ADDRESS                      00000005
DC                                00000001
MPASM 5.55  /HOME/LUIS/PROJETOS/MICRO/3-TRAB   5-23-2014  21:14:07         PAGE  6


SYMBOL TABLE
  LABEL                             VALUE 

DEBUG                             0x1
D_A                               00000005
D_NOT_A                           00000005
EEADR                             0000010D
EEADRH                            0000010F
EECON1                            0000018C
EECON2                            0000018D
EEDATA                            0000010C
EEDATH                            0000010E
EEIE                              00000004
EEIF                              00000004
EEPGD                             00000007
F                                 00000001
FERR                              00000002
FSR                               00000004
GCEN                              00000007
GIE                               00000007
GO                                00000002
GO_DONE                           00000002
GO_NOT_DONE                       00000002
I2C_DATA                          00000005
I2C_READ                          00000002
I2C_START                         00000003
I2C_STOP                          00000004
INDF                              00000000
INTCON                            0000000B
INTE                              00000004
INTEDG                            00000006
INTF                              00000001
IRP                               00000007
NOT_A                             00000005
NOT_ADDRESS                       00000005
NOT_BO                            00000000
NOT_BOR                           00000000
NOT_DONE                          00000002
NOT_PD                            00000003
NOT_POR                           00000001
NOT_RBPU                          00000007
NOT_RC8                           00000006
NOT_T1SYNC                        00000002
NOT_TO                            00000004
NOT_TX8                           00000006
NOT_W                             00000002
NOT_WRITE                         00000002
OERR                              00000001
OPTION_REG                        00000081
P                                 00000004
PCFG0                             00000000
PCFG1                             00000001
PCFG2                             00000002
PCFG3                             00000003
PCL                               00000002
PCLATH                            0000000A
MPASM 5.55  /HOME/LUIS/PROJETOS/MICRO/3-TRAB   5-23-2014  21:14:07         PAGE  7


SYMBOL TABLE
  LABEL                             VALUE 

PCON                              0000008E
PEIE                              00000006
PEN                               00000002
PIE1                              0000008C
PIE2                              0000008D
PIR1                              0000000C
PIR2                              0000000D
PORTA                             00000005
PORTB                             00000006
PORTC                             00000007
PR2                               00000092
PS0                               00000000
PS1                               00000001
PS2                               00000002
PSA                               00000003
R                                 00000002
RA0                               00000000
RA1                               00000001
RA2                               00000002
RA3                               00000003
RA4                               00000004
RA5                               00000005
RB0                               00000000
RB1                               00000001
RB2                               00000002
RB3                               00000003
RB4                               00000004
RB5                               00000005
RB6                               00000006
RB7                               00000007
RBIE                              00000003
RBIF                              00000000
RC0                               00000000
RC1                               00000001
RC2                               00000002
RC3                               00000003
RC4                               00000004
RC5                               00000005
RC6                               00000006
RC7                               00000007
RC8_9                             00000006
RC9                               00000006
RCD8                              00000000
RCEN                              00000003
RCIE                              00000005
RCIF                              00000005
RCREG                             0000001A
RCSTA                             00000018
RD                                00000000
READ_WRITE                        00000002
RP0                               00000005
RP1                               00000006
RSEN                              00000001
MPASM 5.55  /HOME/LUIS/PROJETOS/MICRO/3-TRAB   5-23-2014  21:14:07         PAGE  8


SYMBOL TABLE
  LABEL                             VALUE 

RX9                               00000006
RX9D                              00000000
R_NOT_W                           00000002
R_W                               00000002
S                                 00000003
SEN                               00000000
SMP                               00000007
SPBRG                             00000099
SPEN                              00000007
SREN                              00000005
SSPADD                            00000093
SSPBUF                            00000013
SSPCON                            00000014
SSPCON2                           00000091
SSPEN                             00000005
SSPIE                             00000003
SSPIF                             00000003
SSPM0                             00000000
SSPM1                             00000001
SSPM2                             00000002
SSPM3                             00000003
SSPOV                             00000006
SSPSTAT                           00000094
STATUS                            00000003
SYNC                              00000004
T0CS                              00000005
T0IE                              00000005
T0IF                              00000002
T0SE                              00000004
T1CKPS0                           00000004
T1CKPS1                           00000005
T1CON                             00000010
T1INSYNC                          00000002
T1OSCEN                           00000003
T1SYNC                            00000002
T2CKPS0                           00000000
T2CKPS1                           00000001
T2CON                             00000012
TMR0                              00000001
TMR0IE                            00000005
TMR0IF                            00000002
TMR1                              0000000E
TMR1CS                            00000001
TMR1H                             0000000F
TMR1IE                            00000000
TMR1IF                            00000000
TMR1L                             0000000E
TMR1ON                            00000000
TMR2                              00000011
TMR2IE                            00000001
TMR2IF                            00000001
TMR2ON                            00000002
TOUTPS0                           00000003
MPASM 5.55  /HOME/LUIS/PROJETOS/MICRO/3-TRAB   5-23-2014  21:14:07         PAGE  9


SYMBOL TABLE
  LABEL                             VALUE 

TOUTPS1                           00000004
TOUTPS2                           00000005
TOUTPS3                           00000006
TRISA                             00000085
TRISA0                            00000000
TRISA1                            00000001
TRISA2                            00000002
TRISA3                            00000003
TRISA4                            00000004
TRISA5                            00000005
TRISB                             00000086
TRISB0                            00000000
TRISB1                            00000001
TRISB2                            00000002
TRISB3                            00000003
TRISB4                            00000004
TRISB5                            00000005
TRISB6                            00000006
TRISB7                            00000007
TRISC                             00000087
TRISC0                            00000000
TRISC1                            00000001
TRISC2                            00000002
TRISC3                            00000003
TRISC4                            00000004
TRISC5                            00000005
TRISC6                            00000006
TRISC7                            00000007
TRMT                              00000001
TX8_9                             00000006
TX9                               00000006
TX9D                              00000000
TXD8                              00000000
TXEN                              00000005
TXIE                              00000004
TXIF                              00000004
TXREG                             00000019
TXSTA                             00000098
UA                                00000001
W                                 00000000
WCOL                              00000007
WR                                00000001
WREN                              00000002
WRERR                             00000003
Z                                 00000002
_BODEN_OFF                        00003FBF
_BODEN_ON                         00003FFF
_BOREN_OFF                        00003FBF
_BOREN_ON                         00003FFF
_CONFIG                           00002007
_CPD_OFF                          00003FFF
_CPD_ON                           00003EFF
_CP_ALL                           00000FCF
MPASM 5.55  /HOME/LUIS/PROJETOS/MICRO/3-TRAB   5-23-2014  21:14:07         PAGE 10


SYMBOL TABLE
  LABEL                             VALUE 

_CP_HALF                          00001FDF
_CP_OFF                           00003FFF
_CP_UPPER_256                     00002FEF
_DEBUG_OFF                        00003FFF
_DEBUG_ON                         000037FF
_DEVID1                           00002006
_FOSC_EXTRC                       00003FFF
_FOSC_HS                          00003FFE
_FOSC_LP                          00003FFC
_FOSC_XT                          00003FFD
_HS_OSC                           00003FFE
_IDLOC0                           00002000
_IDLOC1                           00002001
_IDLOC2                           00002002
_IDLOC3                           00002003
_LP_OSC                           00003FFC
_LVP_OFF                          00003F7F
_LVP_ON                           00003FFF
_PWRTE_OFF                        00003FFF
_PWRTE_ON                         00003FF7
_RC_OSC                           00003FFF
_WDTE_OFF                         00003FFB
_WDTE_ON                          00003FFF
_WDT_OFF                          00003FFB
_WDT_ON                           00003FFF
_WRT_ENABLE_OFF                   00003DFF
_WRT_ENABLE_ON                    00003FFF
_WRT_OFF                          00003DFF
_WRT_ON                           00003FFF
_XT_OSC                           00003FFD
__16F873A                         00000001
ad_h                              0x22
ad_l                              0x23
byte_enviar_serial                0x20
byte_recebido_serial              0x21
configura_ad                      0000002E
configura_serial                  0000000B
count_h                           0x26
count_l                           0x25
count_uh                          0x27
delay                             00000058
delay_loop_h                      0000005B
delay_loop_l                      0000005D
delay_loop_uh                     00000059
escrita_serial                    00000023
espera_conversao                  0000003E
espera_escrita_serial             00000025
espera_escrita_serial_1           00000048
espera_escrita_serial_2           00000052
espera_leitura_serial             0000001A
leitura_ad                        0000003B
leitura_serial                    00000018
loop_leitura_ad                   00000007
MPASM 5.55  /HOME/LUIS/PROJETOS/MICRO/3-TRAB   5-23-2014  21:14:07         PAGE 11


SYMBOL TABLE
  LABEL                             VALUE 

start                             00000005
temperatura                       0x24


MEMORY USAGE MAP ('X' = Used,  '-' = Unused)

0000 : X---XXXXXXXXXXXX XXXXXXXXXXXXXXXX XXXXXXXXXXXXXXXX XXXXXXXXXXXXXXXX
0040 : XXXXXXXXXXXXXXXX XXXXXXXXXXXXXXXX XXXX------------ ----------------
2000 : -------X-------- ---------------- ---------------- ----------------

All other memory blocks unused.

Program Memory Words Used:    97
Program Memory Words Free:  3999


Errors   :     0
Warnings :     0 reported,     0 suppressed
Messages :    12 reported,     0 suppressed

