MPASM 5.58  /HOME/LUIS/PROJECTS/MICRO/6-T2/G   9-27-2014  17:38:05         PAGE  1


LOC  OBJECT CODE     LINE SOURCE TEXT
  VALUE

                      00001 #include<p16f873.inc> ; define o pic a utilizar
                      00001         LIST
                      00002 
                      00003 ;==========================================================================
                      00004 ; Build date : Aug 07 2014
                      00005 ;  MPASM PIC16F873 processor include
                      00006 ; 
                      00007 ;  (c) Copyright 1999-2014 Microchip Technology, All rights reserved
                      00008 ;==========================================================================
                      00009 
Message[301]: MESSAGE: (Processor-header file mismatch.  Verify selected processor.)
                      00501         LIST
2007   3D39           00002         __config _XT_OSC & _WDT_OFF & _PWRTE_OFF & _CP_OFF & _BOREN_OFF & _LVP_OFF & _CPD_OFF & _DEBUG_O
                            FF & _WRT_OFF
                      00003 
                      00004         ; 0X20 é o inicio da memoria usavel nos dados (MD)
                      00005         CBLOCK 0X20
                      00006                 ; variavies
                      00007                 ; fucoes de serial
  00000020            00008                 byte_recebido_serial
  00000021            00009                 byte_enviar_serial
                      00010                 ; funcao delay
  00000022            00011                 count_l
  00000023            00012                 count_h
  00000024            00013                 count_uh
                      00014                 ; funcao pulso
  00000025            00015                 th
  00000026            00016                 tl
                      00017                 ; troca entre th e tl
  00000027            00018                 counter
  00000028            00019                 port_b_high_value
  00000029            00020                 port_b_low_value
                      00021         ENDC
                      00022 
0000                  00023         ORG 0
0000   2805           00024         GOTO    start                              ; go to beginning of program
0004                  00025         ORG      4
                      00026         ; INTERRUPCOES :
                      00027         ; timer
                      00028 
0004                  00029 end_int:
0004   0009           00030         RETFIE
                      00031 
0005                  00032 start:
                      00033         ; inicializa as variaveis
0005   3001           00034         MOVLW   0x01
0006   00A7           00035         MOVWF   counter
                      00036 
                      00037         ; configura todas as portas RB para output para incicializar PORTB
0007   3000           00038         MOVLW   0x00
0008   1683 1303      00039         BANKSEL TRISB
Message[302]: Register in operand not in bank 0.  Ensure that bank bits are correct.
000A   0086           00040         MOVWF   TRISB
MPASM 5.58  /HOME/LUIS/PROJECTS/MICRO/6-T2/G   9-27-2014  17:38:05         PAGE  2


LOC  OBJECT CODE     LINE SOURCE TEXT
  VALUE

000B   1283 1303      00041         BANKSEL PORTB
000D   0086           00042         MOVWF   PORTB
                      00043 
000E   3005           00044         MOVLW   0x5
000F   00A5           00045         MOVWF   th
0010   00A6           00046         MOVWF   tl
                      00047 
0011   30FF           00048         MOVLW   0xFF
0012   00A8           00049         MOVWF   port_b_high_value
0013   3000           00050         MOVLW   0x00
0014   00A9           00051         MOVWF   port_b_low_value
                      00052         
                      00053         ; outras configuracoes
0015   2038           00054         CALL    configura_serial
                      00055         ;CALL   configura_timer
                      00056 
0016   2824           00057         GOTO    loop_pulsos
0017                  00058 espera_valor:
                      00059         ; espera os dados da serial
0017   2045           00060         CALL    leitura_serial
0018   0820           00061         MOVF    byte_recebido_serial, W
                      00062 
                      00063         ; menor que 78, espera outro
0019   3C4D           00064     SUBLW       D'77'
001A   1803           00065         BTFSC   STATUS, C
001B   2817           00066                 GOTO    espera_valor
                      00067         ; maior que 124, espera outro
001C   0825           00068         MOVF    th, w
001D   3C7C           00069         SUBLW   D'124'
001E   1C03           00070         BTFSS   STATUS, C
001F   2817           00071                 GOTO    espera_valor
                      00072         
                      00073         ; faz aritimética
0020   00A5           00074         MOVWF   th                                                      ; TH = valorRecebido
0021   307D           00075         MOVLW   d'125'
0022   0220           00076         SUBWF   byte_recebido_serial, W         ; W= 125-TH
0023   00A6           00077         MOVWF   tl                                                      ; TL = W (125-TH)
                      00078 
0024                  00079 loop_pulsos:
                      00080         ; CALL delay
                      00081 ; ------------------------------ SECAO PULSOS -----------------------------
0024                  00082 pulsos_4:
0024   1283 1303      00083         BANKSEL TMR0 ; BAKSEL BANK 0
0026   0BA7           00084         DECFSZ  counter,        1
0027   2836           00085                 GOTO pulsos_4_end
                      00086 
                      00087         ; encotra a fase atual
0028   0829           00088         MOVF    port_b_low_value,       0       ; W = low_value
0029   0206           00089         SUBWF   PORTB,                          0       ; W = W - PORTB
002A   1903           00090         BTFSC   STATUS,                         Z       ; if PORTB == low_value (Z is SET ?)
002B   282D           00091                 GOTO    fase_alta                       ; TRUE era BAIXO e agora deve ser ALTO
002C   2832           00092         GOTO    fase_baixa                              ; FALSE era ALTO e agora deve ser BAIXO
                      00093 
MPASM 5.58  /HOME/LUIS/PROJECTS/MICRO/6-T2/G   9-27-2014  17:38:05         PAGE  3


LOC  OBJECT CODE     LINE SOURCE TEXT
  VALUE

002D                  00094 fase_alta:
                      00095         ; reinicia o contador de acordo com a fase
002D   0825           00096         MOVF    th, W
002E   00A7           00097         MOVWF   counter
                      00098 
                      00099         ; configura a saida de acordo com a fase
002F   0828           00100         MOVF    port_b_high_value, 0
0030   0086           00101         MOVWF   PORTB
                      00102 
0031   2836           00103         GOTO pulsos_4_end
0032                  00104 fase_baixa:
                      00105         ; reinicia o contador de acordo com a fase
0032   0826           00106         MOVF    tl, W
0033   00A7           00107         MOVWF   counter
                      00108 
                      00109         ; configura a saida de acordo com a fase
0034   0829           00110         MOVF    port_b_low_value, 0
0035   0086           00111         MOVWF   PORTB
                      00112 
0036                  00113 pulsos_4_end:
0036   2824           00114         GOTO    loop_pulsos
                      00115 
0037   2837           00116         GOTO    $ ;security hold state loop
                      00117 
                      00118 ; ------------------------------ SECAO SERIAL -----------------------------
0038                  00119 configura_serial:
                      00120                 ; TXSTA: TRANSMIT STATUS AND CONTROL REGISTER (ADDRESS 98h)
                      00121                 ; CSRC: Clock Source Select bit         = 0 (assincrono)
                      00122                 ; TX9: 9-bit Transmit Enable bit        = 0 (sem 9º bit)
                      00123                 ; TXEN: Transmit Enable bit                     = 1 (liga o tx)
                      00124                 ; SYNC: USART Mode Select bit           = 0 (assincrono)
                      00125                 ; U-0 :                                                         = 0     (n/a)
                      00126                 ; BRGH: High Baud Rate Select bit       = 1 (High speed)
                      00127                 ; TRMT: Transmit Status bit                     = 0 (read-only)
                      00128                 ; TX9D: 9th bit                                         = 0 (n/a)
                      00129                 ; TXSTA = 0010 0100
0038   1683 1303      00130                 BANKSEL TXSTA
003A   3024           00131                 MOVLW   B'00100100'
Message[302]: Register in operand not in bank 0.  Ensure that bank bits are correct.
003B   0098           00132                 MOVWF   TXSTA
                      00133 
                      00134                 ; RCSTA: RECEIVE STATUS AND CONTROL REGISTER (ADDRESS 18h)
                      00135                 ; SPEN: Serial Port Enable bit                  = 1 (enable)
                      00136                 ; RX9: 9-bit Receive Enable bit                 = 0 (sem 9º bit)
                      00137                 ; SREN: Single Receive Enable bit               = 0 (N/A)
                      00138                 ; CREN: Continuous Receive Enable bit   = 1 (continuous receive)
                      00139                 ; ADDEN: Address Detect Enable bit              = 0 (N/A)
                      00140                 ; FERR: Framing Error bit                               = 0 (read-only)
                      00141                 ; OERR: Overrun Error bit                               = 0 (read-only)
                      00142                 ; RX9D: 9th bit of Received Data                = 0 (read-only)
                      00143                 ; RCSTA = 1001 0000
003C   1283 1303      00144                 BANKSEL RCSTA
003E   3090           00145                 MOVLW   B'10010000'
MPASM 5.58  /HOME/LUIS/PROJECTS/MICRO/6-T2/G   9-27-2014  17:38:05         PAGE  4


LOC  OBJECT CODE     LINE SOURCE TEXT
  VALUE

003F   0098           00146                 MOVWF   RCSTA
                      00147 
                      00148                 ; SPBRG = 25
                      00149                 ; calculado para 9600 bps
0040   1683 1303      00150                 BANKSEL SPBRG
0042   3019           00151                 MOVLW   D'25'
Message[302]: Register in operand not in bank 0.  Ensure that bank bits are correct.
0043   0099           00152                 MOVWF   SPBRG
0044   0008           00153         RETURN
0045                  00154 leitura_serial:
0045   1283 1303      00155                 BANKSEL PIR1
                      00156                 ; registrador PIR1 contem as flags individuais de cada uma das
                      00157                 ; interrupcoes perifericas
                      00158                 ; bit RCIF indica se o buffer de entrada esta cheio
                      00159                 ; (entrada serial)
0047                  00160 espera_leitura_serial:
0047   1E8C           00161                 BTFSS   PIR1,   RCIF                    ; se bit RCIF do registrador PIR1
                      00162                                                                                 ; ou seja, se tem coisa 
                            a ler
0048   2847           00163                 GOTO    espera_leitura_serial   ; nao chegou byte
0049   1283 1303      00164                 BANKSEL RCREG
004B   081A           00165                 MOVF    RCREG, W                                ; chegou byte
                      00166                 ;BANKSEL        byte_recebido_serial
004C   1283           00167                 BCF             STATUS,         RP0
004D   1303           00168                 BCF             STATUS,         RP1
004E   00A0           00169                 MOVWF   byte_recebido_serial
004F   0008           00170         RETURN
0050                  00171 escrita_serial:
                      00172                 ; TXSTA:        transmit status and control register
                      00173                 ; TRMT:  bit de buffer de escrita cheio
0050   1683 1303      00174                 BANKSEL TXSTA
                      00175                 ; caso ainda nao tenha enviado o que esta no buffer
                      00176                 ; espera o envio (anterior)
0052                  00177 espera_escrita_serial:
                      00178                 ;TRMT: Transmit Shift Register Status bit
                      00179                 ;1 = TSR empty
                      00180                 ;0 = TSR full
Message[302]: Register in operand not in bank 0.  Ensure that bank bits are correct.
0052   1C98           00181                 BTFSS   TXSTA, TRMT                             ; TRMT == 1? ;
0053   2852           00182                 GOTO    espera_escrita_serial   ; buffer cheio, espere
                      00183                 ;BANKSEL        byte_enviar_serial
0054   1283           00184                 BCF             STATUS, RP0
0055   1303           00185                 BCF             STATUS, RP1
0056   0821           00186                 MOVF    byte_enviar_serial,     W       ; pega a variavel
0057   1283 1303      00187                 BANKSEL TXREG
0059   0099           00188                 MOVWF   TXREG                                   ; escreve a variavel para o buffer
005A   0008           00189         RETURN
                      00190 ; ------------------------------ SECAO TIMER -----------------------------
005B                  00191 configura_timer:
                      00192                 ; T = 1ms
                      00193                 ; Fint = 1000 Hz
                      00194                 ; Prescaler = 2:1 (000)
                      00195                 ; TRM0 = 131
MPASM 5.58  /HOME/LUIS/PROJECTS/MICRO/6-T2/G   9-27-2014  17:38:05         PAGE  5


LOC  OBJECT CODE     LINE SOURCE TEXT
  VALUE

                      00196 
                      00197                 ; ATIVA O TIMER
                      00198                 ; OPTION_REG: control bits to configure
                      00199                 ;       the TMR0 prescaler/WDT postscaler (single assign-
                      00200                 ;       able register known also as the prescaler), the External
                      00201                 ;       INT Interrupt, TMR0 and the weak pull-ups on PORTB.
                      00202                 ;       (ADDRESS 81h, 181h)
                      00203                 ;
                      00204                 ; RBPU: PORTB Pull-up Enable bit                = 0 (PORTB pull-ups are enabled by indiv
                            idual port latch values)
                      00205                 ; INTEDG: Interrupt Edge Select bit             = 0 (Interrupt on falling edge of RB0/IN
                            T pin)
                      00206                 ; T0CS: TMR0 Clock Source Select bit    = 0 (Internal instruction cycle clock CLKOUT)
                      00207                 ; T0SE: TMR0 Source Edge Select bit             = 0 (assincrono)
                      00208                 ; PSA: Prescaler Assignment bit                 = 0 (Prescaler is assigned to the Timer0
                             module)
                      00209                 ; PS2:PS0: Prescaler Rate Select bits   = (1:2)
                      00210                 ; PS2                                                                   = 0
                      00211                 ; PS1                                                                   = 0
                      00212                 ; PS0                                                                   = 0
005B   1683 1303      00213                 BANKSEL OPTION_REG
005D   3000           00214                 MOVLW   B'00000000'
Message[302]: Register in operand not in bank 0.  Ensure that bank bits are correct.
005E   0081           00215                 MOVWF   OPTION_REG
                      00216 
                      00217                 ; CONFIGURA A INTERRUPÇÃO
                      00218                 ; INTCON: (ADDRESS 0Bh, 8Bh, 10Bh, 18Bh)
                      00219                 ;       enable and flag bits for the
                      00220                 ;       TMR0 register overflow, RB Port change and External
                      00221                 ;       RB0/INT pin interrupts.
                      00222                 ; GIE: Global Interrupt Enable bit                              = 1 (Enables all unmaske
                            d interrupts)
                      00223                 ; PEIE: Peripheral Interrupt Enable bit                 = x
                      00224                 ; T0IE: TMR0 Overflow Interrupt Enable bit              = 1 (Enables the TMR0 interrupt)
                      00225                 ; INTE: RB0/INT External Interrupt Enable bit   = x
                      00226                 ; RBIE: RB Port Change Interrupt Enable bit             = x
                      00227                 ; T0IF: TMR0 Overflow Interrupt Flag bit                = 0
                      00228                 ; INTF: RB0/INT External Interrupt Flag bit             = x (The RB0/INT external interr
                            upt did not occur)
                      00229                 ; RBIF: RB Port Change Interrupt Flag bit               = x (None of the RB7:RB4 pins ha
                            ve changed state)
                      00230                 ; INTCON = 1010 0000
005F   1283 1303      00231                 BANKSEL INTCON
0061   30A0           00232                 MOVLW   B'10100000'
0062   008B           00233                 MOVWF   INTCON
                      00234 
                      00235                 ; FREQUENCIA DE INTERRUPÇAO DO TIMER
                      00236                 ; (1MHz/4)/64[prescaler]
                      00237                 ; -----------------------
                      00238                 ;               (256 - TMR0)
0063   1283 1303      00239                 BANKSEL TMR0
0065   3083           00240                 MOVLW   D'131'
0066   0081           00241                 MOVWF   TMR0
MPASM 5.58  /HOME/LUIS/PROJECTS/MICRO/6-T2/G   9-27-2014  17:38:05         PAGE  6


LOC  OBJECT CODE     LINE SOURCE TEXT
  VALUE

0067   0008           00242         RETURN
                      00243 
0068                  00244 delay:
0068   00A4           00245                 MOVWF   count_uh
0069                  00246 delay_loop_uh:
0069   30FF           00247                 MOVLW   0xff
006A   00A3           00248                 MOVWF   count_h
006B   1283 1303      00249                 BANKSEL PORTB
006D   0086           00250                 MOVWF   PORTB
                      00251                 ; BANKSEL       count_h
006E   1283           00252                 BCF             STATUS, RP0
006F   1303           00253                 BCF             STATUS, RP1
0070                  00254 delay_loop_h:
0070   30FF           00255                 MOVLW   0xff
0071   00A2           00256                 MOVWF   count_l
0072                  00257 delay_loop_l:
Message[305]: Using default destination of 1 (file).
0072   0BA2           00258                 DECFSZ  count_l
0073   2872           00259                 GOTO    delay_loop_l
Message[305]: Using default destination of 1 (file).
0074   0BA3           00260                 DECFSZ  count_h
0075   2870           00261                 GOTO    delay_loop_h
Message[305]: Using default destination of 1 (file).
0076   0BA4           00262                 DECFSZ  count_uh
0077   2869           00263                 GOTO    delay_loop_uh
0078   0008           00264         RETURN
                      00265 
0079   2879           00266         GOTO    $       ; security loop forever
                      00267         END
MPASM 5.58  /HOME/LUIS/PROJECTS/MICRO/6-T2/G   9-27-2014  17:38:05         PAGE  7


SYMBOL TABLE
  LABEL                             VALUE 

ACKDT                             00000005
ACKEN                             00000004
ACKSTAT                           00000006
ADCON0                            0000001F
ADCON1                            0000009F
ADCS0                             00000006
ADCS1                             00000007
ADDEN                             00000003
ADFM                              00000007
ADIE                              00000006
ADIF                              00000006
ADON                              00000000
ADRESH                            0000001E
ADRESL                            0000009E
BCLIE                             00000003
BCLIF                             00000003
BF                                00000000
BRGH                              00000002
C                                 00000000
CCP1CON                           00000017
CCP1IE                            00000002
CCP1IF                            00000002
CCP1M0                            00000000
CCP1M1                            00000001
CCP1M2                            00000002
CCP1M3                            00000003
CCP1X                             00000005
CCP1Y                             00000004
CCP2CON                           0000001D
CCP2IE                            00000000
CCP2IF                            00000000
CCP2M0                            00000000
CCP2M1                            00000001
CCP2M2                            00000002
CCP2M3                            00000003
CCP2X                             00000005
CCP2Y                             00000004
CCPR1                             00000015
CCPR1H                            00000016
CCPR1L                            00000015
CCPR2                             0000001B
CCPR2H                            0000001C
CCPR2L                            0000001B
CHS0                              00000003
CHS1                              00000004
CHS2                              00000005
CKE                               00000006
CKP                               00000004
CREN                              00000004
CSRC                              00000007
D                                 00000005
DATA_ADDRESS                      00000005
DC                                00000001
MPASM 5.58  /HOME/LUIS/PROJECTS/MICRO/6-T2/G   9-27-2014  17:38:05         PAGE  8


SYMBOL TABLE
  LABEL                             VALUE 

D_A                               00000005
D_NOT_A                           00000005
EEADR                             0000010D
EEADRH                            0000010F
EECON1                            0000018C
EECON2                            0000018D
EEDATA                            0000010C
EEDATH                            0000010E
EEIE                              00000004
EEIF                              00000004
EEPGD                             00000007
F                                 00000001
FERR                              00000002
FSR                               00000004
GCEN                              00000007
GIE                               00000007
GO                                00000002
GO_DONE                           00000002
GO_NOT_DONE                       00000002
I2C_DATA                          00000005
I2C_READ                          00000002
I2C_START                         00000003
I2C_STOP                          00000004
INDF                              00000000
INTCON                            0000000B
INTE                              00000004
INTEDG                            00000006
INTF                              00000001
IRP                               00000007
NOT_A                             00000005
NOT_ADDRESS                       00000005
NOT_BO                            00000000
NOT_BOR                           00000000
NOT_DONE                          00000002
NOT_PD                            00000003
NOT_POR                           00000001
NOT_RBPU                          00000007
NOT_RC8                           00000006
NOT_T1SYNC                        00000002
NOT_TO                            00000004
NOT_TX8                           00000006
NOT_W                             00000002
NOT_WRITE                         00000002
OERR                              00000001
OPTION_REG                        00000081
P                                 00000004
PCFG0                             00000000
PCFG1                             00000001
PCFG2                             00000002
PCFG3                             00000003
PCL                               00000002
PCLATH                            0000000A
PCON                              0000008E
MPASM 5.58  /HOME/LUIS/PROJECTS/MICRO/6-T2/G   9-27-2014  17:38:05         PAGE  9


SYMBOL TABLE
  LABEL                             VALUE 

PEIE                              00000006
PEN                               00000002
PIE1                              0000008C
PIE2                              0000008D
PIR1                              0000000C
PIR2                              0000000D
PORTA                             00000005
PORTB                             00000006
PORTC                             00000007
PR2                               00000092
PS0                               00000000
PS1                               00000001
PS2                               00000002
PSA                               00000003
R                                 00000002
RA0                               00000000
RA1                               00000001
RA2                               00000002
RA3                               00000003
RA4                               00000004
RA5                               00000005
RB0                               00000000
RB1                               00000001
RB2                               00000002
RB3                               00000003
RB4                               00000004
RB5                               00000005
RB6                               00000006
RB7                               00000007
RBIE                              00000003
RBIF                              00000000
RC0                               00000000
RC1                               00000001
RC2                               00000002
RC3                               00000003
RC4                               00000004
RC5                               00000005
RC6                               00000006
RC7                               00000007
RC8_9                             00000006
RC9                               00000006
RCD8                              00000000
RCEN                              00000003
RCIE                              00000005
RCIF                              00000005
RCREG                             0000001A
RCSTA                             00000018
RD                                00000000
READ_WRITE                        00000002
RP0                               00000005
RP1                               00000006
RSEN                              00000001
RX9                               00000006
MPASM 5.58  /HOME/LUIS/PROJECTS/MICRO/6-T2/G   9-27-2014  17:38:05         PAGE 10


SYMBOL TABLE
  LABEL                             VALUE 

RX9D                              00000000
R_NOT_W                           00000002
R_W                               00000002
S                                 00000003
SEN                               00000000
SMP                               00000007
SPBRG                             00000099
SPEN                              00000007
SREN                              00000005
SSPADD                            00000093
SSPBUF                            00000013
SSPCON                            00000014
SSPCON2                           00000091
SSPEN                             00000005
SSPIE                             00000003
SSPIF                             00000003
SSPM0                             00000000
SSPM1                             00000001
SSPM2                             00000002
SSPM3                             00000003
SSPOV                             00000006
SSPSTAT                           00000094
STATUS                            00000003
SYNC                              00000004
T0CS                              00000005
T0IE                              00000005
T0IF                              00000002
T0SE                              00000004
T1CKPS0                           00000004
T1CKPS1                           00000005
T1CON                             00000010
T1INSYNC                          00000002
T1OSCEN                           00000003
T1SYNC                            00000002
T2CKPS0                           00000000
T2CKPS1                           00000001
T2CON                             00000012
TMR0                              00000001
TMR0IE                            00000005
TMR0IF                            00000002
TMR1                              0000000E
TMR1CS                            00000001
TMR1H                             0000000F
TMR1IE                            00000000
TMR1IF                            00000000
TMR1L                             0000000E
TMR1ON                            00000000
TMR2                              00000011
TMR2IE                            00000001
TMR2IF                            00000001
TMR2ON                            00000002
TOUTPS0                           00000003
TOUTPS1                           00000004
MPASM 5.58  /HOME/LUIS/PROJECTS/MICRO/6-T2/G   9-27-2014  17:38:05         PAGE 11


SYMBOL TABLE
  LABEL                             VALUE 

TOUTPS2                           00000005
TOUTPS3                           00000006
TRISA                             00000085
TRISA0                            00000000
TRISA1                            00000001
TRISA2                            00000002
TRISA3                            00000003
TRISA4                            00000004
TRISA5                            00000005
TRISB                             00000086
TRISB0                            00000000
TRISB1                            00000001
TRISB2                            00000002
TRISB3                            00000003
TRISB4                            00000004
TRISB5                            00000005
TRISB6                            00000006
TRISB7                            00000007
TRISC                             00000087
TRISC0                            00000000
TRISC1                            00000001
TRISC2                            00000002
TRISC3                            00000003
TRISC4                            00000004
TRISC5                            00000005
TRISC6                            00000006
TRISC7                            00000007
TRMT                              00000001
TX8_9                             00000006
TX9                               00000006
TX9D                              00000000
TXD8                              00000000
TXEN                              00000005
TXIE                              00000004
TXIF                              00000004
TXREG                             00000019
TXSTA                             00000098
UA                                00000001
W                                 00000000
WCOL                              00000007
WR                                00000001
WREN                              00000002
WRERR                             00000003
Z                                 00000002
_BODEN_OFF                        00003FBF
_BODEN_ON                         00003FFF
_BOREN_OFF                        00003FBF
_BOREN_ON                         00003FFF
_CONFIG                           00002007
_CPD_OFF                          00003FFF
_CPD_ON                           00003EFF
_CP_ALL                           00000FCF
_CP_HALF                          00001FDF
MPASM 5.58  /HOME/LUIS/PROJECTS/MICRO/6-T2/G   9-27-2014  17:38:05         PAGE 12


SYMBOL TABLE
  LABEL                             VALUE 

_CP_OFF                           00003FFF
_CP_UPPER_256                     00002FEF
_DEBUG_OFF                        00003FFF
_DEBUG_ON                         000037FF
_DEVID1                           00002006
_FOSC_EXTRC                       00003FFF
_FOSC_HS                          00003FFE
_FOSC_LP                          00003FFC
_FOSC_XT                          00003FFD
_HS_OSC                           00003FFE
_IDLOC0                           00002000
_IDLOC1                           00002001
_IDLOC2                           00002002
_IDLOC3                           00002003
_LP_OSC                           00003FFC
_LVP_OFF                          00003F7F
_LVP_ON                           00003FFF
_PWRTE_OFF                        00003FFF
_PWRTE_ON                         00003FF7
_RC_OSC                           00003FFF
_WDTE_OFF                         00003FFB
_WDTE_ON                          00003FFF
_WDT_OFF                          00003FFB
_WDT_ON                           00003FFF
_WRT_ENABLE_OFF                   00003DFF
_WRT_ENABLE_ON                    00003FFF
_WRT_OFF                          00003DFF
_WRT_ON                           00003FFF
_XT_OSC                           00003FFD
__16F873A                         00000001
__DEBUG                           
byte_enviar_serial                00000021
byte_recebido_serial              00000020
configura_serial                  00000038
configura_timer                   0000005B
count_h                           00000023
count_l                           00000022
count_uh                          00000024
counter                           00000027
delay                             00000068
delay_loop_h                      00000070
delay_loop_l                      00000072
delay_loop_uh                     00000069
end_int                           00000004
escrita_serial                    00000050
espera_escrita_serial             00000052
espera_leitura_serial             00000047
espera_valor                      00000017
fase_alta                         0000002D
fase_baixa                        00000032
leitura_serial                    00000045
loop_pulsos                       00000024
port_b_high_value                 00000028
MPASM 5.58  /HOME/LUIS/PROJECTS/MICRO/6-T2/G   9-27-2014  17:38:05         PAGE 13


SYMBOL TABLE
  LABEL                             VALUE 

port_b_low_value                  00000029
pulsos_4                          00000024
pulsos_4_end                      00000036
start                             00000005
th                                00000025
tl                                00000026


MEMORY USAGE MAP ('X' = Used,  '-' = Unused)

0000 : X---XXXXXXXXXXXX XXXXXXXXXXXXXXXX XXXXXXXXXXXXXXXX XXXXXXXXXXXXXXXX
0040 : XXXXXXXXXXXXXXXX XXXXXXXXXXXXXXXX XXXXXXXXXXXXXXXX XXXXXXXXXX------
2000 : -------X-------- ---------------- ---------------- ----------------

All other memory blocks unused.

Program Memory Words Used:   119
Program Memory Words Free:  3977


Errors   :     0
Warnings :     0 reported,     0 suppressed
Messages :     9 reported,     0 suppressed

