MPASM 5.58  /HOME/LUIS/PROJECTS/MICRO/6.2-TI   9-30-2014  11:58:20         PAGE  1


LOC  OBJECT CODE     LINE SOURCE TEXT
  VALUE

                      00001 #include<p16f873.inc> ; define o pic a utilizar
                      00001         LIST
                      00002 
                      00003 ;==========================================================================
                      00004 ; Build date : Aug 07 2014
                      00005 ;  MPASM PIC16F873 processor include
                      00006 ; 
                      00007 ;  (c) Copyright 1999-2014 Microchip Technology, All rights reserved
                      00008 ;==========================================================================
                      00009 
Message[301]: MESSAGE: (Processor-header file mismatch.  Verify selected processor.)
                      00501         LIST
2007   3D39           00002         __config _XT_OSC & _WDT_OFF & _PWRTE_OFF & _CP_OFF & _BOREN_OFF & _LVP_OFF & _CPD_OFF & _DEBUG_O
                            FF & _WRT_OFF
                      00003 
                      00004         ; 0X20 é o inicio da memoria usavel nos dados (MD)
                      00005         CBLOCK 0x20
                      00006                 ; variavies
  00000020            00007                 aux
  00000021            00008                 portb_mirror
                      00009                 ; fucoes de serial
  00000022            00010                 byte_recebido_serial
  00000023            00011                 byte_enviar_serial
                      00012                 ; funcao delay
  00000024            00013                 count_l
  00000025            00014                 count_h
  00000026            00015                 count_uh
                      00016                 ; funcao pulso
  00000027            00017                 th
  00000028            00018                 tl
  00000029            00019                 th_thresh_hold
  0000002A            00020                 mini_loop
  0000002B            00021                 mini_loop_lenth
                      00022                 ; troca entre th e tl
  0000002C            00023                 counter
  0000002D            00024                 port_b_high_value
  0000002E            00025                 port_b_low_value
                      00026         ENDC
                      00027 
                      00028         ORG 0
0000   2???           00029         GOTO    start                              ; go to beginning of program
                      00030         ORG      4
                      00031                 ; INTERRUPCOES :
                      00032                 ; timer
0004   1283 1303      00033                 BANKSEL INTCON
0006   1D0B           00034                 BTFSS   INTCON, T0IF
0007   2???           00035                 GOTO    end_int
                      00036 
                      00037                 ;MOVLW  0x02
                      00038                 ;CALL   delay
                      00039 
0008   0BAA           00040                 DECFSZ  mini_loop,      1
0009   2???           00041                         GOTO    end_int
MPASM 5.58  /HOME/LUIS/PROJECTS/MICRO/6.2-TI   9-30-2014  11:58:20         PAGE  2


LOC  OBJECT CODE     LINE SOURCE TEXT
  VALUE

000A   082B           00042                 MOVF    mini_loop_lenth, 0
000B   00AA           00043                 MOVWF   mini_loop
                      00044 
000C   1283 1303      00045                 BANKSEL TMR0 ; BAKSEL BANK 0
000E   082C           00046                 MOVF    counter,        0
                      00047                 ;MOVWF  byte_enviar_serial
                      00048                 ;;CALL  escrita_serial
000F   0BAC           00049                 DECFSZ  counter,        1
0010   2???           00050                         GOTO    end_int
                      00051 
0011   1283 1303      00052                 BANKSEL PORTB
0013   0806           00053                 MOVF    PORTB                           ,0
                      00054 
                      00055                 ; encotra a fase atual
0014   082E           00056                 MOVF    port_b_low_value,       0       ; W = low_value
0015   0206           00057                 SUBWF   PORTB,                          0       ; W = W - PORTB
0016   1903           00058                 BTFSC   STATUS,                         Z       ; if PORTB == low_value (Z is SET ?)
0017   2???           00059                         GOTO    fase_alta                       ; TRUE era BAIXO e agora deve ser ALTO
0018   2???           00060                 GOTO    fase_baixa                              ; FALSE era ALTO e agora deve ser BAIXO
                      00061 
0019                  00062 fase_alta:
                      00063                 ; reinicia o contador de acordo com a fase
0019   0827           00064                 MOVF    th, W
001A   00AC           00065                 MOVWF   counter
                      00066 
                      00067                 ; configura a saida de acordo com a fase
001B   082D           00068                 MOVF    port_b_high_value, 0
001C   0086           00069                 MOVWF   PORTB
                      00070 
001D   2???           00071                 GOTO    end_int
001E                  00072 fase_baixa:
                      00073                 ; reinicia o contador de acordo com a fase
001E   0828           00074                 MOVF    tl, W
001F   00AC           00075                 MOVWF   counter
                      00076 
                      00077                 ; configura a saida de acordo com a fase
0020   082E           00078                 MOVF    port_b_low_value, 0
0021   0086           00079                 MOVWF   PORTB
                      00080 
0022                  00081 end_int:
0022   0009           00082         RETFIE
                      00083 
0023                  00084 start:
                      00085         ; inicializa as variaveis
0023   3001           00086         MOVLW   0x01
0024   00AC           00087         MOVWF   counter
                      00088 
                      00089         ; configura todas as portas RB para output para incicializar PORTB
0025   3000           00090         MOVLW   0x00
0026   1683 1303      00091         BANKSEL TRISB
Message[302]: Register in operand not in bank 0.  Ensure that bank bits are correct.
0028   0086           00092         MOVWF   TRISB
0029   1283 1303      00093         BANKSEL PORTB
MPASM 5.58  /HOME/LUIS/PROJECTS/MICRO/6.2-TI   9-30-2014  11:58:20         PAGE  3


LOC  OBJECT CODE     LINE SOURCE TEXT
  VALUE

002B   0086           00094         MOVWF   PORTB
                      00095 
002C   3064           00096         MOVLW   d'100'
002D   00A7           00097         MOVWF   th
002E   00A8           00098         MOVWF   tl
                      00099 
002F   30FF           00100         MOVLW   0xFF
0030   00AD           00101         MOVWF   port_b_high_value
0031   3000           00102         MOVLW   0x00
0032   00AE           00103         MOVWF   port_b_low_value
                      00104         
0033   307D           00105         MOVLW   d'125'
0034   00A9           00106         MOVWF   th_thresh_hold
                      00107 
0035   3064           00108         MOVLW   D'100'
0036   00AB           00109         MOVWF   mini_loop_lenth
0037   00AA           00110         MOVWF   mini_loop
                      00111 
                      00112         
                      00113         ; outras configuracoes
0038   2???           00114         CALL    configura_serial
                      00115 
0039                  00116 espera_valor:
                      00117         ; espera os dados da serial
0039   2???           00118         CALL    leitura_serial
003A   0822           00119         MOVF    byte_recebido_serial, 0
                      00120 
                      00121         ; menor que 78, espera outro
003B   3C4D           00122     SUBLW       D'77'
003C   1803           00123         BTFSC   STATUS, C
                      00124                 ;GOTO   espera_valor
003D   2???           00125                 GOTO    aritimetica
                      00126 
                      00127         ; maior que 124, espera outro
003E   0820           00128         MOVF    aux, w
003F   3C7C           00129         SUBLW   D'124'
0040   1C03           00130         BTFSS   STATUS, C
                      00131                 ;GOTO   espera_valor
0041   2???           00132                 GOTO    aritimetica
                      00133 
0042   0822           00134         MOVF    byte_recebido_serial, W
0043   00A0           00135         MOVWF   aux
0044   0820           00136         MOVF    aux, W
0045   00A7           00137         MOVWF   th                                                      ; TH = valorRecebido
0046                  00138 aritimetica:
                      00139         ; faz aritimética
                      00140         ; 4) Então calcule TL =125-TH
                      00141 
0046   0827           00142         MOVF    th , 0
0047   0229           00143         SUBWF   th_thresh_hold, 0               ; W= 125-TH
0048   00A8           00144         MOVWF   tl                      ; TL = W (125-TH)
                      00145         
0049   2???           00146         CALL    configura_timer
MPASM 5.58  /HOME/LUIS/PROJECTS/MICRO/6.2-TI   9-30-2014  11:58:20         PAGE  4


LOC  OBJECT CODE     LINE SOURCE TEXT
  VALUE

                      00147 
004A   2???           00148         GOTO    $ ;security hold state loop
                      00149 
                      00150 ; ------------------------------ SECAO SERIAL -----------------------------
004B                  00151 configura_serial:
                      00152                 ; TXSTA: TRANSMIT STATUS AND CONTROL REGISTER (ADDRESS 98h)
                      00153                 ; CSRC: Clock Source Select bit         = 0 (assincrono)
                      00154                 ; TX9: 9-bit Transmit Enable bit        = 0 (sem 9º bit)
                      00155                 ; TXEN: Transmit Enable bit                     = 1 (liga o tx)
                      00156                 ; SYNC: USART Mode Select bit           = 0 (assincrono)
                      00157                 ; U-0 :                                                         = 0     (n/a)
                      00158                 ; BRGH: High Baud Rate Select bit       = 1 (High speed)
                      00159                 ; TRMT: Transmit Status bit                     = 0 (read-only)
                      00160                 ; TX9D: 9th bit                                         = 0 (n/a)
                      00161                 ; TXSTA = 0010 0100
004B   1683 1303      00162                 BANKSEL TXSTA
004D   3024           00163                 MOVLW   B'00100100'
Message[302]: Register in operand not in bank 0.  Ensure that bank bits are correct.
004E   0098           00164                 MOVWF   TXSTA
                      00165 
                      00166                 ; RCSTA: RECEIVE STATUS AND CONTROL REGISTER (ADDRESS 18h)
                      00167                 ; SPEN: Serial Port Enable bit                  = 1 (enable)
                      00168                 ; RX9: 9-bit Receive Enable bit                 = 0 (sem 9º bit)
                      00169                 ; SREN: Single Receive Enable bit               = 0 (N/A)
                      00170                 ; CREN: Continuous Receive Enable bit   = 1 (continuous receive)
                      00171                 ; ADDEN: Address Detect Enable bit              = 0 (N/A)
                      00172                 ; FERR: Framing Error bit                               = 0 (read-only)
                      00173                 ; OERR: Overrun Error bit                               = 0 (read-only)
                      00174                 ; RX9D: 9th bit of Received Data                = 0 (read-only)
                      00175                 ; RCSTA = 1001 0000
004F   1283 1303      00176                 BANKSEL RCSTA
0051   3090           00177                 MOVLW   B'10010000'
0052   0098           00178                 MOVWF   RCSTA
                      00179 
                      00180                 ; SPBRG = 25
                      00181                 ; calculado para 9600 bps
0053   1683 1303      00182                 BANKSEL SPBRG
0055   3019           00183                 MOVLW   D'25'
Message[302]: Register in operand not in bank 0.  Ensure that bank bits are correct.
0056   0099           00184                 MOVWF   SPBRG
0057   0008           00185         RETURN
0058                  00186 leitura_serial:
0058   1283 1303      00187                 BANKSEL PIR1
                      00188                 ; registrador PIR1 contem as flags individuais de cada uma das
                      00189                 ; interrupcoes perifericas
                      00190                 ; bit RCIF indica se o buffer de entrada esta cheio
                      00191                 ; (entrada serial)
005A                  00192 espera_leitura_serial:
005A   1E8C           00193                 BTFSS   PIR1,   RCIF                    ; se bit RCIF do registrador PIR1
                      00194                                                                                 ; ou seja, se tem coisa 
                            a ler
005B   2???           00195                 GOTO    espera_leitura_serial   ; nao chegou byte
005C   1283 1303      00196                 BANKSEL RCREG
MPASM 5.58  /HOME/LUIS/PROJECTS/MICRO/6.2-TI   9-30-2014  11:58:20         PAGE  5


LOC  OBJECT CODE     LINE SOURCE TEXT
  VALUE

005E   081A           00197                 MOVF    RCREG, W                                ; chegou byte
                      00198                 ;BANKSEL        byte_recebido_serial
005F   1283           00199                 BCF             STATUS,         RP0
0060   1303           00200                 BCF             STATUS,         RP1
0061   00A2           00201                 MOVWF   byte_recebido_serial
0062   0008           00202         RETURN
0063                  00203 escrita_serial:
                      00204                 ; TXSTA:        transmit status and control register
                      00205                 ; TRMT:  bit de buffer de escrita cheio
0063   1683 1303      00206                 BANKSEL TXSTA
                      00207                 ; caso ainda nao tenha enviado o que esta no buffer
                      00208                 ; espera o envio (anterior)
0065                  00209 espera_escrita_serial:
                      00210                 ;TRMT: Transmit Shift Register Status bit
                      00211                 ;1 = TSR empty
                      00212                 ;0 = TSR full
Message[302]: Register in operand not in bank 0.  Ensure that bank bits are correct.
0065   1C98           00213                 BTFSS   TXSTA, TRMT                             ; TRMT == 1? ;
0066   2???           00214                 GOTO    espera_escrita_serial   ; buffer cheio, espere
                      00215                 ;BANKSEL        byte_enviar_serial
0067   1283           00216                 BCF             STATUS, RP0
0068   1303           00217                 BCF             STATUS, RP1
0069   0823           00218                 MOVF    byte_enviar_serial,     W       ; pega a variavel
006A   1283 1303      00219                 BANKSEL TXREG
006C   0099           00220                 MOVWF   TXREG                                   ; escreve a variavel para o buffer
006D   0008           00221         RETURN
                      00222 ; ------------------------------ SECAO TIMER -----------------------------
006E                  00223 configura_timer:
                      00224                 ; T = 1ms
                      00225 
                      00226                 ; Fint = 1000 Hz
                      00227                 ; Prescaler = 2:1 (000)
                      00228                 ; TRM0 = 131
                      00229 
                      00230                 ; Fint = 100 Hz
                      00231                 ; Prescaler = 16:1 (011)
                      00232                 ; TRM0 = 100
                      00233 
                      00234                 ; Fint = 10 Hz
                      00235                 ; Prescaler = 256:1 (111)
                      00236                 ; TRM0 = 158
                      00237 
                      00238                 ; ATIVA O TIMER
                      00239                 ; OPTION_REG: control bits to configure
                      00240                 ;       the TMR0 prescaler/WDT postscaler (single assign-
                      00241                 ;       able register known also as the prescaler), the External
                      00242                 ;       INT Interrupt, TMR0 and the weak pull-ups on PORTB.
                      00243                 ;       (ADDRESS 81h, 181h)
                      00244                 ;
                      00245                 ; RBPU: PORTB Pull-up Enable bit                = 0 (PORTB pull-ups are enabled by indiv
                            idual port latch values)
                      00246                 ; INTEDG: Interrupt Edge Select bit             = 0 (Interrupt on falling edge of RB0/IN
                            T pin)
MPASM 5.58  /HOME/LUIS/PROJECTS/MICRO/6.2-TI   9-30-2014  11:58:20         PAGE  6


LOC  OBJECT CODE     LINE SOURCE TEXT
  VALUE

                      00247                 ; T0CS: TMR0 Clock Source Select bit    = 0 (Internal instruction cycle clock CLKOUT)
                      00248                 ; T0SE: TMR0 Source Edge Select bit             = 0 (assincrono)
                      00249                 ; PSA: Prescaler Assignment bit                 = 0 (Prescaler is assigned to the Timer0
                             module)
                      00250                 ; PS2:PS0: Prescaler Rate Select bits   = (1:2)
                      00251                 ; PS2                                                                   = 0
                      00252                 ; PS1                                                                   = 0
                      00253                 ; PS0                                                                   = 0
006E   1683 1303      00254                 BANKSEL OPTION_REG
0070   3007           00255                 MOVLW   B'00000111'
Message[302]: Register in operand not in bank 0.  Ensure that bank bits are correct.
0071   0081           00256                 MOVWF   OPTION_REG
                      00257 
                      00258                 ; CONFIGURA A INTERRUPÇÃO
                      00259                 ; INTCON: (ADDRESS 0Bh, 8Bh, 10Bh, 18Bh)
                      00260                 ;       enable and flag bits for the
                      00261                 ;       TMR0 register overflow, RB Port change and External
                      00262                 ;       RB0/INT pin interrupts.
                      00263                 ; GIE: Global Interrupt Enable bit                              = 1 (Enables all unmaske
                            d interrupts)
                      00264                 ; PEIE: Peripheral Interrupt Enable bit                 = x
                      00265                 ; T0IE: TMR0 Overflow Interrupt Enable bit              = 1 (Enables the TMR0 interrupt)
                      00266                 ; INTE: RB0/INT External Interrupt Enable bit   = x
                      00267                 ; RBIE: RB Port Change Interrupt Enable bit             = x
                      00268                 ; T0IF: TMR0 Overflow Interrupt Flag bit                = 0
                      00269                 ; INTF: RB0/INT External Interrupt Flag bit             = x (The RB0/INT external interr
                            upt did not occur)
                      00270                 ; RBIF: RB Port Change Interrupt Flag bit               = x (None of the RB7:RB4 pins ha
                            ve changed state)
                      00271                 ; INTCON = 1010 0000
0072   1283 1303      00272                 BANKSEL INTCON
0074   30A0           00273                 MOVLW   B'10100000'
0075   008B           00274                 MOVWF   INTCON
                      00275 
                      00276                 ; FREQUENCIA DE INTERRUPÇAO DO TIMER
                      00277                 ; (1MHz/4)/64[prescaler]
                      00278                 ; -----------------------
                      00279                 ;               (256 - TMR0)
0076   1283 1303      00280                 BANKSEL TMR0
0078   309D           00281                 MOVLW   D'157'
0079   0081           00282                 MOVWF   TMR0
007A   0008           00283         RETURN
                      00284 
                      00285 ; -------------------------------- delay ----------------------------------------
007B                  00286 delay:
007B   00A6           00287                 MOVWF   count_uh
007C                  00288 delay_loop_uh:
007C   30FF           00289                 MOVLW   0xff
007D   00A5           00290                 MOVWF   count_h
007E                  00291 delay_loop_h:
007E   30FF           00292                 MOVLW   0xff
007F   00A4           00293                 MOVWF   count_l
0080                  00294 delay_loop_l:
MPASM 5.58  /HOME/LUIS/PROJECTS/MICRO/6.2-TI   9-30-2014  11:58:20         PAGE  7


LOC  OBJECT CODE     LINE SOURCE TEXT
  VALUE

Message[305]: Using default destination of 1 (file).
0080   0BA4           00295                 DECFSZ  count_l
0081   2???           00296                 GOTO    delay_loop_l
Message[305]: Using default destination of 1 (file).
0082   0BA5           00297                 DECFSZ  count_h
0083   2???           00298                 GOTO    delay_loop_h
Message[305]: Using default destination of 1 (file).
0084   0BA6           00299                 DECFSZ  count_uh
0085   2???           00300                 GOTO    delay_loop_uh
0086   0008           00301         RETURN
0087   2???           00302         GOTO    $       ; security loop forever
3D39                  00303         END
MPASM 5.58  /HOME/LUIS/PROJECTS/MICRO/6.2-TI   9-30-2014  11:58:20         PAGE  8


SYMBOL TABLE
  LABEL                             VALUE 

ACKDT                             00000005
ACKEN                             00000004
ACKSTAT                           00000006
ADCON0                            0000001F
ADCON1                            0000009F
ADCS0                             00000006
ADCS1                             00000007
ADDEN                             00000003
ADFM                              00000007
ADIE                              00000006
ADIF                              00000006
ADON                              00000000
ADRESH                            0000001E
ADRESL                            0000009E
BCLIE                             00000003
BCLIF                             00000003
BF                                00000000
BRGH                              00000002
C                                 00000000
CCP1CON                           00000017
CCP1IE                            00000002
CCP1IF                            00000002
CCP1M0                            00000000
CCP1M1                            00000001
CCP1M2                            00000002
CCP1M3                            00000003
CCP1X                             00000005
CCP1Y                             00000004
CCP2CON                           0000001D
CCP2IE                            00000000
CCP2IF                            00000000
CCP2M0                            00000000
CCP2M1                            00000001
CCP2M2                            00000002
CCP2M3                            00000003
CCP2X                             00000005
CCP2Y                             00000004
CCPR1                             00000015
CCPR1H                            00000016
CCPR1L                            00000015
CCPR2                             0000001B
CCPR2H                            0000001C
CCPR2L                            0000001B
CHS0                              00000003
CHS1                              00000004
CHS2                              00000005
CKE                               00000006
CKP                               00000004
CREN                              00000004
CSRC                              00000007
D                                 00000005
DATA_ADDRESS                      00000005
DC                                00000001
MPASM 5.58  /HOME/LUIS/PROJECTS/MICRO/6.2-TI   9-30-2014  11:58:20         PAGE  9


SYMBOL TABLE
  LABEL                             VALUE 

D_A                               00000005
D_NOT_A                           00000005
EEADR                             0000010D
EEADRH                            0000010F
EECON1                            0000018C
EECON2                            0000018D
EEDATA                            0000010C
EEDATH                            0000010E
EEIE                              00000004
EEIF                              00000004
EEPGD                             00000007
F                                 00000001
FERR                              00000002
FSR                               00000004
GCEN                              00000007
GIE                               00000007
GO                                00000002
GO_DONE                           00000002
GO_NOT_DONE                       00000002
I2C_DATA                          00000005
I2C_READ                          00000002
I2C_START                         00000003
I2C_STOP                          00000004
INDF                              00000000
INTCON                            0000000B
INTE                              00000004
INTEDG                            00000006
INTF                              00000001
IRP                               00000007
NOT_A                             00000005
NOT_ADDRESS                       00000005
NOT_BO                            00000000
NOT_BOR                           00000000
NOT_DONE                          00000002
NOT_PD                            00000003
NOT_POR                           00000001
NOT_RBPU                          00000007
NOT_RC8                           00000006
NOT_T1SYNC                        00000002
NOT_TO                            00000004
NOT_TX8                           00000006
NOT_W                             00000002
NOT_WRITE                         00000002
OERR                              00000001
OPTION_REG                        00000081
P                                 00000004
PCFG0                             00000000
PCFG1                             00000001
PCFG2                             00000002
PCFG3                             00000003
PCL                               00000002
PCLATH                            0000000A
PCON                              0000008E
MPASM 5.58  /HOME/LUIS/PROJECTS/MICRO/6.2-TI   9-30-2014  11:58:20         PAGE 10


SYMBOL TABLE
  LABEL                             VALUE 

PEIE                              00000006
PEN                               00000002
PIE1                              0000008C
PIE2                              0000008D
PIR1                              0000000C
PIR2                              0000000D
PORTA                             00000005
PORTB                             00000006
PORTC                             00000007
PR2                               00000092
PS0                               00000000
PS1                               00000001
PS2                               00000002
PSA                               00000003
R                                 00000002
RA0                               00000000
RA1                               00000001
RA2                               00000002
RA3                               00000003
RA4                               00000004
RA5                               00000005
RB0                               00000000
RB1                               00000001
RB2                               00000002
RB3                               00000003
RB4                               00000004
RB5                               00000005
RB6                               00000006
RB7                               00000007
RBIE                              00000003
RBIF                              00000000
RC0                               00000000
RC1                               00000001
RC2                               00000002
RC3                               00000003
RC4                               00000004
RC5                               00000005
RC6                               00000006
RC7                               00000007
RC8_9                             00000006
RC9                               00000006
RCD8                              00000000
RCEN                              00000003
RCIE                              00000005
RCIF                              00000005
RCREG                             0000001A
RCSTA                             00000018
RD                                00000000
READ_WRITE                        00000002
RP0                               00000005
RP1                               00000006
RSEN                              00000001
RX9                               00000006
MPASM 5.58  /HOME/LUIS/PROJECTS/MICRO/6.2-TI   9-30-2014  11:58:20         PAGE 11


SYMBOL TABLE
  LABEL                             VALUE 

RX9D                              00000000
R_NOT_W                           00000002
R_W                               00000002
S                                 00000003
SEN                               00000000
SMP                               00000007
SPBRG                             00000099
SPEN                              00000007
SREN                              00000005
SSPADD                            00000093
SSPBUF                            00000013
SSPCON                            00000014
SSPCON2                           00000091
SSPEN                             00000005
SSPIE                             00000003
SSPIF                             00000003
SSPM0                             00000000
SSPM1                             00000001
SSPM2                             00000002
SSPM3                             00000003
SSPOV                             00000006
SSPSTAT                           00000094
STATUS                            00000003
SYNC                              00000004
T0CS                              00000005
T0IE                              00000005
T0IF                              00000002
T0SE                              00000004
T1CKPS0                           00000004
T1CKPS1                           00000005
T1CON                             00000010
T1INSYNC                          00000002
T1OSCEN                           00000003
T1SYNC                            00000002
T2CKPS0                           00000000
T2CKPS1                           00000001
T2CON                             00000012
TMR0                              00000001
TMR0IE                            00000005
TMR0IF                            00000002
TMR1                              0000000E
TMR1CS                            00000001
TMR1H                             0000000F
TMR1IE                            00000000
TMR1IF                            00000000
TMR1L                             0000000E
TMR1ON                            00000000
TMR2                              00000011
TMR2IE                            00000001
TMR2IF                            00000001
TMR2ON                            00000002
TOUTPS0                           00000003
TOUTPS1                           00000004
MPASM 5.58  /HOME/LUIS/PROJECTS/MICRO/6.2-TI   9-30-2014  11:58:20         PAGE 12


SYMBOL TABLE
  LABEL                             VALUE 

TOUTPS2                           00000005
TOUTPS3                           00000006
TRISA                             00000085
TRISA0                            00000000
TRISA1                            00000001
TRISA2                            00000002
TRISA3                            00000003
TRISA4                            00000004
TRISA5                            00000005
TRISB                             00000086
TRISB0                            00000000
TRISB1                            00000001
TRISB2                            00000002
TRISB3                            00000003
TRISB4                            00000004
TRISB5                            00000005
TRISB6                            00000006
TRISB7                            00000007
TRISC                             00000087
TRISC0                            00000000
TRISC1                            00000001
TRISC2                            00000002
TRISC3                            00000003
TRISC4                            00000004
TRISC5                            00000005
TRISC6                            00000006
TRISC7                            00000007
TRMT                              00000001
TX8_9                             00000006
TX9                               00000006
TX9D                              00000000
TXD8                              00000000
TXEN                              00000005
TXIE                              00000004
TXIF                              00000004
TXREG                             00000019
TXSTA                             00000098
UA                                00000001
W                                 00000000
WCOL                              00000007
WR                                00000001
WREN                              00000002
WRERR                             00000003
Z                                 00000002
_.org_1_004A                      0000004A
_.org_1_0087                      00000087
_BODEN_OFF                        00003FBF
_BODEN_ON                         00003FFF
_BOREN_OFF                        00003FBF
_BOREN_ON                         00003FFF
_CONFIG                           00002007
_CPD_OFF                          00003FFF
_CPD_ON                           00003EFF
MPASM 5.58  /HOME/LUIS/PROJECTS/MICRO/6.2-TI   9-30-2014  11:58:20         PAGE 13


SYMBOL TABLE
  LABEL                             VALUE 

_CP_ALL                           00000FCF
_CP_HALF                          00001FDF
_CP_OFF                           00003FFF
_CP_UPPER_256                     00002FEF
_DEBUG_OFF                        00003FFF
_DEBUG_ON                         000037FF
_DEVID1                           00002006
_FOSC_EXTRC                       00003FFF
_FOSC_HS                          00003FFE
_FOSC_LP                          00003FFC
_FOSC_XT                          00003FFD
_HS_OSC                           00003FFE
_IDLOC0                           00002000
_IDLOC1                           00002001
_IDLOC2                           00002002
_IDLOC3                           00002003
_LP_OSC                           00003FFC
_LVP_OFF                          00003F7F
_LVP_ON                           00003FFF
_PWRTE_OFF                        00003FFF
_PWRTE_ON                         00003FF7
_RC_OSC                           00003FFF
_WDTE_OFF                         00003FFB
_WDTE_ON                          00003FFF
_WDT_OFF                          00003FFB
_WDT_ON                           00003FFF
_WRT_ENABLE_OFF                   00003DFF
_WRT_ENABLE_ON                    00003FFF
_WRT_OFF                          00003DFF
_WRT_ON                           00003FFF
_XT_OSC                           00003FFD
__16F873A                         00000001
aritimetica                       00000046
aux                               00000020
byte_enviar_serial                00000023
byte_recebido_serial              00000022
configura_serial                  0000004B
configura_timer                   0000006E
count_h                           00000025
count_l                           00000024
count_uh                          00000026
counter                           0000002C
delay                             0000007B
delay_loop_h                      0000007E
delay_loop_l                      00000080
delay_loop_uh                     0000007C
end_int                           00000022
escrita_serial                    00000063
espera_escrita_serial             00000065
espera_leitura_serial             0000005A
espera_valor                      00000039
fase_alta                         00000019
fase_baixa                        0000001E
MPASM 5.58  /HOME/LUIS/PROJECTS/MICRO/6.2-TI   9-30-2014  11:58:20         PAGE 14


SYMBOL TABLE
  LABEL                             VALUE 

leitura_serial                    00000058
mini_loop                         0000002A
mini_loop_lenth                   0000002B
port_b_high_value                 0000002D
port_b_low_value                  0000002E
portb_mirror                      00000021
start                             00000023
th                                00000027
th_thresh_hold                    00000029
tl                                00000028

Errors   :     0
Warnings :     0 reported,     0 suppressed
Messages :     9 reported,     0 suppressed

