MPASM 5.58  /HOME/LUIS/PROJECTS/MICRO/6-T2.X   9-29-2014  9:01:18         PAGE  1


LOC  OBJECT CODE     LINE SOURCE TEXT
  VALUE

                      00001 #include<p16f873.inc> ; define o pic a utilizar
                      00001         LIST
                      00002 
                      00003 ;==========================================================================
                      00004 ; Build date : Aug 07 2014
                      00005 ;  MPASM PIC16F873 processor include
                      00006 ; 
                      00007 ;  (c) Copyright 1999-2014 Microchip Technology, All rights reserved
                      00008 ;==========================================================================
                      00009 
Message[301]: MESSAGE: (Processor-header file mismatch.  Verify selected processor.)
                      00501         LIST
2007   3D39           00002         __config _XT_OSC & _WDT_OFF & _PWRTE_OFF & _CP_OFF & _BOREN_OFF & _LVP_OFF & _CPD_OFF & _DEBUG_O
                            FF & _WRT_OFF
                      00003 
                      00004         ; 0X20 é o inicio da memoria usavel nos dados (MD)
                      00005         CBLOCK 0X20
                      00006                 ; variavies
  00000020            00007                 aux
                      00008                 ; fucoes de serial
  00000021            00009                 byte_recebido_serial
  00000022            00010                 byte_enviar_serial
                      00011                 ; funcao delay
  00000023            00012                 count_l
  00000024            00013                 count_h
  00000025            00014                 count_uh
                      00015                 ; funcao pulso
  00000026            00016                 th
  00000027            00017                 tl
                      00018                 ; troca entre th e tl
  00000028            00019                 counter
  00000029            00020                 port_b_high_value
  0000002A            00021                 port_b_low_value
                      00022         ENDC
                      00023 
                      00024         ORG 0
0000   2???           00025         GOTO    start                              ; go to beginning of program
                      00026         ORG      4
                      00027         ; INTERRUPCOES :
                      00028         ; timer
                      00029 
0004                  00030 end_int:
0004   0009           00031         RETFIE
                      00032 
0005                  00033 start:
                      00034         ; inicializa as variaveis
0005   3001           00035         MOVLW   0x01
0006   00A8           00036         MOVWF   counter
                      00037 
                      00038         ; configura todas as portas RB para output para incicializar PORTB
0007   3000           00039         MOVLW   0x00
0008   1683 1303      00040         BANKSEL TRISB
Message[302]: Register in operand not in bank 0.  Ensure that bank bits are correct.
MPASM 5.58  /HOME/LUIS/PROJECTS/MICRO/6-T2.X   9-29-2014  9:01:18         PAGE  2


LOC  OBJECT CODE     LINE SOURCE TEXT
  VALUE

000A   0086           00041         MOVWF   TRISB
000B   1283 1303      00042         BANKSEL PORTB
000D   0086           00043         MOVWF   PORTB
                      00044 
000E   3064           00045         MOVLW   d'100'
000F   00A6           00046         MOVWF   th
0010   00A7           00047         MOVWF   tl
                      00048 
0011   30FF           00049         MOVLW   0xFF
0012   00A9           00050         MOVWF   port_b_high_value
0013   3000           00051         MOVLW   0x00
0014   00AA           00052         MOVWF   port_b_low_value
                      00053         
                      00054         ; outras configuracoes
0015   2???           00055         CALL    configura_serial
0016   2???           00056         CALL    configura_timer
                      00057 
0017                  00058 espera_valor:
                      00059         ; espera os dados da serial
0017   2???           00060         CALL    leitura_serial
0018   0821           00061         MOVF    byte_recebido_serial, W
                      00062 
                      00063         ; menor que 78, espera outro
0019   3C4D           00064     SUBLW       D'77'
001A   1803           00065         BTFSC   STATUS, C
                      00066                 ;GOTO   espera_valor
001B   2???           00067                 GOTO    aritimetica
                      00068 
                      00069         ; maior que 124, espera outro
001C   0820           00070         MOVF    aux, w
001D   3C7C           00071         SUBLW   D'124'
001E   1C03           00072         BTFSS   STATUS, C
                      00073                 ;GOTO   espera_valor
001F   2???           00074                 GOTO    aritimetica
                      00075 
0020   0821           00076         MOVF    byte_recebido_serial, W
0021   00A0           00077         MOVWF   aux
0022   0820           00078         MOVF    aux, W
0023   00A6           00079         MOVWF   th                                                      ; TH = valorRecebido
0024                  00080 aritimetica:
                      00081         ; faz aritimética
0024   307D           00082         MOVLW   d'125'
0025   0220           00083         SUBWF   aux, W          ; W= 125-TH
0026   00A7           00084         MOVWF   tl                      ; TL = W (125-TH)
                      00085 
                      00086 
                      00087 
0027                  00088 loop_pulsos:
                      00089         ; CALL delay
                      00090 ; ------------------------------ SECAO PULSOS -----------------------------
0027                  00091 pulsos_4:
0027   1283 1303      00092         BANKSEL TMR0 ; BAKSEL BANK 0
0029   0BA8           00093         DECFSZ  counter,        1
MPASM 5.58  /HOME/LUIS/PROJECTS/MICRO/6-T2.X   9-29-2014  9:01:18         PAGE  3


LOC  OBJECT CODE     LINE SOURCE TEXT
  VALUE

002A   2???           00094                 GOTO pulsos_4_end
                      00095 
                      00096         ; encotra a fase atual
002B   082A           00097         MOVF    port_b_low_value,       0       ; W = low_value
002C   0206           00098         SUBWF   PORTB,                          0       ; W = W - PORTB
002D   1903           00099         BTFSC   STATUS,                         Z       ; if PORTB == low_value (Z is SET ?)
002E   2???           00100                 GOTO    fase_alta                       ; TRUE era BAIXO e agora deve ser ALTO
002F   2???           00101         GOTO    fase_baixa                              ; FALSE era ALTO e agora deve ser BAIXO
                      00102 
0030                  00103 fase_alta:
                      00104         ; reinicia o contador de acordo com a fase
0030   0826           00105         MOVF    th, W
0031   00A8           00106         MOVWF   counter
                      00107 
                      00108         ; configura a saida de acordo com a fase
0032   0829           00109         MOVF    port_b_high_value, 0
0033   0086           00110         MOVWF   PORTB
                      00111 
0034   2???           00112         GOTO pulsos_4_end
0035                  00113 fase_baixa:
                      00114         ; reinicia o contador de acordo com a fase
0035   0827           00115         MOVF    tl, W
0036   00A8           00116         MOVWF   counter
                      00117 
                      00118         ; configura a saida de acordo com a fase
0037   082A           00119         MOVF    port_b_low_value, 0
0038   0086           00120         MOVWF   PORTB
                      00121 
0039                  00122 pulsos_4_end:
0039   2???           00123         GOTO    loop_pulsos
                      00124 
003A   2???           00125         GOTO    $ ;security hold state loop
                      00126 
                      00127 ; ------------------------------ SECAO SERIAL -----------------------------
003B                  00128 configura_serial:
                      00129                 ; TXSTA: TRANSMIT STATUS AND CONTROL REGISTER (ADDRESS 98h)
                      00130                 ; CSRC: Clock Source Select bit         = 0 (assincrono)
                      00131                 ; TX9: 9-bit Transmit Enable bit        = 0 (sem 9º bit)
                      00132                 ; TXEN: Transmit Enable bit                     = 1 (liga o tx)
                      00133                 ; SYNC: USART Mode Select bit           = 0 (assincrono)
                      00134                 ; U-0 :                                                         = 0     (n/a)
                      00135                 ; BRGH: High Baud Rate Select bit       = 1 (High speed)
                      00136                 ; TRMT: Transmit Status bit                     = 0 (read-only)
                      00137                 ; TX9D: 9th bit                                         = 0 (n/a)
                      00138                 ; TXSTA = 0010 0100
003B   1683 1303      00139                 BANKSEL TXSTA
003D   3024           00140                 MOVLW   B'00100100'
Message[302]: Register in operand not in bank 0.  Ensure that bank bits are correct.
003E   0098           00141                 MOVWF   TXSTA
                      00142 
                      00143                 ; RCSTA: RECEIVE STATUS AND CONTROL REGISTER (ADDRESS 18h)
                      00144                 ; SPEN: Serial Port Enable bit                  = 1 (enable)
                      00145                 ; RX9: 9-bit Receive Enable bit                 = 0 (sem 9º bit)
MPASM 5.58  /HOME/LUIS/PROJECTS/MICRO/6-T2.X   9-29-2014  9:01:18         PAGE  4


LOC  OBJECT CODE     LINE SOURCE TEXT
  VALUE

                      00146                 ; SREN: Single Receive Enable bit               = 0 (N/A)
                      00147                 ; CREN: Continuous Receive Enable bit   = 1 (continuous receive)
                      00148                 ; ADDEN: Address Detect Enable bit              = 0 (N/A)
                      00149                 ; FERR: Framing Error bit                               = 0 (read-only)
                      00150                 ; OERR: Overrun Error bit                               = 0 (read-only)
                      00151                 ; RX9D: 9th bit of Received Data                = 0 (read-only)
                      00152                 ; RCSTA = 1001 0000
003F   1283 1303      00153                 BANKSEL RCSTA
0041   3090           00154                 MOVLW   B'10010000'
0042   0098           00155                 MOVWF   RCSTA
                      00156 
                      00157                 ; SPBRG = 25
                      00158                 ; calculado para 9600 bps
0043   1683 1303      00159                 BANKSEL SPBRG
0045   3019           00160                 MOVLW   D'25'
Message[302]: Register in operand not in bank 0.  Ensure that bank bits are correct.
0046   0099           00161                 MOVWF   SPBRG
0047   0008           00162         RETURN
0048                  00163 leitura_serial:
0048   1283 1303      00164                 BANKSEL PIR1
                      00165                 ; registrador PIR1 contem as flags individuais de cada uma das
                      00166                 ; interrupcoes perifericas
                      00167                 ; bit RCIF indica se o buffer de entrada esta cheio
                      00168                 ; (entrada serial)
004A                  00169 espera_leitura_serial:
004A   1E8C           00170                 BTFSS   PIR1,   RCIF                    ; se bit RCIF do registrador PIR1
                      00171                                                                                 ; ou seja, se tem coisa 
                            a ler
004B   2???           00172                 GOTO    espera_leitura_serial   ; nao chegou byte
004C   1283 1303      00173                 BANKSEL RCREG
004E   081A           00174                 MOVF    RCREG, W                                ; chegou byte
                      00175                 ;BANKSEL        byte_recebido_serial
004F   1283           00176                 BCF             STATUS,         RP0
0050   1303           00177                 BCF             STATUS,         RP1
0051   00A1           00178                 MOVWF   byte_recebido_serial
0052   0008           00179         RETURN
0053                  00180 escrita_serial:
                      00181                 ; TXSTA:        transmit status and control register
                      00182                 ; TRMT:  bit de buffer de escrita cheio
0053   1683 1303      00183                 BANKSEL TXSTA
                      00184                 ; caso ainda nao tenha enviado o que esta no buffer
                      00185                 ; espera o envio (anterior)
0055                  00186 espera_escrita_serial:
                      00187                 ;TRMT: Transmit Shift Register Status bit
                      00188                 ;1 = TSR empty
                      00189                 ;0 = TSR full
Message[302]: Register in operand not in bank 0.  Ensure that bank bits are correct.
0055   1C98           00190                 BTFSS   TXSTA, TRMT                             ; TRMT == 1? ;
0056   2???           00191                 GOTO    espera_escrita_serial   ; buffer cheio, espere
                      00192                 ;BANKSEL        byte_enviar_serial
0057   1283           00193                 BCF             STATUS, RP0
0058   1303           00194                 BCF             STATUS, RP1
0059   0822           00195                 MOVF    byte_enviar_serial,     W       ; pega a variavel
MPASM 5.58  /HOME/LUIS/PROJECTS/MICRO/6-T2.X   9-29-2014  9:01:18         PAGE  5


LOC  OBJECT CODE     LINE SOURCE TEXT
  VALUE

005A   1283 1303      00196                 BANKSEL TXREG
005C   0099           00197                 MOVWF   TXREG                                   ; escreve a variavel para o buffer
005D   0008           00198         RETURN
                      00199 ; ------------------------------ SECAO TIMER -----------------------------
005E                  00200 configura_timer:
                      00201                 ; T = 1ms
                      00202                 ; Fint = 1000 Hz
                      00203                 ; Prescaler = 2:1 (000)
                      00204                 ; TRM0 = 131
                      00205 
                      00206                 ; ATIVA O TIMER
                      00207                 ; OPTION_REG: control bits to configure
                      00208                 ;       the TMR0 prescaler/WDT postscaler (single assign-
                      00209                 ;       able register known also as the prescaler), the External
                      00210                 ;       INT Interrupt, TMR0 and the weak pull-ups on PORTB.
                      00211                 ;       (ADDRESS 81h, 181h)
                      00212                 ;
                      00213                 ; RBPU: PORTB Pull-up Enable bit                = 0 (PORTB pull-ups are enabled by indiv
                            idual port latch values)
                      00214                 ; INTEDG: Interrupt Edge Select bit             = 0 (Interrupt on falling edge of RB0/IN
                            T pin)
                      00215                 ; T0CS: TMR0 Clock Source Select bit    = 0 (Internal instruction cycle clock CLKOUT)
                      00216                 ; T0SE: TMR0 Source Edge Select bit             = 0 (assincrono)
                      00217                 ; PSA: Prescaler Assignment bit                 = 0 (Prescaler is assigned to the Timer0
                             module)
                      00218                 ; PS2:PS0: Prescaler Rate Select bits   = (1:2)
                      00219                 ; PS2                                                                   = 0
                      00220                 ; PS1                                                                   = 0
                      00221                 ; PS0                                                                   = 0
005E   1683 1303      00222                 BANKSEL OPTION_REG
0060   3000           00223                 MOVLW   B'00000000'
Message[302]: Register in operand not in bank 0.  Ensure that bank bits are correct.
0061   0081           00224                 MOVWF   OPTION_REG
                      00225 
                      00226                 ; CONFIGURA A INTERRUPÇÃO
                      00227                 ; INTCON: (ADDRESS 0Bh, 8Bh, 10Bh, 18Bh)
                      00228                 ;       enable and flag bits for the
                      00229                 ;       TMR0 register overflow, RB Port change and External
                      00230                 ;       RB0/INT pin interrupts.
                      00231                 ; GIE: Global Interrupt Enable bit                              = 1 (Enables all unmaske
                            d interrupts)
                      00232                 ; PEIE: Peripheral Interrupt Enable bit                 = x
                      00233                 ; T0IE: TMR0 Overflow Interrupt Enable bit              = 1 (Enables the TMR0 interrupt)
                      00234                 ; INTE: RB0/INT External Interrupt Enable bit   = x
                      00235                 ; RBIE: RB Port Change Interrupt Enable bit             = x
                      00236                 ; T0IF: TMR0 Overflow Interrupt Flag bit                = 0
                      00237                 ; INTF: RB0/INT External Interrupt Flag bit             = x (The RB0/INT external interr
                            upt did not occur)
                      00238                 ; RBIF: RB Port Change Interrupt Flag bit               = x (None of the RB7:RB4 pins ha
                            ve changed state)
                      00239                 ; INTCON = 1010 0000
0062   1283 1303      00240                 BANKSEL INTCON
0064   30A0           00241                 MOVLW   B'10100000'
MPASM 5.58  /HOME/LUIS/PROJECTS/MICRO/6-T2.X   9-29-2014  9:01:18         PAGE  6


LOC  OBJECT CODE     LINE SOURCE TEXT
  VALUE

0065   008B           00242                 MOVWF   INTCON
                      00243 
                      00244                 ; FREQUENCIA DE INTERRUPÇAO DO TIMER
                      00245                 ; (1MHz/4)/64[prescaler]
                      00246                 ; -----------------------
                      00247                 ;               (256 - TMR0)
0066   1283 1303      00248                 BANKSEL TMR0
0068   3083           00249                 MOVLW   D'131'
0069   0081           00250                 MOVWF   TMR0
006A   0008           00251         RETURN
                      00252 
006B                  00253 delay:
006B   00A5           00254                 MOVWF   count_uh
006C                  00255 delay_loop_uh:
006C   30FF           00256                 MOVLW   0xff
006D   00A4           00257                 MOVWF   count_h
006E   1283 1303      00258                 BANKSEL PORTB
0070   0086           00259                 MOVWF   PORTB
                      00260                 ; BANKSEL       count_h
0071   1283           00261                 BCF             STATUS, RP0
0072   1303           00262                 BCF             STATUS, RP1
0073                  00263 delay_loop_h:
0073   30FF           00264                 MOVLW   0xff
0074   00A3           00265                 MOVWF   count_l
0075                  00266 delay_loop_l:
Message[305]: Using default destination of 1 (file).
0075   0BA3           00267                 DECFSZ  count_l
0076   2???           00268                 GOTO    delay_loop_l
Message[305]: Using default destination of 1 (file).
0077   0BA4           00269                 DECFSZ  count_h
0078   2???           00270                 GOTO    delay_loop_h
Message[305]: Using default destination of 1 (file).
0079   0BA5           00271                 DECFSZ  count_uh
007A   2???           00272                 GOTO    delay_loop_uh
007B   0008           00273         RETURN
                      00274 
007C   2???           00275         GOTO    $       ; security loop forever
3D39                  00276         END
MPASM 5.58  /HOME/LUIS/PROJECTS/MICRO/6-T2.X   9-29-2014  9:01:18         PAGE  7


SYMBOL TABLE
  LABEL                             VALUE 

ACKDT                             00000005
ACKEN                             00000004
ACKSTAT                           00000006
ADCON0                            0000001F
ADCON1                            0000009F
ADCS0                             00000006
ADCS1                             00000007
ADDEN                             00000003
ADFM                              00000007
ADIE                              00000006
ADIF                              00000006
ADON                              00000000
ADRESH                            0000001E
ADRESL                            0000009E
BCLIE                             00000003
BCLIF                             00000003
BF                                00000000
BRGH                              00000002
C                                 00000000
CCP1CON                           00000017
CCP1IE                            00000002
CCP1IF                            00000002
CCP1M0                            00000000
CCP1M1                            00000001
CCP1M2                            00000002
CCP1M3                            00000003
CCP1X                             00000005
CCP1Y                             00000004
CCP2CON                           0000001D
CCP2IE                            00000000
CCP2IF                            00000000
CCP2M0                            00000000
CCP2M1                            00000001
CCP2M2                            00000002
CCP2M3                            00000003
CCP2X                             00000005
CCP2Y                             00000004
CCPR1                             00000015
CCPR1H                            00000016
CCPR1L                            00000015
CCPR2                             0000001B
CCPR2H                            0000001C
CCPR2L                            0000001B
CHS0                              00000003
CHS1                              00000004
CHS2                              00000005
CKE                               00000006
CKP                               00000004
CREN                              00000004
CSRC                              00000007
D                                 00000005
DATA_ADDRESS                      00000005
DC                                00000001
MPASM 5.58  /HOME/LUIS/PROJECTS/MICRO/6-T2.X   9-29-2014  9:01:18         PAGE  8


SYMBOL TABLE
  LABEL                             VALUE 

D_A                               00000005
D_NOT_A                           00000005
EEADR                             0000010D
EEADRH                            0000010F
EECON1                            0000018C
EECON2                            0000018D
EEDATA                            0000010C
EEDATH                            0000010E
EEIE                              00000004
EEIF                              00000004
EEPGD                             00000007
F                                 00000001
FERR                              00000002
FSR                               00000004
GCEN                              00000007
GIE                               00000007
GO                                00000002
GO_DONE                           00000002
GO_NOT_DONE                       00000002
I2C_DATA                          00000005
I2C_READ                          00000002
I2C_START                         00000003
I2C_STOP                          00000004
INDF                              00000000
INTCON                            0000000B
INTE                              00000004
INTEDG                            00000006
INTF                              00000001
IRP                               00000007
NOT_A                             00000005
NOT_ADDRESS                       00000005
NOT_BO                            00000000
NOT_BOR                           00000000
NOT_DONE                          00000002
NOT_PD                            00000003
NOT_POR                           00000001
NOT_RBPU                          00000007
NOT_RC8                           00000006
NOT_T1SYNC                        00000002
NOT_TO                            00000004
NOT_TX8                           00000006
NOT_W                             00000002
NOT_WRITE                         00000002
OERR                              00000001
OPTION_REG                        00000081
P                                 00000004
PCFG0                             00000000
PCFG1                             00000001
PCFG2                             00000002
PCFG3                             00000003
PCL                               00000002
PCLATH                            0000000A
PCON                              0000008E
MPASM 5.58  /HOME/LUIS/PROJECTS/MICRO/6-T2.X   9-29-2014  9:01:18         PAGE  9


SYMBOL TABLE
  LABEL                             VALUE 

PEIE                              00000006
PEN                               00000002
PIE1                              0000008C
PIE2                              0000008D
PIR1                              0000000C
PIR2                              0000000D
PORTA                             00000005
PORTB                             00000006
PORTC                             00000007
PR2                               00000092
PS0                               00000000
PS1                               00000001
PS2                               00000002
PSA                               00000003
R                                 00000002
RA0                               00000000
RA1                               00000001
RA2                               00000002
RA3                               00000003
RA4                               00000004
RA5                               00000005
RB0                               00000000
RB1                               00000001
RB2                               00000002
RB3                               00000003
RB4                               00000004
RB5                               00000005
RB6                               00000006
RB7                               00000007
RBIE                              00000003
RBIF                              00000000
RC0                               00000000
RC1                               00000001
RC2                               00000002
RC3                               00000003
RC4                               00000004
RC5                               00000005
RC6                               00000006
RC7                               00000007
RC8_9                             00000006
RC9                               00000006
RCD8                              00000000
RCEN                              00000003
RCIE                              00000005
RCIF                              00000005
RCREG                             0000001A
RCSTA                             00000018
RD                                00000000
READ_WRITE                        00000002
RP0                               00000005
RP1                               00000006
RSEN                              00000001
RX9                               00000006
MPASM 5.58  /HOME/LUIS/PROJECTS/MICRO/6-T2.X   9-29-2014  9:01:18         PAGE 10


SYMBOL TABLE
  LABEL                             VALUE 

RX9D                              00000000
R_NOT_W                           00000002
R_W                               00000002
S                                 00000003
SEN                               00000000
SMP                               00000007
SPBRG                             00000099
SPEN                              00000007
SREN                              00000005
SSPADD                            00000093
SSPBUF                            00000013
SSPCON                            00000014
SSPCON2                           00000091
SSPEN                             00000005
SSPIE                             00000003
SSPIF                             00000003
SSPM0                             00000000
SSPM1                             00000001
SSPM2                             00000002
SSPM3                             00000003
SSPOV                             00000006
SSPSTAT                           00000094
STATUS                            00000003
SYNC                              00000004
T0CS                              00000005
T0IE                              00000005
T0IF                              00000002
T0SE                              00000004
T1CKPS0                           00000004
T1CKPS1                           00000005
T1CON                             00000010
T1INSYNC                          00000002
T1OSCEN                           00000003
T1SYNC                            00000002
T2CKPS0                           00000000
T2CKPS1                           00000001
T2CON                             00000012
TMR0                              00000001
TMR0IE                            00000005
TMR0IF                            00000002
TMR1                              0000000E
TMR1CS                            00000001
TMR1H                             0000000F
TMR1IE                            00000000
TMR1IF                            00000000
TMR1L                             0000000E
TMR1ON                            00000000
TMR2                              00000011
TMR2IE                            00000001
TMR2IF                            00000001
TMR2ON                            00000002
TOUTPS0                           00000003
TOUTPS1                           00000004
MPASM 5.58  /HOME/LUIS/PROJECTS/MICRO/6-T2.X   9-29-2014  9:01:18         PAGE 11


SYMBOL TABLE
  LABEL                             VALUE 

TOUTPS2                           00000005
TOUTPS3                           00000006
TRISA                             00000085
TRISA0                            00000000
TRISA1                            00000001
TRISA2                            00000002
TRISA3                            00000003
TRISA4                            00000004
TRISA5                            00000005
TRISB                             00000086
TRISB0                            00000000
TRISB1                            00000001
TRISB2                            00000002
TRISB3                            00000003
TRISB4                            00000004
TRISB5                            00000005
TRISB6                            00000006
TRISB7                            00000007
TRISC                             00000087
TRISC0                            00000000
TRISC1                            00000001
TRISC2                            00000002
TRISC3                            00000003
TRISC4                            00000004
TRISC5                            00000005
TRISC6                            00000006
TRISC7                            00000007
TRMT                              00000001
TX8_9                             00000006
TX9                               00000006
TX9D                              00000000
TXD8                              00000000
TXEN                              00000005
TXIE                              00000004
TXIF                              00000004
TXREG                             00000019
TXSTA                             00000098
UA                                00000001
W                                 00000000
WCOL                              00000007
WR                                00000001
WREN                              00000002
WRERR                             00000003
Z                                 00000002
_.org_1_003A                      0000003A
_.org_1_007C                      0000007C
_BODEN_OFF                        00003FBF
_BODEN_ON                         00003FFF
_BOREN_OFF                        00003FBF
_BOREN_ON                         00003FFF
_CONFIG                           00002007
_CPD_OFF                          00003FFF
_CPD_ON                           00003EFF
MPASM 5.58  /HOME/LUIS/PROJECTS/MICRO/6-T2.X   9-29-2014  9:01:18         PAGE 12


SYMBOL TABLE
  LABEL                             VALUE 

_CP_ALL                           00000FCF
_CP_HALF                          00001FDF
_CP_OFF                           00003FFF
_CP_UPPER_256                     00002FEF
_DEBUG_OFF                        00003FFF
_DEBUG_ON                         000037FF
_DEVID1                           00002006
_FOSC_EXTRC                       00003FFF
_FOSC_HS                          00003FFE
_FOSC_LP                          00003FFC
_FOSC_XT                          00003FFD
_HS_OSC                           00003FFE
_IDLOC0                           00002000
_IDLOC1                           00002001
_IDLOC2                           00002002
_IDLOC3                           00002003
_LP_OSC                           00003FFC
_LVP_OFF                          00003F7F
_LVP_ON                           00003FFF
_PWRTE_OFF                        00003FFF
_PWRTE_ON                         00003FF7
_RC_OSC                           00003FFF
_WDTE_OFF                         00003FFB
_WDTE_ON                          00003FFF
_WDT_OFF                          00003FFB
_WDT_ON                           00003FFF
_WRT_ENABLE_OFF                   00003DFF
_WRT_ENABLE_ON                    00003FFF
_WRT_OFF                          00003DFF
_WRT_ON                           00003FFF
_XT_OSC                           00003FFD
__16F873A                         00000001
aritimetica                       00000024
aux                               00000020
byte_enviar_serial                00000022
byte_recebido_serial              00000021
configura_serial                  0000003B
configura_timer                   0000005E
count_h                           00000024
count_l                           00000023
count_uh                          00000025
counter                           00000028
delay                             0000006B
delay_loop_h                      00000073
delay_loop_l                      00000075
delay_loop_uh                     0000006C
end_int                           00000004
escrita_serial                    00000053
espera_escrita_serial             00000055
espera_leitura_serial             0000004A
espera_valor                      00000017
fase_alta                         00000030
fase_baixa                        00000035
MPASM 5.58  /HOME/LUIS/PROJECTS/MICRO/6-T2.X   9-29-2014  9:01:18         PAGE 13


SYMBOL TABLE
  LABEL                             VALUE 

leitura_serial                    00000048
loop_pulsos                       00000027
port_b_high_value                 00000029
port_b_low_value                  0000002A
pulsos_4                          00000027
pulsos_4_end                      00000039
start                             00000005
th                                00000026
tl                                00000027

Errors   :     0
Warnings :     0 reported,     0 suppressed
Messages :     9 reported,     0 suppressed

