MPASM 5.58  /HOME/LUIS/PROJECTS/NETBEANS/MIC   10-17-2014  11:56:00         PAGE  1


LOC  OBJECT CODE     LINE SOURCE TEXT
  VALUE

                      00001 #include<p16f873a.inc> ; define o pic a utilizar
                      00001         LIST
                      00002 
                      00003 ;==========================================================================
                      00004 ; Build date : Aug 07 2014
                      00005 ;  MPASM PIC16F873A processor include
                      00006 ; 
                      00007 ;  (c) Copyright 1999-2014 Microchip Technology, All rights reserved
                      00008 ;==========================================================================
                      00009 
                      00527         LIST
                      00002 ;#define        DEBUG
                      00003 ;#define        DEBUG_DELAY
                      00004 ;#define        USE_MINILOOP
                      00005 
2007   3F39           00006         __config _XT_OSC & _WDT_OFF & _PWRTE_OFF & _CP_OFF & _BOREN_OFF & _LVP_OFF & _CPD_OFF & _DEBUG_O
                            FF & _WRT_OFF
                      00007 
                      00008         ; 0X20 é o inicio da memoria usavel nos dados (MD)
                      00009         CBLOCK 0x20
                      00010                 ; variavies
  00000020            00011                 aux
  00000021            00012                 portb_mirror
                      00013                 ; fucoes de serial
  00000022            00014                 byte_recebido_serial
  00000023            00015                 byte_enviar_serial
                      00016                 ; funcao delay
  00000024            00017                 count_l
  00000025            00018                 count_h
  00000026            00019                 count_uh
                      00020                 ; funcao pulso
  00000027            00021                 th
  00000028            00022                 tl
  00000029            00023                 th_thresh_hold
  0000002A            00024                 mini_loop
  0000002B            00025                 mini_loop_lenth
                      00026                 ; troca entre th e tl
  0000002C            00027                 counter
  0000002D            00028                 port_b_high_value
  0000002E            00029                 port_b_low_value
                      00030                 ; setup do timer
  0000002F            00031                 TMR0_mirror
                      00032         ENDC
                      00033 
                      00034         ORG 0
0000   2???           00035         GOTO    start                              ; go to beginning of program
                      00036         ORG      4
                      00037                 ; INTERRUPCOES :
                      00038                 ; timer
0004   1283 1303      00039                 BANKSEL INTCON
0006   1D0B           00040                 BTFSS   INTCON, T0IF
0007   2???           00041                 GOTO    end_int
                      00042 
MPASM 5.58  /HOME/LUIS/PROJECTS/NETBEANS/MIC   10-17-2014  11:56:00         PAGE  2


LOC  OBJECT CODE     LINE SOURCE TEXT
  VALUE

                      00043                 ; prepara o timer para a proxima chamada
                      00044                 ;CALL   inicia_timer
                      00045 ;inicia_timer:
                      00046                 ; RECONFIGURA O TMR0
0008   082F           00047                 MOVF    TMR0_mirror, 0
0009   1283 1303      00048                 BANKSEL TMR0
000B   0081           00049                 MOVWF   TMR0
                      00050 
                      00051                 ; DISPARA O TIMER
000C   1283 1303      00052                 BANKSEL INTCON
000E   168B           00053                 BSF     INTCON, T0IE
                      00054                 ; LIMPA AS INTERRUPÇOES
000F   110B           00055                 BCF     INTCON, T0IF
                      00056 
                      00057                 ; BANKSEL 0
0010   1283           00058                 BCF     STATUS, RP0
0011   1303           00059                 BCF     STATUS, RP1
                      00060         ;RETURN
                      00061 
                      00062                 
                      00063                 ;BANKSEL        0
0012   1283           00064                 BCF             STATUS,         RP0
0013   1303           00065                 BCF             STATUS,         RP1
                      00066 
                      00067                 #ifdef DEBUG_DELAY
                      00068                         MOVLW   0x02
                      00069                         CALL    delay
                      00070                 #endif
                      00071 
                      00072                 #ifdef  USE_MINILOOP
                      00073                         ; se o mini_loop não é zero, finaliza a interrupção
                      00074                         DECFSZ  mini_loop,      1
                      00075                                 GOTO    end_int
                      00076                         ; reinicia o mini_loop
                      00077                         MOVF    mini_loop_lenth, 0
                      00078                         MOVWF   mini_loop
                      00079                 #endif
                      00080                 
0014   082C           00081                 MOVF    counter,        0
                      00082                 #ifdef DEBUG
                      00083                         CALL    envia_w_serial
                      00084                 #endif
0015   0BAC           00085                 DECFSZ  counter,        1
0016   2???           00086                         GOTO    end_int
                      00087 
0017   1283 1303      00088                 BANKSEL PORTB
0019   0806           00089                 MOVF    PORTB                           ,0
                      00090 
                      00091                 ;CALL   espera_valor ; espera valor não é preeptivo
001A                  00092 espera_valor_int:
                      00093                 ; espera os dados da serial
001A   0827           00094                 MOVF    th, 0                                           ; leitura_serial_asinc faz "MOVW
                            F byte_recebido" caso nao receba nada
MPASM 5.58  /HOME/LUIS/PROJECTS/NETBEANS/MIC   10-17-2014  11:56:00         PAGE  3


LOC  OBJECT CODE     LINE SOURCE TEXT
  VALUE

001B   2???           00095                 CALL    leitura_serial_asinc
001C   0822           00096                 MOVF    byte_recebido_serial, 0
                      00097 
001D                  00098 calcula_valor_int:
                      00099                 ; pega valor de w e testa ele para ser o novo th
                      00100                 ; menor que 78, espera outro
001D   3C4D           00101                 SUBLW   D'77'
001E   1803           00102                 BTFSC   STATUS, C
001F   2???           00103                         GOTO    aritimetica
                      00104 
                      00105                 ; maior que 124, espera outro
0020   0820           00106                 MOVF    aux, w
0021   3C7C           00107                 SUBLW   D'124'
0022   1C03           00108                 BTFSS   STATUS, C
0023   2???           00109                         GOTO    aritimetica
                      00110 
                      00111                 ; TH = valorRecebido
                      00112                 ; aux = valorRecebido
0024   0822           00113                 MOVF    byte_recebido_serial, 0
0025   00A0           00114                 MOVWF   aux
0026   00A7           00115                 MOVWF   th
0027                  00116 aritimetica_int:
                      00117                 ; faz aritimética
                      00118                 ; 4) Então calcule TL =125-TH
                      00119 
0027   0827           00120                 MOVF    th , 0
0028   0229           00121                 SUBWF   th_thresh_hold, 0       ; W= 125-TH
0029   00A8           00122                 MOVWF   tl                                      ; TL = W (125-TH)
                      00123 
                      00124                 ; envia th e tl calculados
                      00125                 #ifdef DEBUG
                      00126                         MOVLW   0x54    ; ascii T
                      00127                         CALL envia_w_serial
                      00128                         MOVLW   0x48    ; ascii H
                      00129                         CALL envia_w_serial
                      00130                         MOVLW   0x00
                      00131                         CALL envia_w_serial
                      00132                         MOVF    th, 0
                      00133                         CALL envia_w_serial
                      00134 
                      00135                         MOVLW   0x54    ; ascii T
                      00136                         CALL envia_w_serial
                      00137                         MOVLW   0x4C    ; ascii L
                      00138                         CALL envia_w_serial
                      00139                         MOVLW   0x00
                      00140                         CALL envia_w_serial
                      00141                         MOVF    tl, 0
                      00142                         CALL envia_w_serial
                      00143 
                      00144                         MOVLW   0x00
                      00145                         CALL envia_w_serial
                      00146                 #endif
                      00147 
MPASM 5.58  /HOME/LUIS/PROJECTS/NETBEANS/MIC   10-17-2014  11:56:00         PAGE  4


LOC  OBJECT CODE     LINE SOURCE TEXT
  VALUE

                      00148                 ; encotra a fase atual
002A   082E           00149                 MOVF    port_b_low_value,       0       ; W = low_value
002B   0206           00150                 SUBWF   PORTB,                          0       ; W = W - PORTB
002C   1903           00151                 BTFSC   STATUS,                         Z       ; if PORTB == low_value (Z is SET ?)
002D   2???           00152                         GOTO    fase_alta                       ; TRUE era BAIXO e agora deve ser ALTO
002E   2???           00153                 GOTO    fase_baixa                              ; FALSE era ALTO e agora deve ser BAIXO
                      00154 
002F                  00155 fase_alta:
                      00156                 ; reinicia o contador de acordo com a fase
002F   0827           00157                 MOVF    th, W
0030   00AC           00158                 MOVWF   counter
                      00159 
                      00160                 ; configura a saida de acordo com a fase
0031   082D           00161                 MOVF    port_b_high_value, 0
0032   0086           00162                 MOVWF   PORTB
                      00163 
0033   2???           00164                 GOTO    end_int
0034                  00165 fase_baixa:
                      00166                 ; reinicia o contador de acordo com a fase
0034   0828           00167                 MOVF    tl, W
0035   00AC           00168                 MOVWF   counter
                      00169 
                      00170                 ; configura a saida de acordo com a fase
0036   082E           00171                 MOVF    port_b_low_value, 0
0037   0086           00172                 MOVWF   PORTB
                      00173 
0038                  00174 end_int:
0038   0009           00175         RETFIE
                      00176 
0039                  00177 start:
                      00178         ; inicializa as variaveis
                      00179 
                      00180         ; counter não deve ser iniciado com zero
0039   3001           00181         MOVLW   0x01
003A   00AC           00182         MOVWF   counter
                      00183 
                      00184         ; configura todas as portas RB para output para incicializar PORTB
003B   3000           00185         MOVLW   0x00
003C   1683 1303      00186         BANKSEL TRISB
Message[302]: Register in operand not in bank 0.  Ensure that bank bits are correct.
003E   0086           00187         MOVWF   TRISB
                      00188 
003F   30FF           00189         MOVLW   0xFF
0040   1283 1303      00190         BANKSEL PORTB
0042   0086           00191         MOVWF   PORTB
                      00192 
                      00193         ; inicia th e tl com 100
                      00194         ; apenas th é nessesário mas iniciar todas as variaveis é bom
0043   3064           00195         MOVLW   d'100'
0044   00A7           00196         MOVWF   th
0045   00A8           00197         MOVWF   tl
                      00198 
0046   30FF           00199         MOVLW   0xFF
MPASM 5.58  /HOME/LUIS/PROJECTS/NETBEANS/MIC   10-17-2014  11:56:00         PAGE  5


LOC  OBJECT CODE     LINE SOURCE TEXT
  VALUE

0047   00AD           00200         MOVWF   port_b_high_value
0048   3000           00201         MOVLW   0x00
0049   00AE           00202         MOVWF   port_b_low_value
                      00203 
004A   307D           00204         MOVLW   d'125'
004B   00A9           00205         MOVWF   th_thresh_hold
                      00206 
004C   3064           00207         MOVLW   D'100'
004D   00AB           00208         MOVWF   mini_loop_lenth
004E   00AA           00209         MOVWF   mini_loop
                      00210         
                      00211         ; outras configuracoes
004F   2???           00212         CALL    configura_serial
0050   2???           00213         CALL    configura_timer
                      00214 
                      00215         #ifdef  DEBUG
                      00216                 MOVLW   0xFF
                      00217                 CALL    envia_w_serial
                      00218                 MOVLW   0x00
                      00219                 CALL    envia_w_serial
                      00220         #endif
                      00221         
                      00222         ; o primeiro valor de th deve ser recebido pela serial sincronamente
                      00223         ; ou seja, a execução é parada até receber algo pela serial
                      00224         ; os demais são assincronos
0051   2???           00225         CALL    leitura_serial
0052   0822           00226         MOVF    byte_recebido_serial, 0
0053   2???           00227         CALL    calcula_valor
                      00228 
                      00229         ; inicia o timer
0054   2???           00230         CALL    inicia_timer
                      00231 
                      00232         ; fim da rotina principal
0055   2???           00233         GOTO    $ ;security hold state loop
                      00234 
0056                  00235 espera_valor:
                      00236                 ; espera os dados da serial
0056   0827           00237                 MOVF    th, 0                                           ; leitura_serial_asinc faz "MOVW
                            F byte_recebido" caso nao receba nada
0057   2???           00238                 CALL    leitura_serial_asinc
0058   0822           00239                 MOVF    byte_recebido_serial, 0
                      00240 
0059                  00241 calcula_valor:
                      00242                 ; pega valor de w e testa ele para ser o novo th
                      00243                 ; menor que 78, espera outro
0059   3C4D           00244                 SUBLW   D'77'
005A   1803           00245                 BTFSC   STATUS, C
005B   2???           00246                         GOTO    aritimetica
                      00247 
                      00248                 ; maior que 124, espera outro
005C   0820           00249                 MOVF    aux, w
005D   3C7C           00250                 SUBLW   D'124'
005E   1C03           00251                 BTFSS   STATUS, C
MPASM 5.58  /HOME/LUIS/PROJECTS/NETBEANS/MIC   10-17-2014  11:56:00         PAGE  6


LOC  OBJECT CODE     LINE SOURCE TEXT
  VALUE

005F   2???           00252                         GOTO    aritimetica
                      00253 
                      00254                 ; TH = valorRecebido
                      00255                 ; aux = valorRecebido
0060   0822           00256                 MOVF    byte_recebido_serial, 0
0061   00A0           00257                 MOVWF   aux
0062   00A7           00258                 MOVWF   th
0063                  00259 aritimetica:
                      00260                 ; faz aritimética
                      00261                 ; 4) Então calcule TL =125-TH
                      00262 
0063   0827           00263                 MOVF    th , 0
0064   0229           00264                 SUBWF   th_thresh_hold, 0       ; W= 125-TH
0065   00A8           00265                 MOVWF   tl                                      ; TL = W (125-TH)
                      00266 
                      00267                 ; envia th e tl calculados
                      00268                 #ifdef DEBUG
                      00269                         MOVLW   0x54    ; ascii T
                      00270                         CALL envia_w_serial
                      00271                         MOVLW   0x48    ; ascii H
                      00272                         CALL envia_w_serial
                      00273                         MOVLW   0x00
                      00274                         CALL envia_w_serial
                      00275                         MOVF    th, 0
                      00276                         CALL envia_w_serial
                      00277 
                      00278                         MOVLW   0x54    ; ascii T
                      00279                         CALL envia_w_serial
                      00280                         MOVLW   0x4C    ; ascii L
                      00281                         CALL envia_w_serial
                      00282                         MOVLW   0x00
                      00283                         CALL envia_w_serial
                      00284                         MOVF    tl, 0
                      00285                         CALL envia_w_serial
                      00286 
                      00287                         MOVLW   0x00
                      00288                         CALL envia_w_serial
                      00289                 #endif
0066   0008           00290         RETURN
                      00291 
                      00292 ; ------------------------------ SECAO SERIAL -----------------------------
0067                  00293 configura_serial:
                      00294                 ; TXSTA: TRANSMIT STATUS AND CONTROL REGISTER (ADDRESS 98h)
                      00295                 ; CSRC: Clock Source Select bit         = 0 (assincrono)
                      00296                 ; TX9: 9-bit Transmit Enable bit        = 0 (sem 9º bit)
                      00297                 ; TXEN: Transmit Enable bit                     = 1 (liga o tx)
                      00298                 ; SYNC: USART Mode Select bit           = 0 (assincrono)
                      00299                 ; U-0 :                                                         = 0     (n/a)
                      00300                 ; BRGH: High Baud Rate Select bit       = 1 (High speed)
                      00301                 ; TRMT: Transmit Status bit                     = 0 (read-only)
                      00302                 ; TX9D: 9th bit                                         = 0 (n/a)
                      00303                 ; TXSTA = 0010 0100
0067   1683 1303      00304                 BANKSEL TXSTA
MPASM 5.58  /HOME/LUIS/PROJECTS/NETBEANS/MIC   10-17-2014  11:56:00         PAGE  7


LOC  OBJECT CODE     LINE SOURCE TEXT
  VALUE

0069   3024           00305                 MOVLW   B'00100100'
Message[302]: Register in operand not in bank 0.  Ensure that bank bits are correct.
006A   0098           00306                 MOVWF   TXSTA
                      00307 
                      00308                 ; RCSTA: RECEIVE STATUS AND CONTROL REGISTER (ADDRESS 18h)
                      00309                 ; SPEN: Serial Port Enable bit                  = 1 (enable)
                      00310                 ; RX9: 9-bit Receive Enable bit                 = 0 (sem 9º bit)
                      00311                 ; SREN: Single Receive Enable bit               = 0 (N/A)
                      00312                 ; CREN: Continuous Receive Enable bit   = 1 (continuous receive)
                      00313                 ; ADDEN: Address Detect Enable bit              = 0 (N/A)
                      00314                 ; FERR: Framing Error bit                               = 0 (read-only)
                      00315                 ; OERR: Overrun Error bit                               = 0 (read-only)
                      00316                 ; RX9D: 9th bit of Received Data                = 0 (read-only)
                      00317                 ; RCSTA = 1001 0000
006B   1283 1303      00318                 BANKSEL RCSTA
006D   3090           00319                 MOVLW   B'10010000'
006E   0098           00320                 MOVWF   RCSTA
                      00321 
                      00322                 ; SPBRG = 25
                      00323                 ; calculado para 9600 bps
006F   1683 1303      00324                 BANKSEL SPBRG
0071   3019           00325                 MOVLW   D'25'
Message[302]: Register in operand not in bank 0.  Ensure that bank bits are correct.
0072   0099           00326                 MOVWF   SPBRG
                      00327 
                      00328                 ;BANKSEL        0
0073   1283           00329                 BCF             STATUS,         RP0
0074   1303           00330                 BCF             STATUS,         RP1
0075   0008           00331         RETURN
0076                  00332 leitura_serial:
0076   1283 1303      00333                 BANKSEL PIR1
                      00334                 ; registrador PIR1 contem as flags individuais de cada uma das
                      00335                 ; interrupcoes perifericas
                      00336                 ; bit RCIF indica se o buffer de entrada esta cheio
                      00337                 ; (entrada serial)
0078                  00338 espera_leitura_serial:
0078   1E8C           00339                 BTFSS   PIR1,   RCIF                    ; se bit RCIF do registrador PIR1
                      00340                                                                                 ; ou seja, se tem coisa 
                            a ler
0079   2???           00341                 GOTO    espera_leitura_serial   ; nao chegou byte
007A   1283 1303      00342                 BANKSEL RCREG
007C   081A           00343                 MOVF    RCREG, W                                ; chegou byte
                      00344                 ;BANKSEL        0
007D   1283           00345                 BCF             STATUS,         RP0
007E   1303           00346                 BCF             STATUS,         RP1
007F   00A2           00347                 MOVWF   byte_recebido_serial
0080   0008           00348         RETURN
                      00349 
0081                  00350 leitura_serial_asinc:
0081   1283 1303      00351                 BANKSEL PIR1
                      00352                 ; registrador PIR1 contem as flags individuais de cada uma das
                      00353                 ; interrupcoes perifericas
                      00354                 ; bit RCIF indica se o buffer de entrada esta cheio
MPASM 5.58  /HOME/LUIS/PROJECTS/NETBEANS/MIC   10-17-2014  11:56:00         PAGE  8


LOC  OBJECT CODE     LINE SOURCE TEXT
  VALUE

                      00355                 ; (entrada serial)
0083   1E8C           00356                 BTFSS   PIR1,   RCIF                    ; se bit RCIF do registrador PIR1
                      00357                                                                                 ; ou seja, se tem coisa 
                            a ler
0084   2???           00358                         GOTO    end_leitura_serial_asinc
0085   1283 1303      00359                 BANKSEL RCREG
0087   081A           00360                 MOVF    RCREG, W                                ; chegou byte
                      00361                 ;BANKSEL        byte_recebido_serial
0088                  00362 end_leitura_serial_asinc:
0088   1283           00363                 BCF             STATUS,         RP0
0089   1303           00364                 BCF             STATUS,         RP1
008A   00A2           00365                 MOVWF   byte_recebido_serial
008B   0008           00366         RETURN
                      00367 
008C                  00368 envia_w_serial:
008C   1283           00369                 BCF             STATUS, RP0
008D   1303           00370                 BCF             STATUS, RP1
008E   00A3           00371                 MOVWF   byte_enviar_serial      ; guarda w em byte_enviar_serial
008F                  00372 escrita_serial:
                      00373                 ; TXSTA:        transmit status and control register
                      00374                 ; TRMT:  bit de buffer de escrita cheio
008F   1683 1303      00375                 BANKSEL TXSTA
                      00376                 ; caso ainda nao tenha enviado o que esta no buffer
                      00377                 ; espera o envio (anterior)
0091                  00378 espera_escrita_serial:
                      00379                 ;TRMT: Transmit Shift Register Status bit
                      00380                 ;1 = TSR empty
                      00381                 ;0 = TSR full
Message[302]: Register in operand not in bank 0.  Ensure that bank bits are correct.
0091   1C98           00382                 BTFSS   TXSTA, TRMT                             ; TRMT == 1? ;
0092   2???           00383                         GOTO    espera_escrita_serial   ; buffer cheio, espere
                      00384                 ;BANKSEL        byte_enviar_serial
0093   1283           00385                 BCF             STATUS, RP0
0094   1303           00386                 BCF             STATUS, RP1
0095   0823           00387                 MOVF    byte_enviar_serial,     W       ; pega a variavel
0096   1283 1303      00388                 BANKSEL TXREG
0098   0099           00389                 MOVWF   TXREG                                   ; escreve a variavel para o buffer
0099   0008           00390         RETURN
                      00391 ; ------------------------------ SECAO TIMER -----------------------------
009A                  00392 configura_timer:
                      00393                 ; T = 1ms
                      00394 
                      00395                 ; Fint = 1000 Hz
                      00396                 ; Prescaler = 2:1 (000)
                      00397                 ; TRM0 = 131157
                      00398 
                      00399                 ; Fint = 100 Hz
                      00400                 ; Prescaler = 16:1 (011)
                      00401                 ; TRM0 = 100
                      00402 
                      00403                 ; Fint = 10 Hz
                      00404                 ; Prescaler = 256:1 (111)
                      00405                 ; TRM0 = 158
MPASM 5.58  /HOME/LUIS/PROJECTS/NETBEANS/MIC   10-17-2014  11:56:00         PAGE  9


LOC  OBJECT CODE     LINE SOURCE TEXT
  VALUE

                      00406 
                      00407                 ; ATIVA O TIMER
                      00408                 ; OPTION_REG: control bits to configure
                      00409                 ;       the TMR0 prescaler/WDT postscaler (single assign-
                      00410                 ;       able register known also as the prescaler), the External
                      00411                 ;       INT Interrupt, TMR0 and the weak pull-ups on PORTB.
                      00412                 ;       (ADDRESS 81h, 181h)
                      00413                 ;
                      00414                 ; RBPU: PORTB Pull-up Enable bit                = 0 (PORTB pull-ups are enabled by indiv
                            idual port latch values)
                      00415                 ; INTEDG: Interrupt Edge Select bit             = 0 (Interrupt on falling edge of RB0/IN
                            T pin)
                      00416                 ; T0CS: TMR0 Clock Source Select bit    = 0 (Internal instruction cycle clock CLKOUT)
                      00417                 ; T0SE: TMR0 Source Edge Select bit             = 0 (assincrono)
                      00418                 ; PSA: Prescaler Assignment bit                 = 0 (Prescaler is assigned to the Timer0
                             module)
                      00419                 ; PS2:PS0: Prescaler Rate Select bits   = (1:2)
                      00420                 ; PS2                                                                   = 0
                      00421                 ; PS1                                                                   = 0
                      00422                 ; PS0                                                                   = 0
009A   1683 1303      00423                 BANKSEL OPTION_REG
009C   3002           00424                 MOVLW   B'00000010'
Message[302]: Register in operand not in bank 0.  Ensure that bank bits are correct.
009D   0081           00425                 MOVWF   OPTION_REG
                      00426 
                      00427                 ; FREQUENCIA DE INTERRUPÇAO DO TIMER
                      00428                 ; (1MHz/4)/64[prescaler]
                      00429                 ; -----------------------
                      00430                 ;               (256 - TMR0)
009E   1283 1303      00431                 BANKSEL TMR0
00A0   3083           00432                 MOVLW   D'131'
00A1   0081           00433                 MOVWF   TMR0
                      00434 
                      00435                 ; BANKSEL 0
00A2   1283           00436                 BCF     STATUS, RP0
00A3   1303           00437                 BCF     STATUS, RP1
00A4   00AF           00438                 MOVWF   TMR0_mirror
                      00439 
                      00440                 ; CONFIGURA A INTERRUPÇÃO
                      00441                 ; INTCON: (ADDRESS 0Bh, 8Bh, 10Bh, 18Bh)
                      00442                 ;       enable and flag bits for the
                      00443                 ;       TMR0 register overflow, RB Port change and External
                      00444                 ;       RB0/INT pin interrupts.
                      00445                 ;       NÃO ATIVO A INTERRUPCAO AINDA
                      00446                 ; GIE: Global Interrupt Enable bit                              = 1 (Enables all unmaske
                            d interrupts)
                      00447                 ; PEIE: Peripheral Interrupt Enable bit                 = x
                      00448                 ; T0IE: TMR0 Overflow Interrupt Enable bit              = 1 (Enables the TMR0 interrupt)
                      00449                 ; INTE: RB0/INT External Interrupt Enable bit   = x
                      00450                 ; RBIE: RB Port Change Interrupt Enable bit             = x
                      00451                 ; T0IF: TMR0 Overflow Interrupt Flag bit                = 0
                      00452                 ; INTF: RB0/INT External Interrupt Flag bit             = x (The RB0/INT external interr
                            upt did not occur)
MPASM 5.58  /HOME/LUIS/PROJECTS/NETBEANS/MIC   10-17-2014  11:56:00         PAGE 10


LOC  OBJECT CODE     LINE SOURCE TEXT
  VALUE

                      00453                 ; RBIF: RB Port Change Interrupt Flag bit               = x (None of the RB7:RB4 pins ha
                            ve changed state)
                      00454                 ; INTCON = 1010 0000
00A5   1283 1303      00455                 BANKSEL INTCON
00A7   3080           00456                 MOVLW   B'10000000'
00A8   008B           00457                 MOVWF   INTCON
                      00458 
                      00459                 ; BANKSEL 0
00A9   1283           00460                 BCF     STATUS, RP0
00AA   1303           00461                 BCF     STATUS, RP1
00AB   0008           00462         RETURN
00AC                  00463 inicia_timer:
                      00464                 ; RECONFIGURA O TMR0
00AC   082F           00465                 MOVF    TMR0_mirror, 0
00AD   1283 1303      00466                 BANKSEL TMR0
00AF   0081           00467                 MOVWF   TMR0
                      00468                 
                      00469                 ; DISPARA O TIMER
00B0   1283 1303      00470                 BANKSEL INTCON
00B2   168B           00471                 BSF     INTCON, T0IE
                      00472                 ; LIMPA AS INTERRUPÇOES
00B3   110B           00473                 BCF     INTCON, T0IF
                      00474 
                      00475                 ; BANKSEL 0
00B4   1283           00476                 BCF     STATUS, RP0
00B5   1303           00477                 BCF     STATUS, RP1
00B6   0008           00478         RETURN
                      00479 
                      00480 ; -------------------------------- delay ----------------------------------------
00B7                  00481 delay:
00B7   00A6           00482                 MOVWF   count_uh
00B8                  00483 delay_loop_uh:
00B8   30FF           00484                 MOVLW   0xff
00B9   00A5           00485                 MOVWF   count_h
00BA                  00486 delay_loop_h:
00BA   30FF           00487                 MOVLW   0xff
00BB   00A4           00488                 MOVWF   count_l
00BC                  00489 delay_loop_l:
Message[305]: Using default destination of 1 (file).
00BC   0BA4           00490                 DECFSZ  count_l
00BD   2???           00491                 GOTO    delay_loop_l
Message[305]: Using default destination of 1 (file).
00BE   0BA5           00492                 DECFSZ  count_h
00BF   2???           00493                 GOTO    delay_loop_h
Message[305]: Using default destination of 1 (file).
00C0   0BA6           00494                 DECFSZ  count_uh
00C1   2???           00495                 GOTO    delay_loop_uh
00C2   0008           00496         RETURN
00C3   2???           00497         GOTO    $       ; security loop forever
3F39                  00498         END
MPASM 5.58  /HOME/LUIS/PROJECTS/NETBEANS/MIC   10-17-2014  11:56:00         PAGE 11


SYMBOL TABLE
  LABEL                             VALUE 

ACKDT                             00000005
ACKEN                             00000004
ACKSTAT                           00000006
ADCON0                            0000001F
ADCON1                            0000009F
ADCS0                             00000006
ADCS1                             00000007
ADCS2                             00000006
ADDEN                             00000003
ADFM                              00000007
ADIE                              00000006
ADIF                              00000006
ADON                              00000000
ADRESH                            0000001E
ADRESL                            0000009E
BCLIE                             00000003
BCLIF                             00000003
BF                                00000000
BRGH                              00000002
C                                 00000000
C1INV                             00000004
C1OUT                             00000006
C2INV                             00000005
C2OUT                             00000007
CCP1CON                           00000017
CCP1IE                            00000002
CCP1IF                            00000002
CCP1M0                            00000000
CCP1M1                            00000001
CCP1M2                            00000002
CCP1M3                            00000003
CCP1X                             00000005
CCP1Y                             00000004
CCP2CON                           0000001D
CCP2IE                            00000000
CCP2IF                            00000000
CCP2M0                            00000000
CCP2M1                            00000001
CCP2M2                            00000002
CCP2M3                            00000003
CCP2X                             00000005
CCP2Y                             00000004
CCPR1                             00000015
CCPR1H                            00000016
CCPR1L                            00000015
CCPR2                             0000001B
CCPR2H                            0000001C
CCPR2L                            0000001B
CHS0                              00000003
CHS1                              00000004
CHS2                              00000005
CIS                               00000003
CKE                               00000006
MPASM 5.58  /HOME/LUIS/PROJECTS/NETBEANS/MIC   10-17-2014  11:56:00         PAGE 12


SYMBOL TABLE
  LABEL                             VALUE 

CKP                               00000004
CM0                               00000000
CM1                               00000001
CM2                               00000002
CMCON                             0000009C
CMIE                              00000006
CMIF                              00000006
CREN                              00000004
CSRC                              00000007
CVR0                              00000000
CVR1                              00000001
CVR2                              00000002
CVR3                              00000003
CVRCON                            0000009D
CVREN                             00000007
CVROE                             00000006
CVRR                              00000005
D                                 00000005
DATA_ADDRESS                      00000005
DC                                00000001
D_A                               00000005
D_NOT_A                           00000005
EEADR                             0000010D
EEADRH                            0000010F
EECON1                            0000018C
EECON2                            0000018D
EEDATA                            0000010C
EEDATH                            0000010E
EEIE                              00000004
EEIF                              00000004
EEPGD                             00000007
F                                 00000001
FERR                              00000002
FSR                               00000004
GCEN                              00000007
GIE                               00000007
GO                                00000002
GO_DONE                           00000002
GO_NOT_DONE                       00000002
I2C_DATA                          00000005
I2C_READ                          00000002
I2C_START                         00000003
I2C_STOP                          00000004
INDF                              00000000
INTCON                            0000000B
INTE                              00000004
INTEDG                            00000006
INTF                              00000001
IRP                               00000007
NOT_A                             00000005
NOT_ADDRESS                       00000005
NOT_BO                            00000000
NOT_BOR                           00000000
MPASM 5.58  /HOME/LUIS/PROJECTS/NETBEANS/MIC   10-17-2014  11:56:00         PAGE 13


SYMBOL TABLE
  LABEL                             VALUE 

NOT_DONE                          00000002
NOT_PD                            00000003
NOT_POR                           00000001
NOT_RBPU                          00000007
NOT_RC8                           00000006
NOT_T1SYNC                        00000002
NOT_TO                            00000004
NOT_TX8                           00000006
NOT_W                             00000002
NOT_WRITE                         00000002
OERR                              00000001
OPTION_REG                        00000081
P                                 00000004
PCFG0                             00000000
PCFG1                             00000001
PCFG2                             00000002
PCFG3                             00000003
PCL                               00000002
PCLATH                            0000000A
PCON                              0000008E
PEIE                              00000006
PEN                               00000002
PIE1                              0000008C
PIE2                              0000008D
PIR1                              0000000C
PIR2                              0000000D
PORTA                             00000005
PORTB                             00000006
PORTC                             00000007
PR2                               00000092
PS0                               00000000
PS1                               00000001
PS2                               00000002
PSA                               00000003
R                                 00000002
RA0                               00000000
RA1                               00000001
RA2                               00000002
RA3                               00000003
RA4                               00000004
RA5                               00000005
RB0                               00000000
RB1                               00000001
RB2                               00000002
RB3                               00000003
RB4                               00000004
RB5                               00000005
RB6                               00000006
RB7                               00000007
RBIE                              00000003
RBIF                              00000000
RC0                               00000000
RC1                               00000001
MPASM 5.58  /HOME/LUIS/PROJECTS/NETBEANS/MIC   10-17-2014  11:56:00         PAGE 14


SYMBOL TABLE
  LABEL                             VALUE 

RC2                               00000002
RC3                               00000003
RC4                               00000004
RC5                               00000005
RC6                               00000006
RC7                               00000007
RC8_9                             00000006
RC9                               00000006
RCD8                              00000000
RCEN                              00000003
RCIE                              00000005
RCIF                              00000005
RCREG                             0000001A
RCSTA                             00000018
RD                                00000000
READ_WRITE                        00000002
RP0                               00000005
RP1                               00000006
RSEN                              00000001
RX9                               00000006
RX9D                              00000000
R_NOT_W                           00000002
R_W                               00000002
S                                 00000003
SEN                               00000000
SMP                               00000007
SPBRG                             00000099
SPEN                              00000007
SREN                              00000005
SSPADD                            00000093
SSPBUF                            00000013
SSPCON                            00000014
SSPCON2                           00000091
SSPEN                             00000005
SSPIE                             00000003
SSPIF                             00000003
SSPM0                             00000000
SSPM1                             00000001
SSPM2                             00000002
SSPM3                             00000003
SSPOV                             00000006
SSPSTAT                           00000094
STATUS                            00000003
SYNC                              00000004
T0CS                              00000005
T0IE                              00000005
T0IF                              00000002
T0SE                              00000004
T1CKPS0                           00000004
T1CKPS1                           00000005
T1CON                             00000010
T1INSYNC                          00000002
T1OSCEN                           00000003
MPASM 5.58  /HOME/LUIS/PROJECTS/NETBEANS/MIC   10-17-2014  11:56:00         PAGE 15


SYMBOL TABLE
  LABEL                             VALUE 

T1SYNC                            00000002
T2CKPS0                           00000000
T2CKPS1                           00000001
T2CON                             00000012
TMR0                              00000001
TMR0IE                            00000005
TMR0IF                            00000002
TMR0_mirror                       0000002F
TMR1                              0000000E
TMR1CS                            00000001
TMR1H                             0000000F
TMR1IE                            00000000
TMR1IF                            00000000
TMR1L                             0000000E
TMR1ON                            00000000
TMR2                              00000011
TMR2IE                            00000001
TMR2IF                            00000001
TMR2ON                            00000002
TOUTPS0                           00000003
TOUTPS1                           00000004
TOUTPS2                           00000005
TOUTPS3                           00000006
TRISA                             00000085
TRISA0                            00000000
TRISA1                            00000001
TRISA2                            00000002
TRISA3                            00000003
TRISA4                            00000004
TRISA5                            00000005
TRISB                             00000086
TRISB0                            00000000
TRISB1                            00000001
TRISB2                            00000002
TRISB3                            00000003
TRISB4                            00000004
TRISB5                            00000005
TRISB6                            00000006
TRISB7                            00000007
TRISC                             00000087
TRISC0                            00000000
TRISC1                            00000001
TRISC2                            00000002
TRISC3                            00000003
TRISC4                            00000004
TRISC5                            00000005
TRISC6                            00000006
TRISC7                            00000007
TRMT                              00000001
TX8_9                             00000006
TX9                               00000006
TX9D                              00000000
TXD8                              00000000
MPASM 5.58  /HOME/LUIS/PROJECTS/NETBEANS/MIC   10-17-2014  11:56:00         PAGE 16


SYMBOL TABLE
  LABEL                             VALUE 

TXEN                              00000005
TXIE                              00000004
TXIF                              00000004
TXREG                             00000019
TXSTA                             00000098
UA                                00000001
W                                 00000000
WCOL                              00000007
WR                                00000001
WREN                              00000002
WRERR                             00000003
Z                                 00000002
_.org_1_0055                      00000055
_.org_1_00C3                      000000C3
_BODEN_OFF                        00003FBF
_BODEN_ON                         00003FFF
_BOREN_OFF                        00003FBF
_BOREN_ON                         00003FFF
_CONFIG                           00002007
_CPD_OFF                          00003FFF
_CPD_ON                           00003EFF
_CP_ALL                           00001FFF
_CP_OFF                           00003FFF
_CP_ON                            00001FFF
_DEBUG_OFF                        00003FFF
_DEBUG_ON                         000037FF
_DEVID1                           00002006
_FOSC_EXTRC                       00003FFF
_FOSC_HS                          00003FFE
_FOSC_LP                          00003FFC
_FOSC_XT                          00003FFD
_HS_OSC                           00003FFE
_IDLOC0                           00002000
_IDLOC1                           00002001
_IDLOC2                           00002002
_IDLOC3                           00002003
_LP_OSC                           00003FFC
_LVP_OFF                          00003F7F
_LVP_ON                           00003FFF
_PWRTE_OFF                        00003FFF
_PWRTE_ON                         00003FF7
_RC_OSC                           00003FFF
_WDTE_OFF                         00003FFB
_WDTE_ON                          00003FFF
_WDT_OFF                          00003FFB
_WDT_ON                           00003FFF
_WRT_1FOURTH                      00003BFF
_WRT_256                          00003DFF
_WRT_HALF                         000039FF
_WRT_OFF                          00003FFF
_XT_OSC                           00003FFD
__16F873A                         00000001
aritimetica                       00000063
MPASM 5.58  /HOME/LUIS/PROJECTS/NETBEANS/MIC   10-17-2014  11:56:00         PAGE 17


SYMBOL TABLE
  LABEL                             VALUE 

aritimetica_int                   00000027
aux                               00000020
byte_enviar_serial                00000023
byte_recebido_serial              00000022
calcula_valor                     00000059
calcula_valor_int                 0000001D
configura_serial                  00000067
configura_timer                   0000009A
count_h                           00000025
count_l                           00000024
count_uh                          00000026
counter                           0000002C
delay                             000000B7
delay_loop_h                      000000BA
delay_loop_l                      000000BC
delay_loop_uh                     000000B8
end_int                           00000038
end_leitura_serial_asinc          00000088
envia_w_serial                    0000008C
escrita_serial                    0000008F
espera_escrita_serial             00000091
espera_leitura_serial             00000078
espera_valor                      00000056
espera_valor_int                  0000001A
fase_alta                         0000002F
fase_baixa                        00000034
inicia_timer                      000000AC
leitura_serial                    00000076
leitura_serial_asinc              00000081
mini_loop                         0000002A
mini_loop_lenth                   0000002B
port_b_high_value                 0000002D
port_b_low_value                  0000002E
portb_mirror                      00000021
start                             00000039
th                                00000027
th_thresh_hold                    00000029
tl                                00000028

Errors   :     0
Warnings :     0 reported,     0 suppressed
Messages :     8 reported,     0 suppressed

