MPASM 5.58  /HOME/LUIS/PROJECTS/MICRO/6-T2/G   9-26-2014  16:53:14         PAGE  1


LOC  OBJECT CODE     LINE SOURCE TEXT
  VALUE

                      00001 #include<p16f873.inc> ; define o pic a utilizar
                      00001         LIST
                      00002 
                      00003 ;==========================================================================
                      00004 ; Build date : Aug 07 2014
                      00005 ;  MPASM PIC16F873 processor include
                      00006 ; 
                      00007 ;  (c) Copyright 1999-2014 Microchip Technology, All rights reserved
                      00008 ;==========================================================================
                      00009 
Message[301]: MESSAGE: (Processor-header file mismatch.  Verify selected processor.)
                      00501         LIST
2007   3D39           00002         __config _XT_OSC & _WDT_OFF & _PWRTE_OFF & _CP_OFF & _BOREN_OFF & _LVP_OFF & _CPD_OFF & _DEBUG_O
                            FF & _WRT_OFF
                      00003         
                      00004         #define DEBUG                                   0x1
                      00005         #define byte_recebido_serial    0x21
                      00006         #define byte_enviar_serial              0x22
                      00007 
                      00008         ORG 0
0000   2???           00009         GOTO    start                              ; go to beginning of program
                      00010         ORG      4
                      00011         ; INTERRUPCOES :
                      00012         ; timer
                      00013 
0004   0009           00014         RETFIE
                      00015 
0005                  00016 start:
                      00017         ; configura todas as portas RB para output
0005   1683 1303      00018         BANKSEL TRISB
0007   3000           00019         MOVLW   B'00000000'      
Message[302]: Register in operand not in bank 0.  Ensure that bank bits are correct.
0008   0086           00020         MOVWF   TRISB
                      00021 
                      00022         ; ligar todas as saidas da porta b
0009   1283 1303      00023         BANKSEL PORTB
000B   3010           00024         MOVLW   0x10
000C   0086           00025         MOVWF   PORTB
                      00026 
000D   2???           00027         CALL    configura_serial
000E   2???           00028         CALL    configura_timer
                      00029 
000F   3000           00030         MOVLW   0x0
0010                  00031 serial_sender:
0010   00A2           00032         MOVWF   byte_enviar_serial
0011   2???           00033         CALL    escrita_serial
Message[305]: Using default destination of 1 (file).
0012   0FA2           00034         INCFSZ  byte_enviar_serial
Message[305]: Using default destination of 1 (file).
0013   0F86           00035         INCFSZ  PORTB
0014   2???           00036         GOTO    serial_sender
                      00037 
0015   2???           00038         GOTO    $       ; security loop forever
MPASM 5.58  /HOME/LUIS/PROJECTS/MICRO/6-T2/G   9-26-2014  16:53:14         PAGE  2


LOC  OBJECT CODE     LINE SOURCE TEXT
  VALUE

                      00039 
                      00040 ; ------------------------------ SECAO SERIAL -----------------------------
0016                  00041 configura_serial:
                      00042                 ; TXSTA: TRANSMIT STATUS AND CONTROL REGISTER (ADDRESS 98h)
                      00043                 ; CSRC: Clock Source Select bit         = 0 (assincrono)
                      00044                 ; TX9: 9-bit Transmit Enable bit        = 0 (sem 9º bit)
                      00045                 ; TXEN: Transmit Enable bit                     = 1 (liga o tx)
                      00046                 ; SYNC: USART Mode Select bit           = 0 (assincrono)
                      00047                 ; U-0 :                                                         = 0     (n/a)
                      00048                 ; BRGH: High Baud Rate Select bit       = 1 (High speed)
                      00049                 ; TRMT: Transmit Status bit                     = 0 (read-only)
                      00050                 ; TX9D: 9th bit                                         = 0 (n/a)
                      00051                 ; TXSTA = 0010 0100
0016   1683 1303      00052                 BANKSEL TXSTA
0018   3024           00053                 MOVLW   B'00100100'
Message[302]: Register in operand not in bank 0.  Ensure that bank bits are correct.
0019   0098           00054                 MOVWF   TXSTA
                      00055 
                      00056                 ; RCSTA: RECEIVE STATUS AND CONTROL REGISTER (ADDRESS 18h)
                      00057                 ; SPEN: Serial Port Enable bit                  = 1 (enable)
                      00058                 ; RX9: 9-bit Receive Enable bit                 = 0 (sem 9º bit)
                      00059                 ; SREN: Single Receive Enable bit               = 0 (N/A)
                      00060                 ; CREN: Continuous Receive Enable bit   = 1 (continuous receive)
                      00061                 ; ADDEN: Address Detect Enable bit              = 0 (N/A)
                      00062                 ; FERR: Framing Error bit                               = 0 (read-only)
                      00063                 ; OERR: Overrun Error bit                               = 0 (read-only)
                      00064                 ; RX9D: 9th bit of Received Data                = 0 (read-only)
                      00065                 ; RCSTA = 1001 0000
001A   1283 1303      00066                 BANKSEL RCSTA
001C   3090           00067                 MOVLW   B'10010000'
001D   0098           00068                 MOVWF   RCSTA
                      00069 
                      00070                 ; SPBRG = 25
                      00071                 ; calculado para 9600 bps
001E   1683 1303      00072                 BANKSEL SPBRG
0020   3019           00073                 MOVLW   D'25'
Message[302]: Register in operand not in bank 0.  Ensure that bank bits are correct.
0021   0099           00074                 MOVWF   SPBRG
0022   0008           00075         RETURN
0023                  00076 leitura_serial:
0023   1283 1303      00077                 BANKSEL PIR1
                      00078                 ; registrador PIR1 contem as flags individuais de cada uma das
                      00079                 ; interrupcoes perifericas
                      00080                 ; bit RCIF indica se o buffer de entrada esta cheio
                      00081                 ; (entrada serial)
0025                  00082 espera_leitura_serial:
0025   1E8C           00083                 BTFSS   PIR1,   RCIF                    ; se bit RCIF do registrador PIR1
                      00084                                                                                 ; ou seja, se tem coisa 
                            a ler
0026   2???           00085                 GOTO    espera_leitura_serial   ; nao chegou byte
0027   1283 1303      00086                 BANKSEL RCREG
0029   081A           00087                 MOVF    RCREG, W                                ; chegou byte
                      00088                 ;BANKSEL        byte_recebido_serial
MPASM 5.58  /HOME/LUIS/PROJECTS/MICRO/6-T2/G   9-26-2014  16:53:14         PAGE  3


LOC  OBJECT CODE     LINE SOURCE TEXT
  VALUE

002A   1283           00089                 BCF             STATUS,         RP0
002B   1303           00090                 BCF             STATUS,         RP1
002C   00A1           00091                 MOVWF   byte_recebido_serial
002D   0008           00092         RETURN
002E                  00093 escrita_serial:
                      00094                 ; TXSTA:        transmit status and control register
                      00095                 ; TRMT:  bit de buffer de escrita cheio
002E   1683 1303      00096                 BANKSEL TXSTA
                      00097                 ; caso ainda nao tenha enviado o que esta no buffer
                      00098                 ; espera o envio (anterior)
0030                  00099 espera_escrita_serial:
                      00100                 ;TRMT: Transmit Shift Register Status bit
                      00101                 ;1 = TSR empty
                      00102                 ;0 = TSR full
Message[302]: Register in operand not in bank 0.  Ensure that bank bits are correct.
0030   1C98           00103                 BTFSS   TXSTA, TRMT                             ; TRMT == 1? ;
0031   2???           00104                 GOTO    espera_escrita_serial   ; buffer cheio, espere
                      00105                 ;BANKSEL        byte_enviar_serial
0032   1283           00106                 BCF             STATUS, RP0
0033   1303           00107                 BCF             STATUS, RP1
0034   0822           00108                 MOVF    byte_enviar_serial,     W       ; pega a variavel
0035   1283 1303      00109                 BANKSEL TXREG
0037   0099           00110                 MOVWF   TXREG                                   ; escreve a variavel para o buffer
0038   0008           00111         RETURN
                      00112 ; ------------------------------ SECAO TIMER -----------------------------
0039                  00113 configura_timer:
                      00114                 ; T = 1ms
                      00115                 ; Fint = 1000 Hz
                      00116                 ; Prescaler = 2:1 (000)
                      00117                 ; TRM0 = 131
                      00118 
                      00119                 ; ATIVA O TIMER
                      00120                 ; OPTION_REG: control bits to configure
                      00121                 ;       the TMR0 prescaler/WDT postscaler (single assign-
                      00122                 ;       able register known also as the prescaler), the External
                      00123                 ;       INT Interrupt, TMR0 and the weak pull-ups on PORTB.
                      00124                 ;       (ADDRESS 81h, 181h)
                      00125                 ;
                      00126                 ; RBPU: PORTB Pull-up Enable bit                = 0 (PORTB pull-ups are enabled by indiv
                            idual port latch values)
                      00127                 ; INTEDG: Interrupt Edge Select bit             = 0 (Interrupt on falling edge of RB0/IN
                            T pin)
                      00128                 ; T0CS: TMR0 Clock Source Select bit    = 0 (Internal instruction cycle clock CLKOUT)
                      00129                 ; T0SE: TMR0 Source Edge Select bit             = 0 (assincrono)
                      00130                 ; PSA: Prescaler Assignment bit                 = 0 (Prescaler is assigned to the Timer0
                             module)
                      00131                 ; PS2:PS0: Prescaler Rate Select bits   = (1:2)
                      00132                 ; PS2                                                                   = 0
                      00133                 ; PS1                                                                   = 0
                      00134                 ; PS0                                                                   = 0
0039   1683 1303      00135                 BANKSEL OPTION_REG
003B   3000           00136                 MOVLW   B'00000000'
Message[302]: Register in operand not in bank 0.  Ensure that bank bits are correct.
MPASM 5.58  /HOME/LUIS/PROJECTS/MICRO/6-T2/G   9-26-2014  16:53:14         PAGE  4


LOC  OBJECT CODE     LINE SOURCE TEXT
  VALUE

003C   0081           00137                 MOVWF   OPTION_REG
                      00138 
                      00139                 ; CONFIGURA A INTERRUPÇÃO
                      00140                 ; INTCON: (ADDRESS 0Bh, 8Bh, 10Bh, 18Bh)
                      00141                 ;       enable and flag bits for the
                      00142                 ;       TMR0 register overflow, RB Port change and External
                      00143                 ;       RB0/INT pin interrupts.
                      00144                 ; GIE: Global Interrupt Enable bit                              = 1 (Enables all unmaske
                            d interrupts)
                      00145                 ; PEIE: Peripheral Interrupt Enable bit                 = x
                      00146                 ; T0IE: TMR0 Overflow Interrupt Enable bit              = 1 (Enables the TMR0 interrupt)
                      00147                 ; INTE: RB0/INT External Interrupt Enable bit   = x
                      00148                 ; RBIE: RB Port Change Interrupt Enable bit             = x
                      00149                 ; T0IF: TMR0 Overflow Interrupt Flag bit                = 0
                      00150                 ; INTF: RB0/INT External Interrupt Flag bit             = x (The RB0/INT external interr
                            upt did not occur)
                      00151                 ; RBIF: RB Port Change Interrupt Flag bit               = x (None of the RB7:RB4 pins ha
                            ve changed state)
                      00152                 ; INTCON = 1010 0000
003D   1283 1303      00153                 BANKSEL INTCON
003F   30A0           00154                 MOVLW   B'10100000'
0040   008B           00155                 MOVWF   INTCON
                      00156 
                      00157                 ; FREQUENCIA DE INTERRUPÇAO DO TIMER
                      00158                 ; (1MHz/4)/64[prescaler]
                      00159                 ; -----------------------
                      00160                 ;               (256 - TMR0)
0041   1283 1303      00161                 BANKSEL TMR0
0043   3083           00162                 MOVLW   D'131'
0044   0081           00163                 MOVWF   TMR0
0045   0008           00164         RETURN
                      00165 
0046   2???           00166         GOTO    $       ; security loop forever
3D39                  00167         END
MPASM 5.58  /HOME/LUIS/PROJECTS/MICRO/6-T2/G   9-26-2014  16:53:14         PAGE  5


SYMBOL TABLE
  LABEL                             VALUE 

ACKDT                             00000005
ACKEN                             00000004
ACKSTAT                           00000006
ADCON0                            0000001F
ADCON1                            0000009F
ADCS0                             00000006
ADCS1                             00000007
ADDEN                             00000003
ADFM                              00000007
ADIE                              00000006
ADIF                              00000006
ADON                              00000000
ADRESH                            0000001E
ADRESL                            0000009E
BCLIE                             00000003
BCLIF                             00000003
BF                                00000000
BRGH                              00000002
C                                 00000000
CCP1CON                           00000017
CCP1IE                            00000002
CCP1IF                            00000002
CCP1M0                            00000000
CCP1M1                            00000001
CCP1M2                            00000002
CCP1M3                            00000003
CCP1X                             00000005
CCP1Y                             00000004
CCP2CON                           0000001D
CCP2IE                            00000000
CCP2IF                            00000000
CCP2M0                            00000000
CCP2M1                            00000001
CCP2M2                            00000002
CCP2M3                            00000003
CCP2X                             00000005
CCP2Y                             00000004
CCPR1                             00000015
CCPR1H                            00000016
CCPR1L                            00000015
CCPR2                             0000001B
CCPR2H                            0000001C
CCPR2L                            0000001B
CHS0                              00000003
CHS1                              00000004
CHS2                              00000005
CKE                               00000006
CKP                               00000004
CREN                              00000004
CSRC                              00000007
D                                 00000005
DATA_ADDRESS                      00000005
DC                                00000001
MPASM 5.58  /HOME/LUIS/PROJECTS/MICRO/6-T2/G   9-26-2014  16:53:14         PAGE  6


SYMBOL TABLE
  LABEL                             VALUE 

DEBUG                             0x1
D_A                               00000005
D_NOT_A                           00000005
EEADR                             0000010D
EEADRH                            0000010F
EECON1                            0000018C
EECON2                            0000018D
EEDATA                            0000010C
EEDATH                            0000010E
EEIE                              00000004
EEIF                              00000004
EEPGD                             00000007
F                                 00000001
FERR                              00000002
FSR                               00000004
GCEN                              00000007
GIE                               00000007
GO                                00000002
GO_DONE                           00000002
GO_NOT_DONE                       00000002
I2C_DATA                          00000005
I2C_READ                          00000002
I2C_START                         00000003
I2C_STOP                          00000004
INDF                              00000000
INTCON                            0000000B
INTE                              00000004
INTEDG                            00000006
INTF                              00000001
IRP                               00000007
NOT_A                             00000005
NOT_ADDRESS                       00000005
NOT_BO                            00000000
NOT_BOR                           00000000
NOT_DONE                          00000002
NOT_PD                            00000003
NOT_POR                           00000001
NOT_RBPU                          00000007
NOT_RC8                           00000006
NOT_T1SYNC                        00000002
NOT_TO                            00000004
NOT_TX8                           00000006
NOT_W                             00000002
NOT_WRITE                         00000002
OERR                              00000001
OPTION_REG                        00000081
P                                 00000004
PCFG0                             00000000
PCFG1                             00000001
PCFG2                             00000002
PCFG3                             00000003
PCL                               00000002
PCLATH                            0000000A
MPASM 5.58  /HOME/LUIS/PROJECTS/MICRO/6-T2/G   9-26-2014  16:53:14         PAGE  7


SYMBOL TABLE
  LABEL                             VALUE 

PCON                              0000008E
PEIE                              00000006
PEN                               00000002
PIE1                              0000008C
PIE2                              0000008D
PIR1                              0000000C
PIR2                              0000000D
PORTA                             00000005
PORTB                             00000006
PORTC                             00000007
PR2                               00000092
PS0                               00000000
PS1                               00000001
PS2                               00000002
PSA                               00000003
R                                 00000002
RA0                               00000000
RA1                               00000001
RA2                               00000002
RA3                               00000003
RA4                               00000004
RA5                               00000005
RB0                               00000000
RB1                               00000001
RB2                               00000002
RB3                               00000003
RB4                               00000004
RB5                               00000005
RB6                               00000006
RB7                               00000007
RBIE                              00000003
RBIF                              00000000
RC0                               00000000
RC1                               00000001
RC2                               00000002
RC3                               00000003
RC4                               00000004
RC5                               00000005
RC6                               00000006
RC7                               00000007
RC8_9                             00000006
RC9                               00000006
RCD8                              00000000
RCEN                              00000003
RCIE                              00000005
RCIF                              00000005
RCREG                             0000001A
RCSTA                             00000018
RD                                00000000
READ_WRITE                        00000002
RP0                               00000005
RP1                               00000006
RSEN                              00000001
MPASM 5.58  /HOME/LUIS/PROJECTS/MICRO/6-T2/G   9-26-2014  16:53:14         PAGE  8


SYMBOL TABLE
  LABEL                             VALUE 

RX9                               00000006
RX9D                              00000000
R_NOT_W                           00000002
R_W                               00000002
S                                 00000003
SEN                               00000000
SMP                               00000007
SPBRG                             00000099
SPEN                              00000007
SREN                              00000005
SSPADD                            00000093
SSPBUF                            00000013
SSPCON                            00000014
SSPCON2                           00000091
SSPEN                             00000005
SSPIE                             00000003
SSPIF                             00000003
SSPM0                             00000000
SSPM1                             00000001
SSPM2                             00000002
SSPM3                             00000003
SSPOV                             00000006
SSPSTAT                           00000094
STATUS                            00000003
SYNC                              00000004
T0CS                              00000005
T0IE                              00000005
T0IF                              00000002
T0SE                              00000004
T1CKPS0                           00000004
T1CKPS1                           00000005
T1CON                             00000010
T1INSYNC                          00000002
T1OSCEN                           00000003
T1SYNC                            00000002
T2CKPS0                           00000000
T2CKPS1                           00000001
T2CON                             00000012
TMR0                              00000001
TMR0IE                            00000005
TMR0IF                            00000002
TMR1                              0000000E
TMR1CS                            00000001
TMR1H                             0000000F
TMR1IE                            00000000
TMR1IF                            00000000
TMR1L                             0000000E
TMR1ON                            00000000
TMR2                              00000011
TMR2IE                            00000001
TMR2IF                            00000001
TMR2ON                            00000002
TOUTPS0                           00000003
MPASM 5.58  /HOME/LUIS/PROJECTS/MICRO/6-T2/G   9-26-2014  16:53:14         PAGE  9


SYMBOL TABLE
  LABEL                             VALUE 

TOUTPS1                           00000004
TOUTPS2                           00000005
TOUTPS3                           00000006
TRISA                             00000085
TRISA0                            00000000
TRISA1                            00000001
TRISA2                            00000002
TRISA3                            00000003
TRISA4                            00000004
TRISA5                            00000005
TRISB                             00000086
TRISB0                            00000000
TRISB1                            00000001
TRISB2                            00000002
TRISB3                            00000003
TRISB4                            00000004
TRISB5                            00000005
TRISB6                            00000006
TRISB7                            00000007
TRISC                             00000087
TRISC0                            00000000
TRISC1                            00000001
TRISC2                            00000002
TRISC3                            00000003
TRISC4                            00000004
TRISC5                            00000005
TRISC6                            00000006
TRISC7                            00000007
TRMT                              00000001
TX8_9                             00000006
TX9                               00000006
TX9D                              00000000
TXD8                              00000000
TXEN                              00000005
TXIE                              00000004
TXIF                              00000004
TXREG                             00000019
TXSTA                             00000098
UA                                00000001
W                                 00000000
WCOL                              00000007
WR                                00000001
WREN                              00000002
WRERR                             00000003
Z                                 00000002
_.org_1_0015                      00000015
_.org_1_0046                      00000046
_BODEN_OFF                        00003FBF
_BODEN_ON                         00003FFF
_BOREN_OFF                        00003FBF
_BOREN_ON                         00003FFF
_CONFIG                           00002007
_CPD_OFF                          00003FFF
MPASM 5.58  /HOME/LUIS/PROJECTS/MICRO/6-T2/G   9-26-2014  16:53:14         PAGE 10


SYMBOL TABLE
  LABEL                             VALUE 

_CPD_ON                           00003EFF
_CP_ALL                           00000FCF
_CP_HALF                          00001FDF
_CP_OFF                           00003FFF
_CP_UPPER_256                     00002FEF
_DEBUG_OFF                        00003FFF
_DEBUG_ON                         000037FF
_DEVID1                           00002006
_FOSC_EXTRC                       00003FFF
_FOSC_HS                          00003FFE
_FOSC_LP                          00003FFC
_FOSC_XT                          00003FFD
_HS_OSC                           00003FFE
_IDLOC0                           00002000
_IDLOC1                           00002001
_IDLOC2                           00002002
_IDLOC3                           00002003
_LP_OSC                           00003FFC
_LVP_OFF                          00003F7F
_LVP_ON                           00003FFF
_PWRTE_OFF                        00003FFF
_PWRTE_ON                         00003FF7
_RC_OSC                           00003FFF
_WDTE_OFF                         00003FFB
_WDTE_ON                          00003FFF
_WDT_OFF                          00003FFB
_WDT_ON                           00003FFF
_WRT_ENABLE_OFF                   00003DFF
_WRT_ENABLE_ON                    00003FFF
_WRT_OFF                          00003DFF
_WRT_ON                           00003FFF
_XT_OSC                           00003FFD
__16F873A                         00000001
__DEBUG                           
__MPLAB_DEBUGGER_PICKIT2          1
byte_enviar_serial                0x22
byte_recebido_serial              0x21
configura_serial                  00000016
configura_timer                   00000039
escrita_serial                    0000002E
espera_escrita_serial             00000030
espera_leitura_serial             00000025
leitura_serial                    00000023
serial_sender                     00000010
start                             00000005

Errors   :     0
Warnings :     0 reported,     0 suppressed
Messages :     8 reported,     0 suppressed

