MPASM 5.55  /HOME/LUIS/PROJETOS/MICRO/3-1-TE   5-23-2014  22:11:18         PAGE  1


LOC  OBJECT CODE     LINE SOURCE TEXT
  VALUE

                      00001 #include<p16f873.inc> ; define o pic a utilizar
                      00001         LIST
                      00002 
                      00003 ;==========================================================================
                      00004 ;  MPASM PIC16F873 processor include
                      00005 ; 
                      00006 ;  (c) Copyright 1999-2014 Microchip Technology, All rights reserved
                      00007 ;==========================================================================
                      00008 
Message[301]: MESSAGE: (Processor-header file mismatch.  Verify selected processor.)
                      00500         LIST
2007   3D39           00002         __config _XT_OSC & _WDT_OFF & _PWRTE_OFF & _CP_OFF & _BOREN_OFF & _LVP_OFF & _CPD_OFF & _DEBUG_O
                            FF & _WRT_OFF
                      00003 
                      00004         #define byte_enviar_serial              0x20
                      00005         #define byte_recebido_serial    0x21
                      00006         #define ad_h                                    0x22
                      00007         #define ad_l                                    0x23
                      00008         #define temperatura                             0x24
                      00009         #define count_l                                 0x25
                      00010         #define count_h                                 0x26
                      00011         #define count_uh                                0x27
                      00012         #define DEBUG                                   0x1
                      00013 
0000                  00014         ORG 0
0000   2805           00015         GOTO    start                              ; go to beginning of program
0004                  00016         ORG      4
                      00017         ;
0004   0009           00018         RETFIE
                      00019 
0005                  00020 start:
0005   2013           00021         CALL    configura_serial
0006   2036           00022         CALL    configura_ad
0007   1683 1303      00023         BANKSEL TRISB
0009   3000           00024         MOVLW   B'00000000'      ; configura todas as portas RB para output
Message[302]: Register in operand not in bank 0.  Ensure that bank bits are correct.
000A   0086           00025         MOVWF   TRISB
                      00026 
                      00027         ; desligar todas as saidas da porta b
000B   1283 1303      00028         BANKSEL PORTB
000D   3000           00029         MOVLW   B'00000000'
000E   0086           00030         MOVWF   PORTB
                      00031 
000F                  00032 loop_leitura_ad:
                      00033 
000F   2043           00034         CALL    leitura_ad                              ; executa leitura AD
                      00035 
0010   300A           00036         MOVLW   0x0a
0011   2060           00037         CALL    delay
0012   280F           00038         GOTO    loop_leitura_ad                           ; loop forever
                      00039 
                      00040 ; -------------------------------------------------------------------------
                      00041 ; ------------------------------ FUNCOES ----------------------------------
MPASM 5.55  /HOME/LUIS/PROJETOS/MICRO/3-1-TE   5-23-2014  22:11:18         PAGE  2


LOC  OBJECT CODE     LINE SOURCE TEXT
  VALUE

                      00042 ; -------------------------------------------------------------------------
                      00043 
                      00044 ; ------------------------------ SECAO SERIAL -----------------------------
0013                  00045 configura_serial:
                      00046                 ; TXSTA: TRANSMIT STATUS AND CONTROL REGISTER (ADDRESS 98h)
                      00047                 ; CSRC: Clock Source Select bit         = 0 (assincrono)
                      00048                 ; TX9: 9-bit Transmit Enable bit        = 0 (sem 9ยบ bit)
                      00049                 ; TXEN: Transmit Enable bit                     = 1 (liga o tx)
                      00050                 ; SYNC: USART Mode Select bit           = 0 (assincrono)
                      00051                 ; U-0 :                                                         = 0     (n/a)
                      00052                 ; BRGH: High Baud Rate Select bit       = 1 (High speed)
                      00053                 ; TRMT: Transmit Status bit                     = 0 (read-only)
                      00054                 ; TX9D: 9th bit                                         = 0 (n/a)
                      00055                 ; TXSTA = 0010 0100
0013   1683 1303      00056                 BANKSEL TXSTA
0015   3024           00057                 MOVLW   B'00100100'
Message[302]: Register in operand not in bank 0.  Ensure that bank bits are correct.
0016   0098           00058                 MOVWF   TXSTA
                      00059 
                      00060                 ; RCSTA: RECEIVE STATUS AND CONTROL REGISTER (ADDRESS 18h)
                      00061                 ; SPEN: Serial Port Enable bit                  = 1 (enable)
                      00062                 ; RX9: 9-bit Receive Enable bit                 = 0 (sem 9ยบ bit)
                      00063                 ; SREN: Single Receive Enable bit               = 0 (N/A)
                      00064                 ; CREN: Continuous Receive Enable bit   = 1 (continuous receive)
                      00065                 ; ADDEN: Address Detect Enable bit              = 0 (N/A)
                      00066                 ; FERR: Framing Error bit                               = 0 (read-only)
                      00067                 ; OERR: Overrun Error bit                               = 0 (read-only)
                      00068                 ; RX9D: 9th bit of Received Data                = 0 (read-only)
                      00069                 ; RCSTA = 1001 0000
0017   1283 1303      00070                 BANKSEL RCSTA
0019   3090           00071                 MOVLW   B'10010000'
001A   0098           00072                 MOVWF   RCSTA
                      00073 
                      00074                 ; SPBRG = 25
                      00075                 ; calculado para 9600 bps
001B   1683 1303      00076                 BANKSEL SPBRG
001D   3019           00077                 MOVLW   D'25'
Message[302]: Register in operand not in bank 0.  Ensure that bank bits are correct.
001E   0099           00078                 MOVWF   SPBRG
001F   0008           00079         RETURN
0020                  00080 leitura_serial:
0020   1283 1303      00081                 BANKSEL PIR1
                      00082                 ; registrador PIR1 contem as flags individuais de cada uma das
                      00083                 ; interrupcoes perifericas
                      00084                 ; bit RCIF indica se o buffer de entrada esta cheio
                      00085                 ; (entrada serial)
0022                  00086 espera_leitura_serial:
0022   1E8C           00087                 BTFSS   PIR1,   RCIF                    ; se bit RCIF do registrador PIR1
                      00088                                                                                 ; ou seja, se tem coisa 
                            a ler
0023   2822           00089                 GOTO    espera_leitura_serial   ; nao chegou byte
0024   1283 1303      00090                 BANKSEL RCREG
0026   081A           00091                 MOVF    RCREG, W                                ; chegou byte
MPASM 5.55  /HOME/LUIS/PROJETOS/MICRO/3-1-TE   5-23-2014  22:11:18         PAGE  3


LOC  OBJECT CODE     LINE SOURCE TEXT
  VALUE

                      00092                 ;BANKSEL        byte_recebido_serial
0027   1283           00093                 BCF             STATUS,         RP0
0028   1303           00094                 BCF             STATUS,         RP1
0029   00A1           00095                 MOVWF   byte_recebido_serial
002A   0008           00096         RETURN
002B                  00097 escrita_serial:
                      00098                 ; TXSTA:        transmit status and control register
                      00099                 ; TRMT:  bit de buffer de escrita cheio
002B   1683 1303      00100                 BANKSEL TXSTA
                      00101                 ; caso ainda nao tenha enviado o que esta no buffer
                      00102                 ; espera o envio (anterior)
002D                  00103 espera_escrita_serial:
                      00104                 ;TRMT: Transmit Shift Register Status bit
                      00105                 ;1 = TSR empty
                      00106                 ;0 = TSR full
Message[302]: Register in operand not in bank 0.  Ensure that bank bits are correct.
002D   1C98           00107                 BTFSS   TXSTA, TRMT                             ; TRMT == 1? ;
002E   282D           00108                 GOTO    espera_escrita_serial   ; buffer cheio, espere
                      00109                 ;BANKSEL        byte_enviar_serial
002F   1283           00110                 BCF             STATUS, RP0
0030   1303           00111                 BCF             STATUS, RP1
0031   0820           00112                 MOVF    byte_enviar_serial,     W       ; pega a variavel
0032   1283 1303      00113                 BANKSEL TXREG
0034   0099           00114                 MOVWF   TXREG                                   ; escreve a variavel para o buffer
0035   0008           00115         RETURN
                      00116 ; ------------------------ SECAO AD --------------------------------------
0036                  00117 configura_ad:
                      00118                 ; PORTA = analogico em AN0
                      00119                 ; TRISA = 0000 0001
0036   1683 1303      00120                 BANKSEL TRISA
0038   3001           00121                 MOVLW   B'00000001'
Message[302]: Register in operand not in bank 0.  Ensure that bank bits are correct.
0039   0085           00122                 MOVWF   TRISA
                      00123 
                      00124                 ; ADCON0 = 01 000 0 0 1
003A   1283 1303      00125                 BANKSEL ADCON0
003C   3041           00126                 MOVLW   B'01000001'
003D   009F           00127                 MOVWF   ADCON0
                      00128 
                      00129                 ; ADCON1 = 0 000 0000
                      00130                 ; ADFM = 0: ajuste a esquerda
                      00131                 ; XXX
                      00132                 ; PCFG = 0000: configuracao geral (muitos bits)
003E   1683 1303      00133                 BANKSEL ADCON1
0040   3080           00134                 MOVLW   B'10000000'
Message[302]: Register in operand not in bank 0.  Ensure that bank bits are correct.
0041   009F           00135                 MOVWF   ADCON1
0042   0008           00136         RETURN
0043                  00137 leitura_ad:
                      00138                 ; inicia conversao
0043   1283 1303      00139                 BANKSEL ADCON0
0045   151F           00140                 BSF             ADCON0, GO_DONE         ; inicia a corvesao
                      00141 
MPASM 5.55  /HOME/LUIS/PROJETOS/MICRO/3-1-TE   5-23-2014  22:11:18         PAGE  4


LOC  OBJECT CODE     LINE SOURCE TEXT
  VALUE

                      00142                 ; espera conversao
0046                  00143 espera_conversao:;;
0046   0000           00144                 NOP
0047   0000           00145                 NOP
0048   0000           00146                 NOP
0049   191F           00147                 BTFSC   ADCON0, GO_DONE         ; bit 2 = GO/DONE,
004A   2846           00148                 GOTO    espera_conversao        ; se nao pronto
                      00149                 ; se pronto
                      00150 
                      00151                 ; copia os valores
004B   1283 1303      00152                 BANKSEL ADRESH
004D   081E           00153                 MOVF    ADRESH,         W
                      00154                 ; envia
004E   1683 1303      00155                 BANKSEL TXSTA
0050                  00156 espera_escrita_serial_1:
Message[302]: Register in operand not in bank 0.  Ensure that bank bits are correct.
0050   1C98           00157                 BTFSS   TXSTA, TRMT                             ; TRMT == 1? ;
0051   2850           00158                 GOTO    espera_escrita_serial_1   ; buffer cheio, espere
0052   1283 1303      00159                 BANKSEL TXREG
0054   0099           00160                 MOVWF   TXREG                                   ; escreve a variavel para o buffer
                      00161 
                      00162 
0055   1683 1303      00163                 BANKSEL ADRESL
Message[302]: Register in operand not in bank 0.  Ensure that bank bits are correct.
0057   081E           00164                 MOVF    ADRESL,         W
                      00165                 ; envia
0058   1683 1303      00166                 BANKSEL TXSTA
005A                  00167 espera_escrita_serial_2:
Message[302]: Register in operand not in bank 0.  Ensure that bank bits are correct.
005A   1C98           00168                 BTFSS   TXSTA, TRMT                             ; TRMT == 1? ;
005B   285A           00169                 GOTO    espera_escrita_serial_2   ; buffer cheio, espere
005C   1283 1303      00170                 BANKSEL TXREG
005E   0099           00171                 MOVWF   TXREG                                   ; escreve a variavel para o buffer
                      00172 
005F   0008           00173         RETURN
                      00174 
0060                  00175 delay:
0060   00A7           00176                 MOVWF   count_uh
0061                  00177 delay_loop_uh:
0061   30FF           00178                 MOVLW   0xff
0062   00A6           00179                 MOVWF   count_h
0063   1283 1303      00180                 BANKSEL PORTB
0065   0086           00181                 MOVWF   PORTB
                      00182                 ; BANKSEL       count_h
0066   1283           00183                 BCF             STATUS, RP0
0067   1303           00184                 BCF             STATUS, RP1
0068                  00185 delay_loop_h:
0068   30FF           00186                 MOVLW   0xff
0069   00A5           00187                 MOVWF   count_l
006A                  00188 delay_loop_l:
Message[305]: Using default destination of 1 (file).
006A   0BA5           00189                 DECFSZ  count_l
006B   286A           00190                 GOTO    delay_loop_l
MPASM 5.55  /HOME/LUIS/PROJETOS/MICRO/3-1-TE   5-23-2014  22:11:18         PAGE  5


LOC  OBJECT CODE     LINE SOURCE TEXT
  VALUE

Message[305]: Using default destination of 1 (file).
006C   0BA6           00191                 DECFSZ  count_h
006D   2868           00192                 GOTO    delay_loop_h
Message[305]: Using default destination of 1 (file).
006E   0BA7           00193                 DECFSZ  count_uh
006F   2861           00194                 GOTO    delay_loop_uh
0070   0008           00195         RETURN
                      00196         END
MPASM 5.55  /HOME/LUIS/PROJETOS/MICRO/3-1-TE   5-23-2014  22:11:18         PAGE  6


SYMBOL TABLE
  LABEL                             VALUE 

ACKDT                             00000005
ACKEN                             00000004
ACKSTAT                           00000006
ADCON0                            0000001F
ADCON1                            0000009F
ADCS0                             00000006
ADCS1                             00000007
ADDEN                             00000003
ADFM                              00000007
ADIE                              00000006
ADIF                              00000006
ADON                              00000000
ADRESH                            0000001E
ADRESL                            0000009E
BCLIE                             00000003
BCLIF                             00000003
BF                                00000000
BRGH                              00000002
C                                 00000000
CCP1CON                           00000017
CCP1IE                            00000002
CCP1IF                            00000002
CCP1M0                            00000000
CCP1M1                            00000001
CCP1M2                            00000002
CCP1M3                            00000003
CCP1X                             00000005
CCP1Y                             00000004
CCP2CON                           0000001D
CCP2IE                            00000000
CCP2IF                            00000000
CCP2M0                            00000000
CCP2M1                            00000001
CCP2M2                            00000002
CCP2M3                            00000003
CCP2X                             00000005
CCP2Y                             00000004
CCPR1                             00000015
CCPR1H                            00000016
CCPR1L                            00000015
CCPR2                             0000001B
CCPR2H                            0000001C
CCPR2L                            0000001B
CHS0                              00000003
CHS1                              00000004
CHS2                              00000005
CKE                               00000006
CKP                               00000004
CREN                              00000004
CSRC                              00000007
D                                 00000005
DATA_ADDRESS                      00000005
DC                                00000001
MPASM 5.55  /HOME/LUIS/PROJETOS/MICRO/3-1-TE   5-23-2014  22:11:18         PAGE  7


SYMBOL TABLE
  LABEL                             VALUE 

DEBUG                             0x1
D_A                               00000005
D_NOT_A                           00000005
EEADR                             0000010D
EEADRH                            0000010F
EECON1                            0000018C
EECON2                            0000018D
EEDATA                            0000010C
EEDATH                            0000010E
EEIE                              00000004
EEIF                              00000004
EEPGD                             00000007
F                                 00000001
FERR                              00000002
FSR                               00000004
GCEN                              00000007
GIE                               00000007
GO                                00000002
GO_DONE                           00000002
GO_NOT_DONE                       00000002
I2C_DATA                          00000005
I2C_READ                          00000002
I2C_START                         00000003
I2C_STOP                          00000004
INDF                              00000000
INTCON                            0000000B
INTE                              00000004
INTEDG                            00000006
INTF                              00000001
IRP                               00000007
NOT_A                             00000005
NOT_ADDRESS                       00000005
NOT_BO                            00000000
NOT_BOR                           00000000
NOT_DONE                          00000002
NOT_PD                            00000003
NOT_POR                           00000001
NOT_RBPU                          00000007
NOT_RC8                           00000006
NOT_T1SYNC                        00000002
NOT_TO                            00000004
NOT_TX8                           00000006
NOT_W                             00000002
NOT_WRITE                         00000002
OERR                              00000001
OPTION_REG                        00000081
P                                 00000004
PCFG0                             00000000
PCFG1                             00000001
PCFG2                             00000002
PCFG3                             00000003
PCL                               00000002
PCLATH                            0000000A
MPASM 5.55  /HOME/LUIS/PROJETOS/MICRO/3-1-TE   5-23-2014  22:11:18         PAGE  8


SYMBOL TABLE
  LABEL                             VALUE 

PCON                              0000008E
PEIE                              00000006
PEN                               00000002
PIE1                              0000008C
PIE2                              0000008D
PIR1                              0000000C
PIR2                              0000000D
PORTA                             00000005
PORTB                             00000006
PORTC                             00000007
PR2                               00000092
PS0                               00000000
PS1                               00000001
PS2                               00000002
PSA                               00000003
R                                 00000002
RA0                               00000000
RA1                               00000001
RA2                               00000002
RA3                               00000003
RA4                               00000004
RA5                               00000005
RB0                               00000000
RB1                               00000001
RB2                               00000002
RB3                               00000003
RB4                               00000004
RB5                               00000005
RB6                               00000006
RB7                               00000007
RBIE                              00000003
RBIF                              00000000
RC0                               00000000
RC1                               00000001
RC2                               00000002
RC3                               00000003
RC4                               00000004
RC5                               00000005
RC6                               00000006
RC7                               00000007
RC8_9                             00000006
RC9                               00000006
RCD8                              00000000
RCEN                              00000003
RCIE                              00000005
RCIF                              00000005
RCREG                             0000001A
RCSTA                             00000018
RD                                00000000
READ_WRITE                        00000002
RP0                               00000005
RP1                               00000006
RSEN                              00000001
MPASM 5.55  /HOME/LUIS/PROJETOS/MICRO/3-1-TE   5-23-2014  22:11:18         PAGE  9


SYMBOL TABLE
  LABEL                             VALUE 

RX9                               00000006
RX9D                              00000000
R_NOT_W                           00000002
R_W                               00000002
S                                 00000003
SEN                               00000000
SMP                               00000007
SPBRG                             00000099
SPEN                              00000007
SREN                              00000005
SSPADD                            00000093
SSPBUF                            00000013
SSPCON                            00000014
SSPCON2                           00000091
SSPEN                             00000005
SSPIE                             00000003
SSPIF                             00000003
SSPM0                             00000000
SSPM1                             00000001
SSPM2                             00000002
SSPM3                             00000003
SSPOV                             00000006
SSPSTAT                           00000094
STATUS                            00000003
SYNC                              00000004
T0CS                              00000005
T0IE                              00000005
T0IF                              00000002
T0SE                              00000004
T1CKPS0                           00000004
T1CKPS1                           00000005
T1CON                             00000010
T1INSYNC                          00000002
T1OSCEN                           00000003
T1SYNC                            00000002
T2CKPS0                           00000000
T2CKPS1                           00000001
T2CON                             00000012
TMR0                              00000001
TMR0IE                            00000005
TMR0IF                            00000002
TMR1                              0000000E
TMR1CS                            00000001
TMR1H                             0000000F
TMR1IE                            00000000
TMR1IF                            00000000
TMR1L                             0000000E
TMR1ON                            00000000
TMR2                              00000011
TMR2IE                            00000001
TMR2IF                            00000001
TMR2ON                            00000002
TOUTPS0                           00000003
MPASM 5.55  /HOME/LUIS/PROJETOS/MICRO/3-1-TE   5-23-2014  22:11:18         PAGE 10


SYMBOL TABLE
  LABEL                             VALUE 

TOUTPS1                           00000004
TOUTPS2                           00000005
TOUTPS3                           00000006
TRISA                             00000085
TRISA0                            00000000
TRISA1                            00000001
TRISA2                            00000002
TRISA3                            00000003
TRISA4                            00000004
TRISA5                            00000005
TRISB                             00000086
TRISB0                            00000000
TRISB1                            00000001
TRISB2                            00000002
TRISB3                            00000003
TRISB4                            00000004
TRISB5                            00000005
TRISB6                            00000006
TRISB7                            00000007
TRISC                             00000087
TRISC0                            00000000
TRISC1                            00000001
TRISC2                            00000002
TRISC3                            00000003
TRISC4                            00000004
TRISC5                            00000005
TRISC6                            00000006
TRISC7                            00000007
TRMT                              00000001
TX8_9                             00000006
TX9                               00000006
TX9D                              00000000
TXD8                              00000000
TXEN                              00000005
TXIE                              00000004
TXIF                              00000004
TXREG                             00000019
TXSTA                             00000098
UA                                00000001
W                                 00000000
WCOL                              00000007
WR                                00000001
WREN                              00000002
WRERR                             00000003
Z                                 00000002
_BODEN_OFF                        00003FBF
_BODEN_ON                         00003FFF
_BOREN_OFF                        00003FBF
_BOREN_ON                         00003FFF
_CONFIG                           00002007
_CPD_OFF                          00003FFF
_CPD_ON                           00003EFF
_CP_ALL                           00000FCF
MPASM 5.55  /HOME/LUIS/PROJETOS/MICRO/3-1-TE   5-23-2014  22:11:18         PAGE 11


SYMBOL TABLE
  LABEL                             VALUE 

_CP_HALF                          00001FDF
_CP_OFF                           00003FFF
_CP_UPPER_256                     00002FEF
_DEBUG_OFF                        00003FFF
_DEBUG_ON                         000037FF
_DEVID1                           00002006
_FOSC_EXTRC                       00003FFF
_FOSC_HS                          00003FFE
_FOSC_LP                          00003FFC
_FOSC_XT                          00003FFD
_HS_OSC                           00003FFE
_IDLOC0                           00002000
_IDLOC1                           00002001
_IDLOC2                           00002002
_IDLOC3                           00002003
_LP_OSC                           00003FFC
_LVP_OFF                          00003F7F
_LVP_ON                           00003FFF
_PWRTE_OFF                        00003FFF
_PWRTE_ON                         00003FF7
_RC_OSC                           00003FFF
_WDTE_OFF                         00003FFB
_WDTE_ON                          00003FFF
_WDT_OFF                          00003FFB
_WDT_ON                           00003FFF
_WRT_ENABLE_OFF                   00003DFF
_WRT_ENABLE_ON                    00003FFF
_WRT_OFF                          00003DFF
_WRT_ON                           00003FFF
_XT_OSC                           00003FFD
__16F873A                         00000001
ad_h                              0x22
ad_l                              0x23
byte_enviar_serial                0x20
byte_recebido_serial              0x21
configura_ad                      00000036
configura_serial                  00000013
count_h                           0x26
count_l                           0x25
count_uh                          0x27
delay                             00000060
delay_loop_h                      00000068
delay_loop_l                      0000006A
delay_loop_uh                     00000061
escrita_serial                    0000002B
espera_conversao                  00000046
espera_escrita_serial             0000002D
espera_escrita_serial_1           00000050
espera_escrita_serial_2           0000005A
espera_leitura_serial             00000022
leitura_ad                        00000043
leitura_serial                    00000020
loop_leitura_ad                   0000000F
MPASM 5.55  /HOME/LUIS/PROJETOS/MICRO/3-1-TE   5-23-2014  22:11:18         PAGE 12


SYMBOL TABLE
  LABEL                             VALUE 

start                             00000005
temperatura                       0x24


MEMORY USAGE MAP ('X' = Used,  '-' = Unused)

0000 : X---XXXXXXXXXXXX XXXXXXXXXXXXXXXX XXXXXXXXXXXXXXXX XXXXXXXXXXXXXXXX
0040 : XXXXXXXXXXXXXXXX XXXXXXXXXXXXXXXX XXXXXXXXXXXXXXXX X---------------
2000 : -------X-------- ---------------- ---------------- ----------------

All other memory blocks unused.

Program Memory Words Used:   110
Program Memory Words Free:  3986


Errors   :     0
Warnings :     0 reported,     0 suppressed
Messages :    13 reported,     0 suppressed

